#
# There is insufficient memory for the Java Runtime Environment to continue.
# Native memory allocation (malloc) failed to allocate 969856 bytes. Error detail: Chunk::new
# Possible reasons:
#   The system is out of physical RAM or swap space
#   This process is running with CompressedOops enabled, and the Java Heap may be blocking the growth of the native heap
# Possible solutions:
#   Reduce memory load on the system
#   Increase physical memory or swap space
#   Check if swap backing store is full
#   Decrease Java heap size (-Xmx/-Xms)
#   Decrease number of Java threads
#   Decrease Java thread stack sizes (-Xss)
#   Set larger code cache with -XX:ReservedCodeCacheSize=
#   JVM is running with Unscaled Compressed Oops mode in which the Java heap is
#     placed in the first 4GB address space. The Java Heap base address is the
#     maximum limit for the native heap growth. Please use -XX:HeapBaseMinAddress
#     to set the Java Heap base and to place the Java Heap above 4GB virtual address.
# This output file may be truncated or incomplete.
#
#  Out of Memory Error (arena.cpp:191), pid=15432, tid=1412
#
# JRE version: OpenJDK Runtime Environment Temurin-17.0.12+7 (17.0.12+7) (build 17.0.12+7)
# Java VM: OpenJDK 64-Bit Server VM Temurin-17.0.12+7 (17.0.12+7, mixed mode, tiered, compressed oops, compressed class ptrs, parallel gc, windows-amd64)
# No core dump will be written. Minidumps are not enabled by default on client versions of Windows
#

---------------  S U M M A R Y ------------

Command Line: --add-modules=ALL-SYSTEM --add-opens=java.base/java.util=ALL-UNNAMED --add-opens=java.base/java.lang=ALL-UNNAMED --add-opens=java.base/sun.nio.fs=ALL-UNNAMED -Declipse.application=org.eclipse.jdt.ls.core.id1 -Dosgi.bundles.defaultStartLevel=4 -Declipse.product=org.eclipse.jdt.ls.core.product -Djava.import.generatesMetadataFilesAtProjectRoot=false -DDetectVMInstallationsJob.disabled=true -Dfile.encoding=utf8 -XX:+UseParallelGC -XX:GCTimeRatio=4 -XX:AdaptiveSizePolicyWeight=90 -Dsun.zip.disableMemoryMapping=true -Xmx1G -Xms100m -Xlog:disable -javaagent:c:\Users\Tanmoy\.vscode\extensions\redhat.java-1.35.1-win32-x64\lombok\lombok-1.18.33.jar -XX:+HeapDumpOnOutOfMemoryError -XX:HeapDumpPath=c:\Users\Tanmoy\AppData\Roaming\Code\User\workspaceStorage\184b04e5a2089e87458e5613a067ce45\redhat.java -Daether.dependencyCollector.impl=bf c:\Users\Tanmoy\.vscode\extensions\redhat.java-1.35.1-win32-x64\server\plugins\org.eclipse.equinox.launcher_1.6.900.v20240613-2009.jar -configuration c:\Users\Tanmoy\AppData\Roaming\Code\User\globalStorage\redhat.java\1.35.1\config_win -data c:\Users\Tanmoy\AppData\Roaming\Code\User\workspaceStorage\184b04e5a2089e87458e5613a067ce45\redhat.java\jdt_ws --pipe=\\.\pipe\lsp-119420e5591ec98b4f6a21343d9369b3-sock

Host: AMD Ryzen 5 3550H with Radeon Vega Mobile Gfx  , 8 cores, 13G,  Windows 10 , 64 bit Build 19041 (10.0.19041.4717)
Time: Wed Oct  9 10:12:29 2024 India Standard Time elapsed time: 23.293773 seconds (0d 0h 0m 23s)

---------------  T H R E A D  ---------------

Current thread (0x000002899ed03530):  JavaThread "C2 CompilerThread2" daemon [_thread_in_native, id=1412, stack(0x000000ce66a00000,0x000000ce66b00000)]


Current CompileTask:
C2:  23293 8075 % !   4       org.eclipse.jdt.internal.compiler.classfmt.ClassFileReader::<init> @ 683 (2151 bytes)

Stack: [0x000000ce66a00000,0x000000ce66b00000]
Native frames: (J=compiled Java code, j=interpreted, Vv=VM code, C=native code)
V  [jvm.dll+0x67f929]
V  [jvm.dll+0x8371ba]
V  [jvm.dll+0x838c7e]
V  [jvm.dll+0x8392e3]
V  [jvm.dll+0x24834f]
V  [jvm.dll+0xac9d4]
V  [jvm.dll+0xad01c]
V  [jvm.dll+0x2af96f]
V  [jvm.dll+0x5868d7]
V  [jvm.dll+0x2231c2]
V  [jvm.dll+0x2235bf]
V  [jvm.dll+0x21c6e0]
V  [jvm.dll+0x219be1]
V  [jvm.dll+0x1a58bd]
V  [jvm.dll+0x229a2d]
V  [jvm.dll+0x227bdc]
V  [jvm.dll+0x7ec1f7]
V  [jvm.dll+0x7e65dc]
V  [jvm.dll+0x67e7f7]
C  [ucrtbase.dll+0x21bb2]
C  [KERNEL32.DLL+0x17374]
C  [ntdll.dll+0x4cc91]


---------------  P R O C E S S  ---------------

Threads class SMR info:
_java_thread_list=0x000002899f8d8000, length=48, elements={
0x0000028984ace600, 0x000002899895e3d0, 0x000002899dbe3f30, 0x000002899dc0c160,
0x000002899dc0ef00, 0x000002899dc11aa0, 0x000002899dc13780, 0x000002899dc14bd0,
0x000002899dc16610, 0x000002899dc22850, 0x000002899dd57790, 0x000002899dd91d30,
0x000002899ef5c240, 0x000002899f869530, 0x000002899f5bced0, 0x000002899eebd800,
0x000002899fc4a200, 0x000002899fc4b130, 0x000002899fc4ac20, 0x000002899fc47980,
0x000002899fc48dc0, 0x000002899fc492d0, 0x000002899fc483a0, 0x000002899fc47e90,
0x000002899fc497e0, 0x000002899fc488b0, 0x000002899fe88640, 0x000002899fe85dc0,
0x000002899fe8a4a0, 0x000002899fe87c20, 0x000002899fe83a50, 0x000002899fe89060,
0x000002899fe83f60, 0x000002899fe89a80, 0x000002899fe89f90, 0x000002899fe867e0,
0x000002899ed04fc0, 0x000002899ed03530, 0x000002899fe8b3d0, 0x000002899fe8a9b0,
0x000002899fe89570, 0x000002899fe8aec0, 0x000002899fe84470, 0x000002899fe88130,
0x000002899fe88b50, 0x000002899fc4a710, 0x000002899fc49cf0, 0x00000289a2524b40
}

Java Threads: ( => current thread )
  0x0000028984ace600 JavaThread "main" [_thread_blocked, id=18136, stack(0x000000ce64a00000,0x000000ce64b00000)]
  0x000002899895e3d0 JavaThread "Reference Handler" daemon [_thread_blocked, id=16372, stack(0x000000ce64d00000,0x000000ce64e00000)]
  0x000002899dbe3f30 JavaThread "Finalizer" daemon [_thread_blocked, id=8360, stack(0x000000ce64e00000,0x000000ce64f00000)]
  0x000002899dc0c160 JavaThread "Signal Dispatcher" daemon [_thread_blocked, id=1072, stack(0x000000ce64f00000,0x000000ce65000000)]
  0x000002899dc0ef00 JavaThread "Attach Listener" daemon [_thread_blocked, id=17208, stack(0x000000ce65000000,0x000000ce65100000)]
  0x000002899dc11aa0 JavaThread "Service Thread" daemon [_thread_blocked, id=13188, stack(0x000000ce65100000,0x000000ce65200000)]
  0x000002899dc13780 JavaThread "Monitor Deflation Thread" daemon [_thread_blocked, id=16560, stack(0x000000ce65200000,0x000000ce65300000)]
  0x000002899dc14bd0 JavaThread "C2 CompilerThread0" daemon [_thread_blocked, id=4912, stack(0x000000ce65300000,0x000000ce65400000)]
  0x000002899dc16610 JavaThread "C1 CompilerThread0" daemon [_thread_blocked, id=17432, stack(0x000000ce65400000,0x000000ce65500000)]
  0x000002899dc22850 JavaThread "Sweeper thread" daemon [_thread_blocked, id=15868, stack(0x000000ce65500000,0x000000ce65600000)]
  0x000002899dd57790 JavaThread "Common-Cleaner" daemon [_thread_blocked, id=11776, stack(0x000000ce65600000,0x000000ce65700000)]
  0x000002899dd91d30 JavaThread "Notification Thread" daemon [_thread_blocked, id=2900, stack(0x000000ce65700000,0x000000ce65800000)]
  0x000002899ef5c240 JavaThread "Active Thread: Equinox Container: 57e9ae28-e5eb-4379-ba98-af871d1e6b49" [_thread_blocked, id=16884, stack(0x000000ce66000000,0x000000ce66100000)]
  0x000002899f869530 JavaThread "Framework Event Dispatcher: Equinox Container: 57e9ae28-e5eb-4379-ba98-af871d1e6b49" daemon [_thread_blocked, id=13504, stack(0x000000ce66200000,0x000000ce66300000)]
  0x000002899f5bced0 JavaThread "Start Level: Equinox Container: 57e9ae28-e5eb-4379-ba98-af871d1e6b49" daemon [_thread_blocked, id=1028, stack(0x000000ce66300000,0x000000ce66400000)]
  0x000002899eebd800 JavaThread "Bundle File Closer" daemon [_thread_blocked, id=8384, stack(0x000000ce65f00000,0x000000ce66000000)]
  0x000002899fc4a200 JavaThread "SCR Component Actor" daemon [_thread_blocked, id=13196, stack(0x000000ce66400000,0x000000ce66500000)]
  0x000002899fc4b130 JavaThread "Worker-JM" [_thread_blocked, id=8992, stack(0x000000ce66700000,0x000000ce66800000)]
  0x000002899fc4ac20 JavaThread "JNA Cleaner" daemon [_thread_blocked, id=13336, stack(0x000000ce66600000,0x000000ce66700000)]
  0x000002899fc47980 JavaThread "Worker-0: Processing JDT Change Events" [_thread_blocked, id=12392, stack(0x000000ce66800000,0x000000ce66900000)]
  0x000002899fc48dc0 JavaThread "Worker-1: Initialize workspace" [_thread_blocked, id=8152, stack(0x000000ce66900000,0x000000ce66a00000)]
  0x000002899fc492d0 JavaThread "Worker-2" [_thread_blocked, id=16268, stack(0x000000ce66c00000,0x000000ce66d00000)]
  0x000002899fc483a0 JavaThread "Java indexing" daemon [_thread_blocked, id=9500, stack(0x000000ce66d00000,0x000000ce66e00000)]
  0x000002899fc47e90 JavaThread "Thread-2" daemon [_thread_in_native, id=13004, stack(0x000000ce67000000,0x000000ce67100000)]
  0x000002899fc497e0 JavaThread "Thread-3" daemon [_thread_in_native, id=12224, stack(0x000000ce67100000,0x000000ce67200000)]
  0x000002899fc488b0 JavaThread "Thread-4" daemon [_thread_in_native, id=14560, stack(0x000000ce67200000,0x000000ce67300000)]
  0x000002899fe88640 JavaThread "Thread-5" daemon [_thread_in_native, id=3544, stack(0x000000ce67300000,0x000000ce67400000)]
  0x000002899fe85dc0 JavaThread "Thread-6" daemon [_thread_in_native, id=13176, stack(0x000000ce67400000,0x000000ce67500000)]
  0x000002899fe8a4a0 JavaThread "Thread-7" daemon [_thread_in_native, id=1796, stack(0x000000ce67500000,0x000000ce67600000)]
  0x000002899fe87c20 JavaThread "Thread-8" daemon [_thread_in_native, id=1372, stack(0x000000ce67600000,0x000000ce67700000)]
  0x000002899fe83a50 JavaThread "Thread-9" daemon [_thread_in_native, id=4768, stack(0x000000ce67700000,0x000000ce67800000)]
  0x000002899fe89060 JavaThread "Thread-10" daemon [_thread_in_native, id=17780, stack(0x000000ce67800000,0x000000ce67900000)]
  0x000002899fe83f60 JavaThread "pool-2-thread-1" [_thread_blocked, id=16432, stack(0x000000ce67900000,0x000000ce67a00000)]
  0x000002899fe89a80 JavaThread "WorkspaceEventsHandler" [_thread_blocked, id=9056, stack(0x000000ce67a00000,0x000000ce67b00000)]
  0x000002899fe89f90 JavaThread "pool-1-thread-1" [_thread_blocked, id=16428, stack(0x000000ce67b00000,0x000000ce67c00000)]
  0x000002899fe867e0 JavaThread "Worker-3: Building" [_thread_blocked, id=9096, stack(0x000000ce67c00000,0x000000ce67d00000)]
  0x000002899ed04fc0 JavaThread "C2 CompilerThread1" daemon [_thread_blocked, id=11968, stack(0x000000ce66500000,0x000000ce66600000)]
=>0x000002899ed03530 JavaThread "C2 CompilerThread2" daemon [_thread_in_native, id=1412, stack(0x000000ce66a00000,0x000000ce66b00000)]
  0x000002899fe8b3d0 JavaThread "Worker-4: Java indexing... " [_thread_blocked, id=14100, stack(0x000000ce66b00000,0x000000ce66c00000)]
  0x000002899fe8a9b0 JavaThread "Worker-5" [_thread_blocked, id=13832, stack(0x000000ce67d00000,0x000000ce67e00000)]
  0x000002899fe89570 JavaThread "Worker-6" [_thread_blocked, id=15856, stack(0x000000ce67e00000,0x000000ce67f00000)]
  0x000002899fe8aec0 JavaThread "Worker-7" [_thread_blocked, id=13156, stack(0x000000ce67f00000,0x000000ce68000000)]
  0x000002899fe84470 JavaThread "Worker-8" [_thread_blocked, id=15348, stack(0x000000ce68000000,0x000000ce68100000)]
  0x000002899fe88130 JavaThread "Compiler Source File Reader" daemon [_thread_blocked, id=12624, stack(0x000000ce68100000,0x000000ce68200000)]
  0x000002899fe88b50 JavaThread "Compiler Source File Reader" daemon [_thread_blocked, id=18028, stack(0x000000ce68200000,0x000000ce68300000)]
  0x000002899fc4a710 JavaThread "Compiler Source File Reader" daemon [_thread_blocked, id=18068, stack(0x000000ce68300000,0x000000ce68400000)]
  0x000002899fc49cf0 JavaThread "Compiler Source File Reader" daemon [_thread_blocked, id=2948, stack(0x000000ce68400000,0x000000ce68500000)]
  0x00000289a2524b40 JavaThread "Compiler Source File Reader" daemon [_thread_blocked, id=8476, stack(0x000000ce68500000,0x000000ce68600000)]

Other Threads:
  0x0000028998958f70 VMThread "VM Thread" [stack: 0x000000ce64c00000,0x000000ce64d00000] [id=3516]
  0x000002899dd92210 WatcherThread [stack: 0x000000ce65800000,0x000000ce65900000] [id=17972]
  0x0000028984ae3100 GCTaskThread "GC Thread#0" [stack: 0x000000ce64b00000,0x000000ce64c00000] [id=1508]
  0x000002899df06e00 GCTaskThread "GC Thread#1" [stack: 0x000000ce65900000,0x000000ce65a00000] [id=4028]
  0x000002899f568c30 GCTaskThread "GC Thread#2" [stack: 0x000000ce65a00000,0x000000ce65b00000] [id=7140]
  0x000002899ef34b40 GCTaskThread "GC Thread#3" [stack: 0x000000ce65b00000,0x000000ce65c00000] [id=8268]
  0x000002899ef34e00 GCTaskThread "GC Thread#4" [stack: 0x000000ce65c00000,0x000000ce65d00000] [id=6028]
  0x000002899f18eaf0 GCTaskThread "GC Thread#5" [stack: 0x000000ce65d00000,0x000000ce65e00000] [id=8032]
  0x000002899f18edb0 GCTaskThread "GC Thread#6" [stack: 0x000000ce65e00000,0x000000ce65f00000] [id=9308]
  0x00000289828faf60 GCTaskThread "GC Thread#7" [stack: 0x000000ce66100000,0x000000ce66200000] [id=5624]

Threads with active compile tasks:
C2 CompilerThread0    23353 8150       4       jdk.internal.module.SystemModuleFinders$SystemModuleReader::find (59 bytes)
C2 CompilerThread1    23353 7954       4       org.eclipse.jdt.internal.core.search.indexing.BinaryIndexer::extractReferenceFromConstantPool (358 bytes)
C2 CompilerThread2    23353 8075 % !   4       org.eclipse.jdt.internal.compiler.classfmt.ClassFileReader::<init> @ 683 (2151 bytes)

VM state: at safepoint (normal execution)

VM Mutex/Monitor currently owned by a thread:  ([mutex/lock_event])
[0x0000028984ac94b0] Threads_lock - owner thread: 0x0000028998958f70
[0x0000028984ac8850] Heap_lock - owner thread: 0x000002899fe89f90

Heap address: 0x00000000c0000000, size: 1024 MB, Compressed Oops mode: 32-bit

CDS archive(s) not mapped
Compressed class space mapped at: 0x0000000100000000-0x0000000140000000, reserved size: 1073741824
Narrow klass base: 0x0000000000000000, Narrow klass shift: 3, Narrow klass range: 0x140000000

GC Precious Log:
 CPUs: 8 total, 8 available
 Memory: 14213M
 Large Page Support: Disabled
 NUMA Support: Disabled
 Compressed Oops: Enabled (32-bit)
 Alignments: Space 512K, Generation 512K, Heap 2M
 Heap Min Capacity: 100M
 Heap Initial Capacity: 100M
 Heap Max Capacity: 1G
 Pre-touch: Disabled
 Parallel Workers: 8

Heap:
 PSYoungGen      total 15872K, used 2980K [0x00000000eab00000, 0x00000000ec000000, 0x0000000100000000)
  eden space 12800K, 0% used [0x00000000eab00000,0x00000000eab00000,0x00000000eb780000)
  from space 3072K, 97% used [0x00000000ebd00000,0x00000000ebfe9008,0x00000000ec000000)
  to   space 4096K, 0% used [0x00000000eb800000,0x00000000eb800000,0x00000000ebc00000)
 ParOldGen       total 68608K, used 67955K [0x00000000c0000000, 0x00000000c4300000, 0x00000000eab00000)
  object space 68608K, 99% used [0x00000000c0000000,0x00000000c425ce18,0x00000000c4300000)
 Metaspace       used 60386K, committed 61568K, reserved 1114112K
  class space    used 6439K, committed 6976K, reserved 1048576K

Card table byte_map: [0x0000028984460000,0x0000028984670000] _byte_map_base: 0x0000028983e60000

Marking Bits: (ParMarkBitMap*) 0x00007ffbce5958b0
 Begin Bits: [0x0000028996760000, 0x0000028997760000)
 End Bits:   [0x0000028997760000, 0x0000028998760000)

Polling page: 0x0000028982a40000

Metaspace:

Usage:
  Non-class:     52.68 MB used.
      Class:      6.29 MB used.
       Both:     58.97 MB used.

Virtual space:
  Non-class space:       64.00 MB reserved,      53.31 MB ( 83%) committed,  1 nodes.
      Class space:        1.00 GB reserved,       6.81 MB ( <1%) committed,  1 nodes.
             Both:        1.06 GB reserved,      60.12 MB (  6%) committed. 

Chunk freelists:
   Non-Class:  10.06 MB
       Class:  9.23 MB
        Both:  19.30 MB

MaxMetaspaceSize: unlimited
CompressedClassSpaceSize: 1.00 GB
Initial GC threshold: 21.00 MB
Current GC threshold: 97.31 MB
CDS: off
MetaspaceReclaimPolicy: balanced
 - commit_granule_bytes: 65536.
 - commit_granule_words: 8192.
 - virtual_space_node_default_size: 8388608.
 - enlarge_chunks_in_place: 1.
 - new_chunks_are_fully_committed: 0.
 - uncommit_free_chunks: 1.
 - use_allocation_guard: 0.
 - handle_deallocations: 1.


Internal statistics:

num_allocs_failed_limit: 9.
num_arena_births: 794.
num_arena_deaths: 14.
num_vsnodes_births: 2.
num_vsnodes_deaths: 0.
num_space_committed: 962.
num_space_uncommitted: 0.
num_chunks_returned_to_freelist: 23.
num_chunks_taken_from_freelist: 3257.
num_chunk_merges: 12.
num_chunk_splits: 1982.
num_chunks_enlarged: 1108.
num_inconsistent_stats: 0.

CodeHeap 'non-profiled nmethods': size=120000Kb used=4374Kb max_used=4374Kb free=115625Kb
 bounds [0x000002898f230000, 0x000002898f680000, 0x0000028996760000]
CodeHeap 'profiled nmethods': size=120000Kb used=15659Kb max_used=15659Kb free=104340Kb
 bounds [0x0000028987760000, 0x00000289886b0000, 0x000002898ec90000]
CodeHeap 'non-nmethods': size=5760Kb used=1338Kb max_used=1413Kb free=4421Kb
 bounds [0x000002898ec90000, 0x000002898ef00000, 0x000002898f230000]
 total_blobs=7971 nmethods=7303 adapters=580
 compilation: enabled
              stopped_count=0, restarted_count=0
 full_count=0

Compilation events (20 events):
Event: 23.194 Thread 0x000002899dc16610 8143       3       org.eclipse.core.internal.resources.Resource::exists (24 bytes)
Event: 23.194 Thread 0x000002899dc16610 nmethod 8143 0x00000289886a7590 code [0x00000289886a7740, 0x00000289886a7aa8]
Event: 23.204 Thread 0x000002899dc16610 8144       2       org.eclipse.jdt.ls.core.internal.handlers.SourceAttachUpdateHandler::processDelta (111 bytes)
Event: 23.205 Thread 0x000002899dc16610 nmethod 8144 0x00000289886a7b90 code [0x00000289886a7d80, 0x00000289886a81a8]
Event: 23.205 Thread 0x000002899dc16610 8145       2       org.eclipse.jdt.ls.core.internal.handlers.SourceAttachUpdateHandler::isClasspathChangedEvent (16 bytes)
Event: 23.205 Thread 0x000002899dc16610 nmethod 8145 0x00000289886a8490 code [0x00000289886a8620, 0x00000289886a8798]
Event: 23.223 Thread 0x000002899dc16610 8146       2       sun.reflect.generics.parser.SignatureParser::parseZeroOrMoreFormalTypeParameters (19 bytes)
Event: 23.223 Thread 0x000002899dc16610 nmethod 8146 0x00000289886a8890 code [0x00000289886a8a40, 0x00000289886a8c58]
Event: 23.223 Thread 0x000002899dc16610 8147       3       java.util.TreeMap::containsKey (14 bytes)
Event: 23.224 Thread 0x000002899dc16610 nmethod 8147 0x00000289886a8d10 code [0x00000289886a8ec0, 0x00000289886a9068]
Event: 23.230 Thread 0x000002899dc16610 8148       2       sun.net.www.MessageHeader::grow (92 bytes)
Event: 23.230 Thread 0x000002899dc16610 nmethod 8148 0x00000289886a9110 code [0x00000289886a92c0, 0x00000289886a96d8]
Event: 23.234 Thread 0x000002899dc16610 8149       2       sun.net.www.URLConnection::<init> (22 bytes)
Event: 23.234 Thread 0x000002899dc16610 nmethod 8149 0x00000289886a9810 code [0x00000289886a99c0, 0x00000289886a9b98]
Event: 23.257 Thread 0x000002899dc16610 8152       2       sun.net.www.protocol.jar.URLJarFile::getEntry (69 bytes)
Event: 23.259 Thread 0x000002899dc16610 nmethod 8152 0x00000289886a9c90 code [0x00000289886a9f00, 0x00000289886aa5d8]
Event: 23.286 Thread 0x000002899dc14bd0 nmethod 8055 0x000002898f66f810 code [0x000002898f66fb40, 0x000002898f6738c8]
Event: 23.286 Thread 0x000002899dc14bd0 8150       4       jdk.internal.module.SystemModuleFinders$SystemModuleReader::find (59 bytes)
Event: 23.286 Thread 0x000002899dc16610 8153       2       sun.net.www.protocol.jar.URLJarFile::isFileURL (50 bytes)
Event: 23.287 Thread 0x000002899dc16610 nmethod 8153 0x00000289886aaa10 code [0x00000289886aabe0, 0x00000289886aade8]

GC Heap History (20 events):
Event: 21.567 GC heap before
{Heap before GC invocations=39 (full 2):
 PSYoungGen      total 14336K, used 14328K [0x00000000eab00000, 0x00000000ebf00000, 0x0000000100000000)
  eden space 12800K, 100% used [0x00000000eab00000,0x00000000eb780000,0x00000000eb780000)
  from space 1536K, 99% used [0x00000000eba80000,0x00000000ebbfe1d8,0x00000000ebc00000)
  to   space 3072K, 0% used [0x00000000eb780000,0x00000000eb780000,0x00000000eba80000)
 ParOldGen       total 68608K, used 57366K [0x00000000c0000000, 0x00000000c4300000, 0x00000000eab00000)
  object space 68608K, 83% used [0x00000000c0000000,0x00000000c3805ae8,0x00000000c4300000)
 Metaspace       used 58126K, committed 59264K, reserved 1114112K
  class space    used 6221K, committed 6720K, reserved 1048576K
}
Event: 21.573 GC heap after
{Heap after GC invocations=39 (full 2):
 PSYoungGen      total 14336K, used 1186K [0x00000000eab00000, 0x00000000ebb80000, 0x0000000100000000)
  eden space 12800K, 0% used [0x00000000eab00000,0x00000000eab00000,0x00000000eb780000)
  from space 1536K, 77% used [0x00000000eb780000,0x00000000eb8a89e8,0x00000000eb900000)
  to   space 2048K, 0% used [0x00000000eb980000,0x00000000eb980000,0x00000000ebb80000)
 ParOldGen       total 68608K, used 58742K [0x00000000c0000000, 0x00000000c4300000, 0x00000000eab00000)
  object space 68608K, 85% used [0x00000000c0000000,0x00000000c395d920,0x00000000c4300000)
 Metaspace       used 58126K, committed 59264K, reserved 1114112K
  class space    used 6221K, committed 6720K, reserved 1048576K
}
Event: 21.620 GC heap before
{Heap before GC invocations=40 (full 2):
 PSYoungGen      total 14336K, used 13986K [0x00000000eab00000, 0x00000000ebb80000, 0x0000000100000000)
  eden space 12800K, 100% used [0x00000000eab00000,0x00000000eb780000,0x00000000eb780000)
  from space 1536K, 77% used [0x00000000eb780000,0x00000000eb8a89e8,0x00000000eb900000)
  to   space 2048K, 0% used [0x00000000eb980000,0x00000000eb980000,0x00000000ebb80000)
 ParOldGen       total 68608K, used 58742K [0x00000000c0000000, 0x00000000c4300000, 0x00000000eab00000)
  object space 68608K, 85% used [0x00000000c0000000,0x00000000c395d920,0x00000000c4300000)
 Metaspace       used 58348K, committed 59520K, reserved 1114112K
  class space    used 6244K, committed 6784K, reserved 1048576K
}
Event: 21.624 GC heap after
{Heap after GC invocations=40 (full 2):
 PSYoungGen      total 14336K, used 1326K [0x00000000eab00000, 0x00000000ebb00000, 0x0000000100000000)
  eden space 12800K, 0% used [0x00000000eab00000,0x00000000eab00000,0x00000000eb780000)
  from space 1536K, 86% used [0x00000000eb980000,0x00000000ebacba88,0x00000000ebb00000)
  to   space 1536K, 0% used [0x00000000eb780000,0x00000000eb780000,0x00000000eb900000)
 ParOldGen       total 68608K, used 59810K [0x00000000c0000000, 0x00000000c4300000, 0x00000000eab00000)
  object space 68608K, 87% used [0x00000000c0000000,0x00000000c3a68ae0,0x00000000c4300000)
 Metaspace       used 58348K, committed 59520K, reserved 1114112K
  class space    used 6244K, committed 6784K, reserved 1048576K
}
Event: 21.684 GC heap before
{Heap before GC invocations=41 (full 2):
 PSYoungGen      total 14336K, used 14117K [0x00000000eab00000, 0x00000000ebb00000, 0x0000000100000000)
  eden space 12800K, 99% used [0x00000000eab00000,0x00000000eb77dce8,0x00000000eb780000)
  from space 1536K, 86% used [0x00000000eb980000,0x00000000ebacba88,0x00000000ebb00000)
  to   space 1536K, 0% used [0x00000000eb780000,0x00000000eb780000,0x00000000eb900000)
 ParOldGen       total 68608K, used 59810K [0x00000000c0000000, 0x00000000c4300000, 0x00000000eab00000)
  object space 68608K, 87% used [0x00000000c0000000,0x00000000c3a68ae0,0x00000000c4300000)
 Metaspace       used 58443K, committed 59648K, reserved 1114112K
  class space    used 6252K, committed 6784K, reserved 1048576K
}
Event: 21.688 GC heap after
{Heap after GC invocations=41 (full 2):
 PSYoungGen      total 14336K, used 1535K [0x00000000eab00000, 0x00000000ebe80000, 0x0000000100000000)
  eden space 12800K, 0% used [0x00000000eab00000,0x00000000eab00000,0x00000000eb780000)
  from space 1536K, 99% used [0x00000000eb780000,0x00000000eb8fff50,0x00000000eb900000)
  to   space 3584K, 0% used [0x00000000ebb00000,0x00000000ebb00000,0x00000000ebe80000)
 ParOldGen       total 68608K, used 61121K [0x00000000c0000000, 0x00000000c4300000, 0x00000000eab00000)
  object space 68608K, 89% used [0x00000000c0000000,0x00000000c3bb07f0,0x00000000c4300000)
 Metaspace       used 58443K, committed 59648K, reserved 1114112K
  class space    used 6252K, committed 6784K, reserved 1048576K
}
Event: 21.754 GC heap before
{Heap before GC invocations=42 (full 2):
 PSYoungGen      total 14336K, used 6024K [0x00000000eab00000, 0x00000000ebe80000, 0x0000000100000000)
  eden space 12800K, 35% used [0x00000000eab00000,0x00000000eaf621d0,0x00000000eb780000)
  from space 1536K, 99% used [0x00000000eb780000,0x00000000eb8fff50,0x00000000eb900000)
  to   space 3584K, 0% used [0x00000000ebb00000,0x00000000ebb00000,0x00000000ebe80000)
 ParOldGen       total 68608K, used 61121K [0x00000000c0000000, 0x00000000c4300000, 0x00000000eab00000)
  object space 68608K, 89% used [0x00000000c0000000,0x00000000c3bb07f0,0x00000000c4300000)
 Metaspace       used 58654K, committed 59776K, reserved 1114112K
  class space    used 6263K, committed 6784K, reserved 1048576K
}
Event: 21.757 GC heap after
{Heap after GC invocations=42 (full 2):
 PSYoungGen      total 13824K, used 983K [0x00000000eab00000, 0x00000000ebc00000, 0x0000000100000000)
  eden space 12800K, 0% used [0x00000000eab00000,0x00000000eab00000,0x00000000eb780000)
  from space 1024K, 96% used [0x00000000ebb00000,0x00000000ebbf5d50,0x00000000ebc00000)
  to   space 2048K, 0% used [0x00000000eb800000,0x00000000eb800000,0x00000000eba00000)
 ParOldGen       total 68608K, used 62564K [0x00000000c0000000, 0x00000000c4300000, 0x00000000eab00000)
  object space 68608K, 91% used [0x00000000c0000000,0x00000000c3d19378,0x00000000c4300000)
 Metaspace       used 58654K, committed 59776K, reserved 1114112K
  class space    used 6263K, committed 6784K, reserved 1048576K
}
Event: 21.757 GC heap before
{Heap before GC invocations=43 (full 3):
 PSYoungGen      total 13824K, used 983K [0x00000000eab00000, 0x00000000ebc00000, 0x0000000100000000)
  eden space 12800K, 0% used [0x00000000eab00000,0x00000000eab00000,0x00000000eb780000)
  from space 1024K, 96% used [0x00000000ebb00000,0x00000000ebbf5d50,0x00000000ebc00000)
  to   space 2048K, 0% used [0x00000000eb800000,0x00000000eb800000,0x00000000eba00000)
 ParOldGen       total 68608K, used 62564K [0x00000000c0000000, 0x00000000c4300000, 0x00000000eab00000)
  object space 68608K, 91% used [0x00000000c0000000,0x00000000c3d19378,0x00000000c4300000)
 Metaspace       used 58654K, committed 59776K, reserved 1114112K
  class space    used 6263K, committed 6784K, reserved 1048576K
}
Event: 21.881 GC heap after
{Heap after GC invocations=43 (full 3):
 PSYoungGen      total 13824K, used 0K [0x00000000eab00000, 0x00000000ebc00000, 0x0000000100000000)
  eden space 12800K, 0% used [0x00000000eab00000,0x00000000eab00000,0x00000000eb780000)
  from space 1024K, 0% used [0x00000000ebb00000,0x00000000ebb00000,0x00000000ebc00000)
  to   space 2048K, 0% used [0x00000000eb800000,0x00000000eb800000,0x00000000eba00000)
 ParOldGen       total 68608K, used 56856K [0x00000000c0000000, 0x00000000c4300000, 0x00000000eab00000)
  object space 68608K, 82% used [0x00000000c0000000,0x00000000c3786138,0x00000000c4300000)
 Metaspace       used 58654K, committed 59776K, reserved 1114112K
  class space    used 6263K, committed 6784K, reserved 1048576K
}
Event: 22.119 GC heap before
{Heap before GC invocations=44 (full 3):
 PSYoungGen      total 13824K, used 12800K [0x00000000eab00000, 0x00000000ebc00000, 0x0000000100000000)
  eden space 12800K, 100% used [0x00000000eab00000,0x00000000eb780000,0x00000000eb780000)
  from space 1024K, 0% used [0x00000000ebb00000,0x00000000ebb00000,0x00000000ebc00000)
  to   space 2048K, 0% used [0x00000000eb800000,0x00000000eb800000,0x00000000eba00000)
 ParOldGen       total 68608K, used 56856K [0x00000000c0000000, 0x00000000c4300000, 0x00000000eab00000)
  object space 68608K, 82% used [0x00000000c0000000,0x00000000c3786138,0x00000000c4300000)
 Metaspace       used 59458K, committed 60608K, reserved 1114112K
  class space    used 6346K, committed 6848K, reserved 1048576K
}
Event: 22.124 GC heap after
{Heap after GC invocations=44 (full 3):
 PSYoungGen      total 14848K, used 2040K [0x00000000eab00000, 0x00000000ebc80000, 0x0000000100000000)
  eden space 12800K, 0% used [0x00000000eab00000,0x00000000eab00000,0x00000000eb780000)
  from space 2048K, 99% used [0x00000000eb800000,0x00000000eb9fe208,0x00000000eba00000)
  to   space 2560K, 0% used [0x00000000eba00000,0x00000000eba00000,0x00000000ebc80000)
 ParOldGen       total 68608K, used 56912K [0x00000000c0000000, 0x00000000c4300000, 0x00000000eab00000)
  object space 68608K, 82% used [0x00000000c0000000,0x00000000c3794148,0x00000000c4300000)
 Metaspace       used 59458K, committed 60608K, reserved 1114112K
  class space    used 6346K, committed 6848K, reserved 1048576K
}
Event: 22.351 GC heap before
{Heap before GC invocations=45 (full 3):
 PSYoungGen      total 14848K, used 14840K [0x00000000eab00000, 0x00000000ebc80000, 0x0000000100000000)
  eden space 12800K, 100% used [0x00000000eab00000,0x00000000eb780000,0x00000000eb780000)
  from space 2048K, 99% used [0x00000000eb800000,0x00000000eb9fe208,0x00000000eba00000)
  to   space 2560K, 0% used [0x00000000eba00000,0x00000000eba00000,0x00000000ebc80000)
 ParOldGen       total 68608K, used 56912K [0x00000000c0000000, 0x00000000c4300000, 0x00000000eab00000)
  object space 68608K, 82% used [0x00000000c0000000,0x00000000c3794148,0x00000000c4300000)
 Metaspace       used 60040K, committed 61248K, reserved 1114112K
  class space    used 6383K, committed 6912K, reserved 1048576K
}
Event: 22.357 GC heap after
{Heap after GC invocations=45 (full 3):
 PSYoungGen      total 15360K, used 2319K [0x00000000eab00000, 0x00000000ebc80000, 0x0000000100000000)
  eden space 12800K, 0% used [0x00000000eab00000,0x00000000eab00000,0x00000000eb780000)
  from space 2560K, 90% used [0x00000000eba00000,0x00000000ebc43f70,0x00000000ebc80000)
  to   space 2560K, 0% used [0x00000000eb780000,0x00000000eb780000,0x00000000eba00000)
 ParOldGen       total 68608K, used 58849K [0x00000000c0000000, 0x00000000c4300000, 0x00000000eab00000)
  object space 68608K, 85% used [0x00000000c0000000,0x00000000c39785d0,0x00000000c4300000)
 Metaspace       used 60040K, committed 61248K, reserved 1114112K
  class space    used 6383K, committed 6912K, reserved 1048576K
}
Event: 22.514 GC heap before
{Heap before GC invocations=46 (full 3):
 PSYoungGen      total 15360K, used 15119K [0x00000000eab00000, 0x00000000ebc80000, 0x0000000100000000)
  eden space 12800K, 100% used [0x00000000eab00000,0x00000000eb780000,0x00000000eb780000)
  from space 2560K, 90% used [0x00000000eba00000,0x00000000ebc43f70,0x00000000ebc80000)
  to   space 2560K, 0% used [0x00000000eb780000,0x00000000eb780000,0x00000000eba00000)
 ParOldGen       total 68608K, used 58849K [0x00000000c0000000, 0x00000000c4300000, 0x00000000eab00000)
  object space 68608K, 85% used [0x00000000c0000000,0x00000000c39785d0,0x00000000c4300000)
 Metaspace       used 60106K, committed 61248K, reserved 1114112K
  class space    used 6404K, committed 6912K, reserved 1048576K
}
Event: 22.522 GC heap after
{Heap after GC invocations=46 (full 3):
 PSYoungGen      total 15360K, used 2163K [0x00000000eab00000, 0x00000000ebc80000, 0x0000000100000000)
  eden space 12800K, 0% used [0x00000000eab00000,0x00000000eab00000,0x00000000eb780000)
  from space 2560K, 84% used [0x00000000eb780000,0x00000000eb99cc38,0x00000000eba00000)
  to   space 2560K, 0% used [0x00000000eba00000,0x00000000eba00000,0x00000000ebc80000)
 ParOldGen       total 68608K, used 60953K [0x00000000c0000000, 0x00000000c4300000, 0x00000000eab00000)
  object space 68608K, 88% used [0x00000000c0000000,0x00000000c3b86600,0x00000000c4300000)
 Metaspace       used 60106K, committed 61248K, reserved 1114112K
  class space    used 6404K, committed 6912K, reserved 1048576K
}
Event: 22.929 GC heap before
{Heap before GC invocations=47 (full 3):
 PSYoungGen      total 15360K, used 14963K [0x00000000eab00000, 0x00000000ebc80000, 0x0000000100000000)
  eden space 12800K, 100% used [0x00000000eab00000,0x00000000eb780000,0x00000000eb780000)
  from space 2560K, 84% used [0x00000000eb780000,0x00000000eb99cc38,0x00000000eba00000)
  to   space 2560K, 0% used [0x00000000eba00000,0x00000000eba00000,0x00000000ebc80000)
 ParOldGen       total 68608K, used 60953K [0x00000000c0000000, 0x00000000c4300000, 0x00000000eab00000)
  object space 68608K, 88% used [0x00000000c0000000,0x00000000c3b86600,0x00000000c4300000)
 Metaspace       used 60149K, committed 61312K, reserved 1114112K
  class space    used 6419K, committed 6912K, reserved 1048576K
}
Event: 22.935 GC heap after
{Heap after GC invocations=47 (full 3):
 PSYoungGen      total 15360K, used 2496K [0x00000000eab00000, 0x00000000ebc80000, 0x0000000100000000)
  eden space 12800K, 0% used [0x00000000eab00000,0x00000000eab00000,0x00000000eb780000)
  from space 2560K, 97% used [0x00000000eba00000,0x00000000ebc703d0,0x00000000ebc80000)
  to   space 2560K, 0% used [0x00000000eb780000,0x00000000eb780000,0x00000000eba00000)
 ParOldGen       total 68608K, used 62981K [0x00000000c0000000, 0x00000000c4300000, 0x00000000eab00000)
  object space 68608K, 91% used [0x00000000c0000000,0x00000000c3d81528,0x00000000c4300000)
 Metaspace       used 60149K, committed 61312K, reserved 1114112K
  class space    used 6419K, committed 6912K, reserved 1048576K
}
Event: 23.092 GC heap before
{Heap before GC invocations=48 (full 3):
 PSYoungGen      total 15360K, used 15296K [0x00000000eab00000, 0x00000000ebc80000, 0x0000000100000000)
  eden space 12800K, 100% used [0x00000000eab00000,0x00000000eb780000,0x00000000eb780000)
  from space 2560K, 97% used [0x00000000eba00000,0x00000000ebc703d0,0x00000000ebc80000)
  to   space 2560K, 0% used [0x00000000eb780000,0x00000000eb780000,0x00000000eba00000)
 ParOldGen       total 68608K, used 62981K [0x00000000c0000000, 0x00000000c4300000, 0x00000000eab00000)
  object space 68608K, 91% used [0x00000000c0000000,0x00000000c3d81528,0x00000000c4300000)
 Metaspace       used 60236K, committed 61376K, reserved 1114112K
  class space    used 6424K, committed 6912K, reserved 1048576K
}
Event: 23.098 GC heap after
{Heap after GC invocations=48 (full 3):
 PSYoungGen      total 15360K, used 2554K [0x00000000eab00000, 0x00000000ec280000, 0x0000000100000000)
  eden space 12800K, 0% used [0x00000000eab00000,0x00000000eab00000,0x00000000eb780000)
  from space 2560K, 99% used [0x00000000eb780000,0x00000000eb9febb8,0x00000000eba00000)
  to   space 5632K, 0% used [0x00000000ebd00000,0x00000000ebd00000,0x00000000ec280000)
 ParOldGen       total 68608K, used 65447K [0x00000000c0000000, 0x00000000c4300000, 0x00000000eab00000)
  object space 68608K, 95% used [0x00000000c0000000,0x00000000c3fe9c70,0x00000000c4300000)
 Metaspace       used 60236K, committed 61376K, reserved 1114112K
  class space    used 6424K, committed 6912K, reserved 1048576K
}

Dll operation events (10 events):
Event: 0.026 Loaded shared library c:\Users\Tanmoy\.vscode\extensions\redhat.java-1.35.1-win32-x64\jre\17.0.12-win32-x86_64\bin\java.dll
Event: 0.569 Loaded shared library c:\Users\Tanmoy\.vscode\extensions\redhat.java-1.35.1-win32-x64\jre\17.0.12-win32-x86_64\bin\zip.dll
Event: 0.588 Loaded shared library C:\Users\Tanmoy\.vscode\extensions\redhat.java-1.35.1-win32-x64\jre\17.0.12-win32-x86_64\bin\instrument.dll
Event: 0.634 Loaded shared library C:\Users\Tanmoy\.vscode\extensions\redhat.java-1.35.1-win32-x64\jre\17.0.12-win32-x86_64\bin\net.dll
Event: 0.641 Loaded shared library C:\Users\Tanmoy\.vscode\extensions\redhat.java-1.35.1-win32-x64\jre\17.0.12-win32-x86_64\bin\nio.dll
Event: 0.659 Loaded shared library C:\Users\Tanmoy\.vscode\extensions\redhat.java-1.35.1-win32-x64\jre\17.0.12-win32-x86_64\bin\zip.dll
Event: 0.710 Loaded shared library C:\Users\Tanmoy\.vscode\extensions\redhat.java-1.35.1-win32-x64\jre\17.0.12-win32-x86_64\bin\jimage.dll
Event: 0.922 Loaded shared library c:\Users\Tanmoy\.vscode\extensions\redhat.java-1.35.1-win32-x64\jre\17.0.12-win32-x86_64\bin\verify.dll
Event: 4.395 Loaded shared library C:\Users\Tanmoy\AppData\Roaming\Code\User\globalStorage\redhat.java\1.35.1\config_win\org.eclipse.equinox.launcher\org.eclipse.equinox.launcher.win32.win32.x86_64_1.2.1100.v20240722-2106\eclipse_11904.dll
Event: 8.600 Loaded shared library C:\Users\Tanmoy\AppData\Local\Temp\jna--1797151754\jna14709607583986470810.dll

Deoptimization events (20 events):
Event: 23.032 Thread 0x000002899fc483a0 DEOPT PACKING pc=0x000002898849b99d sp=0x000000ce66dfea50
Event: 23.032 Thread 0x000002899fc483a0 DEOPT UNPACKING pc=0x000002898ece6e43 sp=0x000000ce66dfdfe0 mode 0
Event: 23.047 Thread 0x000002899fc483a0 DEOPT PACKING pc=0x0000028988476863 sp=0x000000ce66dfeaa0
Event: 23.047 Thread 0x000002899fc483a0 DEOPT UNPACKING pc=0x000002898ece6e43 sp=0x000000ce66dfe008 mode 0
Event: 23.052 Thread 0x000002899fe8aec0 DEOPT PACKING pc=0x000002898849b99d sp=0x000000ce67ffdee0
Event: 23.052 Thread 0x000002899fe8aec0 DEOPT UNPACKING pc=0x000002898ece6e43 sp=0x000000ce67ffd470 mode 0
Event: 23.066 Thread 0x000002899fc483a0 DEOPT PACKING pc=0x000002898849b99d sp=0x000000ce66dfea50
Event: 23.066 Thread 0x000002899fc483a0 DEOPT UNPACKING pc=0x000002898ece6e43 sp=0x000000ce66dfdfe0 mode 0
Event: 23.101 Thread 0x000002899fc483a0 DEOPT PACKING pc=0x0000028988476863 sp=0x000000ce66dfeaa0
Event: 23.101 Thread 0x000002899fc483a0 DEOPT UNPACKING pc=0x000002898ece6e43 sp=0x000000ce66dfe008 mode 0
Event: 23.111 Thread 0x000002899fc483a0 DEOPT PACKING pc=0x000002898849b99d sp=0x000000ce66dfea50
Event: 23.111 Thread 0x000002899fc483a0 DEOPT UNPACKING pc=0x000002898ece6e43 sp=0x000000ce66dfdfe0 mode 0
Event: 23.125 Thread 0x000002899fc483a0 DEOPT PACKING pc=0x0000028988476863 sp=0x000000ce66dfeaa0
Event: 23.125 Thread 0x000002899fc483a0 DEOPT UNPACKING pc=0x000002898ece6e43 sp=0x000000ce66dfe008 mode 0
Event: 23.135 Thread 0x000002899fc483a0 DEOPT PACKING pc=0x000002898849b99d sp=0x000000ce66dfea50
Event: 23.135 Thread 0x000002899fc483a0 DEOPT UNPACKING pc=0x000002898ece6e43 sp=0x000000ce66dfdfe0 mode 0
Event: 23.140 Thread 0x000002899fc483a0 DEOPT PACKING pc=0x0000028988476863 sp=0x000000ce66dfeaa0
Event: 23.140 Thread 0x000002899fc483a0 DEOPT UNPACKING pc=0x000002898ece6e43 sp=0x000000ce66dfe008 mode 0
Event: 23.288 Thread 0x000002899fc483a0 DEOPT PACKING pc=0x000002898849b99d sp=0x000000ce66dfea50
Event: 23.288 Thread 0x000002899fc483a0 DEOPT UNPACKING pc=0x000002898ece6e43 sp=0x000000ce66dfdfe0 mode 0

Classes loaded (20 events):
Event: 19.328 Loading class sun/nio/cs/ThreadLocalCoders$Cache done
Event: 19.328 Loading class sun/nio/cs/ThreadLocalCoders$1 done
Event: 19.328 Loading class sun/nio/cs/ThreadLocalCoders$2
Event: 19.328 Loading class sun/nio/cs/ThreadLocalCoders$2 done
Event: 19.392 Loading class java/lang/invoke/BoundMethodHandle$Species_LLLLLLLLLL
Event: 19.392 Loading class java/lang/invoke/BoundMethodHandle$Species_LLLLLLLLLL done
Event: 19.400 Loading class java/lang/invoke/BoundMethodHandle$Species_LLLLLLLLLLL
Event: 19.400 Loading class java/lang/invoke/BoundMethodHandle$Species_LLLLLLLLLLL done
Event: 19.403 Loading class java/lang/invoke/BoundMethodHandle$Species_LLLLLLLLLLLL
Event: 19.403 Loading class java/lang/invoke/BoundMethodHandle$Species_LLLLLLLLLLLL done
Event: 19.405 Loading class java/lang/invoke/BoundMethodHandle$Species_LLLLLLLLLLLLL
Event: 19.412 Loading class java/lang/invoke/BoundMethodHandle$Species_LLLLLLLLLLLLL done
Event: 20.203 Loading class java/util/zip/ZipError
Event: 20.203 Loading class java/util/zip/ZipError done
Event: 20.943 Loading class java/util/WeakHashMap$KeyIterator
Event: 20.943 Loading class java/util/WeakHashMap$KeyIterator done
Event: 23.004 Loading class java/lang/invoke/MethodHandleImpl$CountingWrapper$1
Event: 23.004 Loading class java/lang/invoke/MethodHandleImpl$CountingWrapper$1 done
Event: 23.245 Loading class java/util/Vector$1
Event: 23.246 Loading class java/util/Vector$1 done

Classes unloaded (7 events):
Event: 11.487 Thread 0x0000028998958f70 Unloading class 0x000000010024a400 'java/lang/invoke/LambdaForm$MH+0x000000010024a400'
Event: 11.487 Thread 0x0000028998958f70 Unloading class 0x000000010024a000 'java/lang/invoke/LambdaForm$MH+0x000000010024a000'
Event: 11.487 Thread 0x0000028998958f70 Unloading class 0x0000000100249c00 'java/lang/invoke/LambdaForm$MH+0x0000000100249c00'
Event: 11.487 Thread 0x0000028998958f70 Unloading class 0x0000000100249800 'java/lang/invoke/LambdaForm$MH+0x0000000100249800'
Event: 11.487 Thread 0x0000028998958f70 Unloading class 0x0000000100249400 'java/lang/invoke/LambdaForm$BMH+0x0000000100249400'
Event: 11.487 Thread 0x0000028998958f70 Unloading class 0x0000000100249000 'java/lang/invoke/LambdaForm$DMH+0x0000000100249000'
Event: 11.487 Thread 0x0000028998958f70 Unloading class 0x0000000100244400 'java/lang/invoke/LambdaForm$DMH+0x0000000100244400'

Classes redefined (0 events):
No events

Internal exceptions (20 events):
Event: 21.187 Thread 0x000002899fe89f90 Exception <a 'sun/nio/fs/WindowsException'{0x00000000eb51fbc8}> (0x00000000eb51fbc8) 
thrown [s\src\hotspot\share\prims\jni.cpp, line 516]
Event: 21.188 Thread 0x000002899fe89f90 Exception <a 'sun/nio/fs/WindowsException'{0x00000000eb5206e0}> (0x00000000eb5206e0) 
thrown [s\src\hotspot\share\prims\jni.cpp, line 516]
Event: 21.299 Thread 0x000002899fe867e0 Exception <a 'java/io/FileNotFoundException'{0x00000000eaf96308}> (0x00000000eaf96308) 
thrown [s\src\hotspot\share\prims\jni.cpp, line 516]
Event: 21.300 Thread 0x000002899fe867e0 Exception <a 'java/io/FileNotFoundException'{0x00000000eaf97300}> (0x00000000eaf97300) 
thrown [s\src\hotspot\share\prims\jni.cpp, line 516]
Event: 21.301 Thread 0x000002899fe867e0 Exception <a 'java/io/FileNotFoundException'{0x00000000eaf98ad0}> (0x00000000eaf98ad0) 
thrown [s\src\hotspot\share\prims\jni.cpp, line 516]
Event: 21.302 Thread 0x000002899fe867e0 Exception <a 'java/io/FileNotFoundException'{0x00000000eaf99e58}> (0x00000000eaf99e58) 
thrown [s\src\hotspot\share\prims\jni.cpp, line 516]
Event: 21.303 Thread 0x000002899fe867e0 Exception <a 'java/io/FileNotFoundException'{0x00000000eaf9ae70}> (0x00000000eaf9ae70) 
thrown [s\src\hotspot\share\prims\jni.cpp, line 516]
Event: 21.653 Thread 0x000002899fe867e0 Exception <a 'java/lang/NoSuchMethodError'{0x00000000eb3446c8}: 'java.lang.Object java.lang.invoke.DirectMethodHandle$Holder.invokeVirtual(java.lang.Object, java.lang.Object, java.lang.Object)'> (0x00000000eb3446c8) 
thrown [s\src\hotspot\share\interpreter\linkResolver.cpp, line 759]
Event: 22.044 Thread 0x000002899fe867e0 Exception <a 'sun/nio/fs/WindowsException'{0x00000000eb3c5d98}> (0x00000000eb3c5d98) 
thrown [s\src\hotspot\share\prims\jni.cpp, line 516]
Event: 22.046 Thread 0x000002899fe867e0 Exception <a 'sun/nio/fs/WindowsException'{0x00000000eb3c6a78}> (0x00000000eb3c6a78) 
thrown [s\src\hotspot\share\prims\jni.cpp, line 516]
Event: 22.048 Thread 0x000002899fe867e0 Exception <a 'sun/nio/fs/WindowsException'{0x00000000eb3c7628}> (0x00000000eb3c7628) 
thrown [s\src\hotspot\share\prims\jni.cpp, line 516]
Event: 22.050 Thread 0x000002899fe867e0 Exception <a 'sun/nio/fs/WindowsException'{0x00000000eb3c8778}> (0x00000000eb3c8778) 
thrown [s\src\hotspot\share\prims\jni.cpp, line 516]
Event: 22.053 Thread 0x000002899fe867e0 Exception <a 'sun/nio/fs/WindowsException'{0x00000000eb49d8c8}> (0x00000000eb49d8c8) 
thrown [s\src\hotspot\share\prims\jni.cpp, line 516]
Event: 22.056 Thread 0x000002899fe867e0 Exception <a 'sun/nio/fs/WindowsException'{0x00000000eb49f008}> (0x00000000eb49f008) 
thrown [s\src\hotspot\share\prims\jni.cpp, line 516]
Event: 22.112 Thread 0x000002899fe867e0 Exception <a 'sun/nio/fs/WindowsException'{0x00000000eb4b4820}> (0x00000000eb4b4820) 
thrown [s\src\hotspot\share\prims\jni.cpp, line 516]
Event: 22.118 Thread 0x000002899fe867e0 Exception <a 'sun/nio/fs/WindowsException'{0x00000000eb4b53e8}> (0x00000000eb4b53e8) 
thrown [s\src\hotspot\share\prims\jni.cpp, line 516]
Event: 22.119 Thread 0x000002899fe867e0 Exception <a 'sun/nio/fs/WindowsException'{0x00000000eb4b5f98}> (0x00000000eb4b5f98) 
thrown [s\src\hotspot\share\prims\jni.cpp, line 516]
Event: 22.125 Thread 0x000002899fe867e0 Exception <a 'sun/nio/fs/WindowsException'{0x00000000eab00958}> (0x00000000eab00958) 
thrown [s\src\hotspot\share\prims\jni.cpp, line 516]
Event: 22.997 Thread 0x000002899fe8aec0 Exception <a 'sun/nio/fs/WindowsException'{0x00000000eaef62b0}> (0x00000000eaef62b0) 
thrown [s\src\hotspot\share\prims\jni.cpp, line 516]
Event: 22.998 Thread 0x000002899fe8aec0 Exception <a 'sun/nio/fs/WindowsException'{0x00000000eaef6de8}> (0x00000000eaef6de8) 
thrown [s\src\hotspot\share\prims\jni.cpp, line 516]

VM Operations (20 events):
Event: 21.620 Executing VM operation: ParallelGCFailedAllocation
Event: 21.624 Executing VM operation: ParallelGCFailedAllocation done
Event: 21.683 Executing VM operation: ParallelGCFailedAllocation
Event: 21.691 Executing VM operation: ParallelGCFailedAllocation done
Event: 21.754 Executing VM operation: CollectForMetadataAllocation
Event: 21.883 Executing VM operation: CollectForMetadataAllocation done
Event: 21.896 Executing VM operation: HandshakeAllThreads
Event: 21.896 Executing VM operation: HandshakeAllThreads done
Event: 22.065 Executing VM operation: HandshakeAllThreads
Event: 22.065 Executing VM operation: HandshakeAllThreads done
Event: 22.119 Executing VM operation: ParallelGCFailedAllocation
Event: 22.124 Executing VM operation: ParallelGCFailedAllocation done
Event: 22.351 Executing VM operation: ParallelGCFailedAllocation
Event: 22.358 Executing VM operation: ParallelGCFailedAllocation done
Event: 22.513 Executing VM operation: ParallelGCFailedAllocation
Event: 22.522 Executing VM operation: ParallelGCFailedAllocation done
Event: 22.929 Executing VM operation: ParallelGCFailedAllocation
Event: 22.935 Executing VM operation: ParallelGCFailedAllocation done
Event: 23.092 Executing VM operation: ParallelGCFailedAllocation
Event: 23.099 Executing VM operation: ParallelGCFailedAllocation done

Events (20 events):
Event: 14.416 Thread 0x000002899dc22850 flushing nmethod 0x00000289881a4290
Event: 14.529 Thread 0x000002899fe867e0 Thread added: 0x000002899fe867e0
Event: 15.183 Thread 0x000002899fc4a710 Thread exited: 0x000002899fc4a710
Event: 15.614 Thread 0x000002899ed04520 Thread exited: 0x000002899ed04520
Event: 16.024 Thread 0x000002899ed11dc0 Thread exited: 0x000002899ed11dc0
Event: 16.079 Thread 0x000002899ed04520 Thread added: 0x000002899ed04520
Event: 16.307 Thread 0x000002899ed04520 Thread exited: 0x000002899ed04520
Event: 16.875 Thread 0x000002899ed04fc0 Thread added: 0x000002899ed04fc0
Event: 16.908 Thread 0x000002899ed03530 Thread added: 0x000002899ed03530
Event: 19.351 Thread 0x000002899fe8b3d0 Thread added: 0x000002899fe8b3d0
Event: 19.352 Thread 0x000002899fe8a9b0 Thread added: 0x000002899fe8a9b0
Event: 19.626 Thread 0x000002899dc22850 flushing nmethod 0x000002898f49ef90
Event: 20.250 Thread 0x000002899fe89570 Thread added: 0x000002899fe89570
Event: 20.260 Thread 0x000002899fe8aec0 Thread added: 0x000002899fe8aec0
Event: 20.285 Thread 0x000002899fe84470 Thread added: 0x000002899fe84470
Event: 22.212 Thread 0x000002899fe88130 Thread added: 0x000002899fe88130
Event: 22.212 Thread 0x000002899fe88b50 Thread added: 0x000002899fe88b50
Event: 22.212 Thread 0x000002899fc4a710 Thread added: 0x000002899fc4a710
Event: 22.212 Thread 0x000002899fc49cf0 Thread added: 0x000002899fc49cf0
Event: 22.213 Thread 0x00000289a2524b40 Thread added: 0x00000289a2524b40


Dynamic libraries:
0x00007ff6ebd10000 - 0x00007ff6ebd1e000 	c:\Users\Tanmoy\.vscode\extensions\redhat.java-1.35.1-win32-x64\jre\17.0.12-win32-x86_64\bin\java.exe
0x00007ffc35f50000 - 0x00007ffc36148000 	C:\Windows\SYSTEM32\ntdll.dll
0x00007ffc34c80000 - 0x00007ffc34d41000 	C:\Windows\System32\KERNEL32.DLL
0x00007ffc33a00000 - 0x00007ffc33cfd000 	C:\Windows\System32\KERNELBASE.dll
0x00007ffc2e6e0000 - 0x00007ffc2e774000 	C:\Windows\SYSTEM32\apphelp.dll
0x00007ffc33db0000 - 0x00007ffc33eb0000 	C:\Windows\System32\ucrtbase.dll
0x00007ffc19f20000 - 0x00007ffc19f37000 	c:\Users\Tanmoy\.vscode\extensions\redhat.java-1.35.1-win32-x64\jre\17.0.12-win32-x86_64\bin\jli.dll
0x00007ffc35cc0000 - 0x00007ffc35e5d000 	C:\Windows\System32\USER32.dll
0x00007ffc33eb0000 - 0x00007ffc33ed2000 	C:\Windows\System32\win32u.dll
0x00007ffc35040000 - 0x00007ffc3506b000 	C:\Windows\System32\GDI32.dll
0x00007ffc33840000 - 0x00007ffc33957000 	C:\Windows\System32\gdi32full.dll
0x00007ffc33960000 - 0x00007ffc339fd000 	C:\Windows\System32\msvcp_win.dll
0x00007ffc19df0000 - 0x00007ffc19e0b000 	c:\Users\Tanmoy\.vscode\extensions\redhat.java-1.35.1-win32-x64\jre\17.0.12-win32-x86_64\bin\VCRUNTIME140.dll
0x00007ffc1b860000 - 0x00007ffc1bafa000 	C:\Windows\WinSxS\amd64_microsoft.windows.common-controls_6595b64144ccf1df_6.0.19041.4355_none_60b8b9eb71f62e16\COMCTL32.dll
0x00007ffc351b0000 - 0x00007ffc3524e000 	C:\Windows\System32\msvcrt.dll
0x00007ffc35770000 - 0x00007ffc3579f000 	C:\Windows\System32\IMM32.DLL
0x00007ffc306a0000 - 0x00007ffc306ac000 	c:\Users\Tanmoy\.vscode\extensions\redhat.java-1.35.1-win32-x64\jre\17.0.12-win32-x86_64\bin\vcruntime140_1.dll
0x00007ffbed530000 - 0x00007ffbed5bd000 	c:\Users\Tanmoy\.vscode\extensions\redhat.java-1.35.1-win32-x64\jre\17.0.12-win32-x86_64\bin\msvcp140.dll
0x00007ffbcd9f0000 - 0x00007ffbce65a000 	c:\Users\Tanmoy\.vscode\extensions\redhat.java-1.35.1-win32-x64\jre\17.0.12-win32-x86_64\bin\server\jvm.dll
0x00007ffc357a0000 - 0x00007ffc35850000 	C:\Windows\System32\ADVAPI32.dll
0x00007ffc34de0000 - 0x00007ffc34e80000 	C:\Windows\System32\sechost.dll
0x00007ffc34ac0000 - 0x00007ffc34be3000 	C:\Windows\System32\RPCRT4.dll
0x00007ffc33ee0000 - 0x00007ffc33f07000 	C:\Windows\System32\bcrypt.dll
0x00007ffc35070000 - 0x00007ffc350db000 	C:\Windows\System32\WS2_32.dll
0x00007ffc32b80000 - 0x00007ffc32bcb000 	C:\Windows\SYSTEM32\POWRPROF.dll
0x00007ffc28110000 - 0x00007ffc28137000 	C:\Windows\SYSTEM32\WINMM.dll
0x00007ffc2e4c0000 - 0x00007ffc2e4ca000 	C:\Windows\SYSTEM32\VERSION.dll
0x00007ffc329f0000 - 0x00007ffc32a02000 	C:\Windows\SYSTEM32\UMPDC.dll
0x00007ffc31480000 - 0x00007ffc31492000 	C:\Windows\SYSTEM32\kernel.appcore.dll
0x00007ffc230a0000 - 0x00007ffc230aa000 	c:\Users\Tanmoy\.vscode\extensions\redhat.java-1.35.1-win32-x64\jre\17.0.12-win32-x86_64\bin\jimage.dll
0x00007ffc26670000 - 0x00007ffc26854000 	C:\Windows\SYSTEM32\DBGHELP.DLL
0x00007ffc15df0000 - 0x00007ffc15e24000 	C:\Windows\SYSTEM32\dbgcore.DLL
0x00007ffc33600000 - 0x00007ffc33682000 	C:\Windows\System32\bcryptPrimitives.dll
0x00007ffc30090000 - 0x00007ffc3009e000 	c:\Users\Tanmoy\.vscode\extensions\redhat.java-1.35.1-win32-x64\jre\17.0.12-win32-x86_64\bin\instrument.dll
0x00007ffc0afb0000 - 0x00007ffc0afd5000 	c:\Users\Tanmoy\.vscode\extensions\redhat.java-1.35.1-win32-x64\jre\17.0.12-win32-x86_64\bin\java.dll
0x00007ffc0fe30000 - 0x00007ffc0fe48000 	c:\Users\Tanmoy\.vscode\extensions\redhat.java-1.35.1-win32-x64\jre\17.0.12-win32-x86_64\bin\zip.dll
0x00007ffc34340000 - 0x00007ffc34aaf000 	C:\Windows\System32\SHELL32.dll
0x00007ffc31680000 - 0x00007ffc31e1f000 	C:\Windows\SYSTEM32\windows.storage.dll
0x00007ffc33f80000 - 0x00007ffc342d3000 	C:\Windows\System32\combase.dll
0x00007ffc33020000 - 0x00007ffc3304e000 	C:\Windows\SYSTEM32\Wldp.dll
0x00007ffc350e0000 - 0x00007ffc351ad000 	C:\Windows\System32\OLEAUT32.dll
0x00007ffc35250000 - 0x00007ffc352fd000 	C:\Windows\System32\SHCORE.dll
0x00007ffc342e0000 - 0x00007ffc34335000 	C:\Windows\System32\shlwapi.dll
0x00007ffc33530000 - 0x00007ffc33554000 	C:\Windows\SYSTEM32\profapi.dll
0x00007ffc08c20000 - 0x00007ffc08c39000 	C:\Users\Tanmoy\.vscode\extensions\redhat.java-1.35.1-win32-x64\jre\17.0.12-win32-x86_64\bin\net.dll
0x00007ffc2bb60000 - 0x00007ffc2bc6d000 	C:\Windows\SYSTEM32\WINHTTP.dll
0x00007ffc32d80000 - 0x00007ffc32dea000 	C:\Windows\system32\mswsock.dll
0x00007ffc08aa0000 - 0x00007ffc08ab6000 	C:\Users\Tanmoy\.vscode\extensions\redhat.java-1.35.1-win32-x64\jre\17.0.12-win32-x86_64\bin\nio.dll
0x00007ffc1ed90000 - 0x00007ffc1eda0000 	c:\Users\Tanmoy\.vscode\extensions\redhat.java-1.35.1-win32-x64\jre\17.0.12-win32-x86_64\bin\verify.dll
0x00007ffc05cb0000 - 0x00007ffc05cf5000 	C:\Users\Tanmoy\AppData\Roaming\Code\User\globalStorage\redhat.java\1.35.1\config_win\org.eclipse.equinox.launcher\org.eclipse.equinox.launcher.win32.win32.x86_64_1.2.1100.v20240722-2106\eclipse_11904.dll
0x00007ffc35480000 - 0x00007ffc355ab000 	C:\Windows\System32\ole32.dll
0x00007ffc32f80000 - 0x00007ffc32f98000 	C:\Windows\SYSTEM32\CRYPTSP.dll
0x00007ffc32630000 - 0x00007ffc32664000 	C:\Windows\system32\rsaenh.dll
0x00007ffc334a0000 - 0x00007ffc334ce000 	C:\Windows\SYSTEM32\USERENV.dll
0x00007ffc32f70000 - 0x00007ffc32f7c000 	C:\Windows\SYSTEM32\CRYPTBASE.dll
0x00007ffc32a10000 - 0x00007ffc32a4b000 	C:\Windows\SYSTEM32\IPHLPAPI.DLL
0x00007ffc34d50000 - 0x00007ffc34d58000 	C:\Windows\System32\NSI.dll
0x00007ffc2c900000 - 0x00007ffc2c917000 	C:\Windows\SYSTEM32\dhcpcsvc6.DLL
0x00007ffc2e410000 - 0x00007ffc2e42d000 	C:\Windows\SYSTEM32\dhcpcsvc.DLL
0x00007ffc32a50000 - 0x00007ffc32b1a000 	C:\Windows\SYSTEM32\DNSAPI.dll
0x00007ffbfa440000 - 0x00007ffbfa489000 	C:\Users\Tanmoy\AppData\Local\Temp\jna--1797151754\jna14709607583986470810.dll
0x00007ffc34ab0000 - 0x00007ffc34ab8000 	C:\Windows\System32\PSAPI.DLL

dbghelp: loaded successfully - version: 4.0.5 - missing functions: none
symbol engine: initialized successfully - sym options: 0x614 - pdb path: .;c:\Users\Tanmoy\.vscode\extensions\redhat.java-1.35.1-win32-x64\jre\17.0.12-win32-x86_64\bin;C:\Windows\SYSTEM32;C:\Windows\WinSxS\amd64_microsoft.windows.common-controls_6595b64144ccf1df_6.0.19041.4355_none_60b8b9eb71f62e16;c:\Users\Tanmoy\.vscode\extensions\redhat.java-1.35.1-win32-x64\jre\17.0.12-win32-x86_64\bin\server;C:\Users\Tanmoy\AppData\Roaming\Code\User\globalStorage\redhat.java\1.35.1\config_win\org.eclipse.equinox.launcher\org.eclipse.equinox.launcher.win32.win32.x86_64_1.2.1100.v20240722-2106;C:\Users\Tanmoy\AppData\Local\Temp\jna--1797151754

VM Arguments:
jvm_args: --add-modules=ALL-SYSTEM --add-opens=java.base/java.util=ALL-UNNAMED --add-opens=java.base/java.lang=ALL-UNNAMED --add-opens=java.base/sun.nio.fs=ALL-UNNAMED -Declipse.application=org.eclipse.jdt.ls.core.id1 -Dosgi.bundles.defaultStartLevel=4 -Declipse.product=org.eclipse.jdt.ls.core.product -Djava.import.generatesMetadataFilesAtProjectRoot=false -DDetectVMInstallationsJob.disabled=true -Dfile.encoding=utf8 -XX:+UseParallelGC -XX:GCTimeRatio=4 -XX:AdaptiveSizePolicyWeight=90 -Dsun.zip.disableMemoryMapping=true -Xmx1G -Xms100m -Xlog:disable -javaagent:c:\Users\Tanmoy\.vscode\extensions\redhat.java-1.35.1-win32-x64\lombok\lombok-1.18.33.jar -XX:+HeapDumpOnOutOfMemoryError -XX:HeapDumpPath=c:\Users\Tanmoy\AppData\Roaming\Code\User\workspaceStorage\184b04e5a2089e87458e5613a067ce45\redhat.java -Daether.dependencyCollector.impl=bf 
java_command: c:\Users\Tanmoy\.vscode\extensions\redhat.java-1.35.1-win32-x64\server\plugins\org.eclipse.equinox.launcher_1.6.900.v20240613-2009.jar -configuration c:\Users\Tanmoy\AppData\Roaming\Code\User\globalStorage\redhat.java\1.35.1\config_win -data c:\Users\Tanmoy\AppData\Roaming\Code\User\workspaceStorage\184b04e5a2089e87458e5613a067ce45\redhat.java\jdt_ws --pipe=\\.\pipe\lsp-119420e5591ec98b4f6a21343d9369b3-sock
java_class_path (initial): c:\Users\Tanmoy\.vscode\extensions\redhat.java-1.35.1-win32-x64\server\plugins\org.eclipse.equinox.launcher_1.6.900.v20240613-2009.jar
Launcher Type: SUN_STANDARD

[Global flags]
    uintx AdaptiveSizePolicyWeight                 = 90                                        {product} {command line}
     intx CICompilerCount                          = 4                                         {product} {ergonomic}
    uintx GCTimeRatio                              = 4                                         {product} {command line}
     bool HeapDumpOnOutOfMemoryError               = true                                   {manageable} {command line}
    ccstr HeapDumpPath                             = c:\Users\Tanmoy\AppData\Roaming\Code\User\workspaceStorage\184b04e5a2089e87458e5613a067ce45\redhat.java         {manageable} {command line}
   size_t InitialHeapSize                          = 104857600                                 {product} {command line}
   size_t MaxHeapSize                              = 1073741824                                {product} {command line}
   size_t MaxNewSize                               = 357564416                                 {product} {ergonomic}
   size_t MinHeapDeltaBytes                        = 524288                                    {product} {ergonomic}
   size_t MinHeapSize                              = 104857600                                 {product} {command line}
   size_t NewSize                                  = 34603008                                  {product} {ergonomic}
    uintx NonNMethodCodeHeapSize                   = 5839372                                {pd product} {ergonomic}
    uintx NonProfiledCodeHeapSize                  = 122909434                              {pd product} {ergonomic}
   size_t OldSize                                  = 70254592                                  {product} {ergonomic}
    uintx ProfiledCodeHeapSize                     = 122909434                              {pd product} {ergonomic}
    uintx ReservedCodeCacheSize                    = 251658240                              {pd product} {ergonomic}
     bool SegmentedCodeCache                       = true                                      {product} {ergonomic}
   size_t SoftMaxHeapSize                          = 1073741824                             {manageable} {ergonomic}
     bool UseCompressedClassPointers               = true                           {product lp64_product} {ergonomic}
     bool UseCompressedOops                        = true                           {product lp64_product} {ergonomic}
     bool UseLargePagesIndividualAllocation        = false                                  {pd product} {ergonomic}
     bool UseParallelGC                            = true                                      {product} {command line}

Logging:
Log output configuration:
 #0: stdout all=off uptime,level,tags
 #1: stderr all=off uptime,level,tags

Environment Variables:
JAVA_HOME=C:\Program Files\Java\jdk-21
CLASSPATH=C:\Program Files\Java\jdk-21\mysql-connector-j-9.0.0.jar;.;
PATH=F:\WINDOWS.X64_193000_db_home\bin;C:\Program Files\Common Files\Oracle\Java\javapath;C:\Python311\Scripts\;C:\Python311\;C:\Windows\system32;C:\Windows;C:\Windows\System32\Wbem;C:\Windows\System32\WindowsPowerShell\v1.0\;C:\Windows\System32\OpenSSH\;C:\Program Files\php-8.2.9;F:\;C:\ProgramData\chocolatey\bin;C:\Program Files\MongoDB\mongosh-1.10.6-win32-x64\bin;C:\Program Files\Java\jdk-21\bin;C:\MinGW\bin;F:\Git\cmd;C:\Program Files\MySQL\MySQL Server 8.0\bin;C:\Program Files\MySQL\MySQL Shell 8.0\bin\;C:\Users\Tanmoy\AppData\Local\Microsoft\WindowsApps;F:\Microsoft VS Code\bin;C:\Users\Tanmoy\AppData\Roaming\npm;C:\ProgramData\Tanmoy\GitHubDesktop\bin;C:\Python311;C:\Python311\Scripts
USERNAME=Tanmoy
OS=Windows_NT
PROCESSOR_IDENTIFIER=AMD64 Family 23 Model 24 Stepping 1, AuthenticAMD
TMP=C:\Users\Tanmoy\AppData\Local\Temp
TEMP=C:\Users\Tanmoy\AppData\Local\Temp



Periodic native trim disabled


---------------  S Y S T E M  ---------------

OS:
 Windows 10 , 64 bit Build 19041 (10.0.19041.4717)
OS uptime: 1 days 2:03 hours

CPU: total 8 (initial active 8) (8 cores per cpu, 2 threads per core) family 23 model 24 stepping 1 microcode 0x0, cx8, cmov, fxsr, ht, mmx, 3dnowpref, sse, sse2, sse3, ssse3, sse4a, sse4.1, sse4.2, popcnt, lzcnt, tsc, tscinvbit, avx, avx2, aes, clmul, bmi1, bmi2, adx, sha, fma, vzeroupper, clflush, clflushopt
Processor Information for all 8 processors :
  Max Mhz: 2100, Current Mhz: 2100, Mhz Limit: 2100

Memory: 4k page, system-wide physical 14213M (5837M free)
TotalPageFile size 16261M (AvailPageFile size 306M)
current process WorkingSet (physical memory assigned to process): 300M, peak: 300M
current process commit charge ("private bytes"): 326M, peak: 333M

vm_info: OpenJDK 64-Bit Server VM (17.0.12+7) for windows-amd64 JRE (17.0.12+7), built on Jul 16 2024 22:08:24 by "admin" with MS VC++ 16.10 / 16.11 (VS2019)

END.
