#
# There is insufficient memory for the Java Runtime Environment to continue.
# Native memory allocation (malloc) failed to allocate 303056 bytes. Error detail: Chunk::new
# Possible reasons:
#   The system is out of physical RAM or swap space
#   This process is running with CompressedOops enabled, and the Java Heap may be blocking the growth of the native heap
# Possible solutions:
#   Reduce memory load on the system
#   Increase physical memory or swap space
#   Check if swap backing store is full
#   Decrease Java heap size (-Xmx/-Xms)
#   Decrease number of Java threads
#   Decrease Java thread stack sizes (-Xss)
#   Set larger code cache with -XX:ReservedCodeCacheSize=
#   JVM is running with Unscaled Compressed Oops mode in which the Java heap is
#     placed in the first 4GB address space. The Java Heap base address is the
#     maximum limit for the native heap growth. Please use -XX:HeapBaseMinAddress
#     to set the Java Heap base and to place the Java Heap above 4GB virtual address.
# This output file may be truncated or incomplete.
#
#  Out of Memory Error (arena.cpp:191), pid=11036, tid=4640
#
# JRE version: OpenJDK Runtime Environment Temurin-17.0.12+7 (17.0.12+7) (build 17.0.12+7)
# Java VM: OpenJDK 64-Bit Server VM Temurin-17.0.12+7 (17.0.12+7, mixed mode, tiered, compressed oops, compressed class ptrs, parallel gc, windows-amd64)
# No core dump will be written. Minidumps are not enabled by default on client versions of Windows
#

---------------  S U M M A R Y ------------

Command Line: --add-modules=ALL-SYSTEM --add-opens=java.base/java.util=ALL-UNNAMED --add-opens=java.base/java.lang=ALL-UNNAMED --add-opens=java.base/sun.nio.fs=ALL-UNNAMED -Declipse.application=org.eclipse.jdt.ls.core.id1 -Dosgi.bundles.defaultStartLevel=4 -Declipse.product=org.eclipse.jdt.ls.core.product -Djava.import.generatesMetadataFilesAtProjectRoot=false -DDetectVMInstallationsJob.disabled=true -Dfile.encoding=utf8 -XX:+UseParallelGC -XX:GCTimeRatio=4 -XX:AdaptiveSizePolicyWeight=90 -Dsun.zip.disableMemoryMapping=true -Xmx1G -Xms100m -Xlog:disable -javaagent:c:\Users\Tanmoy\.vscode\extensions\redhat.java-1.35.1-win32-x64\lombok\lombok-1.18.33.jar -XX:+HeapDumpOnOutOfMemoryError -XX:HeapDumpPath=c:\Users\Tanmoy\AppData\Roaming\Code\User\workspaceStorage\184b04e5a2089e87458e5613a067ce45\redhat.java -Daether.dependencyCollector.impl=bf c:\Users\Tanmoy\.vscode\extensions\redhat.java-1.35.1-win32-x64\server\plugins\org.eclipse.equinox.launcher_1.6.900.v20240613-2009.jar -configuration c:\Users\Tanmoy\AppData\Roaming\Code\User\globalStorage\redhat.java\1.35.1\config_win -data c:\Users\Tanmoy\AppData\Roaming\Code\User\workspaceStorage\184b04e5a2089e87458e5613a067ce45\redhat.java\jdt_ws --pipe=\\.\pipe\lsp-fdd2051e25df9d074a0588a17bf63063-sock

Host: AMD Ryzen 5 3550H with Radeon Vega Mobile Gfx  , 8 cores, 13G,  Windows 10 , 64 bit Build 19041 (10.0.19041.4717)
Time: Wed Oct  9 10:13:02 2024 India Standard Time elapsed time: 31.879761 seconds (0d 0h 0m 31s)

---------------  T H R E A D  ---------------

Current thread (0x000002750576b440):  JavaThread "C2 CompilerThread1" daemon [_thread_in_native, id=4640, stack(0x000000b9ec700000,0x000000b9ec800000)]


Current CompileTask:
C2:  31880 11696       4       java.util.AbstractMap::hashCode (45 bytes)

Stack: [0x000000b9ec700000,0x000000b9ec800000]
Native frames: (J=compiled Java code, j=interpreted, Vv=VM code, C=native code)
V  [jvm.dll+0x67f929]
V  [jvm.dll+0x8371ba]
V  [jvm.dll+0x838c7e]
V  [jvm.dll+0x8392e3]
V  [jvm.dll+0x24834f]
V  [jvm.dll+0xac9d4]
V  [jvm.dll+0xad01c]
V  [jvm.dll+0x2af96f]
V  [jvm.dll+0x5868d7]
V  [jvm.dll+0x2231c2]
V  [jvm.dll+0x2235bf]
V  [jvm.dll+0x21c6e0]
V  [jvm.dll+0x219be1]
V  [jvm.dll+0x1a58bd]
V  [jvm.dll+0x229a2d]
V  [jvm.dll+0x227bdc]
V  [jvm.dll+0x7ec1f7]
V  [jvm.dll+0x7e65dc]
V  [jvm.dll+0x67e7f7]
C  [ucrtbase.dll+0x21bb2]
C  [KERNEL32.DLL+0x17374]
C  [ntdll.dll+0x4cc91]


---------------  P R O C E S S  ---------------

Threads class SMR info:
_java_thread_list=0x000002750323bb60, length=53, elements={
0x00000275650ebf50, 0x000002757aeccdd0, 0x000002757aece480, 0x0000027500169150,
0x000002750016de00, 0x000002750016f130, 0x00000275001712f0, 0x0000027500176520,
0x0000027500178df0, 0x000002750017c690, 0x0000027500289940, 0x0000027500507110,
0x0000027501893460, 0x0000027501983b30, 0x0000027501c18460, 0x0000027501b7de90,
0x0000027502141b10, 0x000002750228eab0, 0x000002750228c230, 0x000002750228f4d0,
0x000002750228e5a0, 0x000002750228efc0, 0x000002750228d670, 0x000002750228e090,
0x000002750228f9e0, 0x000002750228c740, 0x000002750228cc50, 0x000002750228d160,
0x0000027504032450, 0x0000027504036b30, 0x0000027504038480, 0x0000027504032e70,
0x0000027504032960, 0x0000027504038990, 0x0000027504031520, 0x0000027504037550,
0x0000027504037f70, 0x0000027504035c00, 0x0000027504036620, 0x0000027504031f40,
0x0000027504031a30, 0x0000027504036110, 0x0000027504037040, 0x0000027504037a60,
0x00000275013ee060, 0x00000275013eef90, 0x00000275013f4090, 0x00000275013edb50,
0x00000275013f45a0, 0x00000275013ef4a0, 0x00000275013f1300, 0x00000275013f03d0,
0x000002750576b440
}

Java Threads: ( => current thread )
  0x00000275650ebf50 JavaThread "main" [_thread_blocked, id=1604, stack(0x000000b9ea700000,0x000000b9ea800000)]
  0x000002757aeccdd0 JavaThread "Reference Handler" daemon [_thread_blocked, id=8548, stack(0x000000b9eaa00000,0x000000b9eab00000)]
  0x000002757aece480 JavaThread "Finalizer" daemon [_thread_blocked, id=6484, stack(0x000000b9eab00000,0x000000b9eac00000)]
  0x0000027500169150 JavaThread "Signal Dispatcher" daemon [_thread_blocked, id=16204, stack(0x000000b9eac00000,0x000000b9ead00000)]
  0x000002750016de00 JavaThread "Attach Listener" daemon [_thread_blocked, id=4524, stack(0x000000b9ead00000,0x000000b9eae00000)]
  0x000002750016f130 JavaThread "Service Thread" daemon [_thread_blocked, id=15164, stack(0x000000b9eae00000,0x000000b9eaf00000)]
  0x00000275001712f0 JavaThread "Monitor Deflation Thread" daemon [_thread_blocked, id=12304, stack(0x000000b9eaf00000,0x000000b9eb000000)]
  0x0000027500176520 JavaThread "C2 CompilerThread0" daemon [_thread_in_native, id=9872, stack(0x000000b9eb000000,0x000000b9eb100000)]
  0x0000027500178df0 JavaThread "C1 CompilerThread0" daemon [_thread_in_native, id=10016, stack(0x000000b9eb100000,0x000000b9eb200000)]
  0x000002750017c690 JavaThread "Sweeper thread" daemon [_thread_blocked, id=13516, stack(0x000000b9eb200000,0x000000b9eb300000)]
  0x0000027500289940 JavaThread "Common-Cleaner" daemon [_thread_blocked, id=8624, stack(0x000000b9eb300000,0x000000b9eb400000)]
  0x0000027500507110 JavaThread "Notification Thread" daemon [_thread_blocked, id=18168, stack(0x000000b9eb500000,0x000000b9eb600000)]
  0x0000027501893460 JavaThread "Active Thread: Equinox Container: c86450c2-ad83-40c3-90c7-9e78f0eecd57" [_thread_in_Java, id=2444, stack(0x000000b9ebe00000,0x000000b9ebf00000)]
  0x0000027501983b30 JavaThread "Framework Event Dispatcher: Equinox Container: c86450c2-ad83-40c3-90c7-9e78f0eecd57" daemon [_thread_blocked, id=17024, stack(0x000000b9ebf00000,0x000000b9ec000000)]
  0x0000027501c18460 JavaThread "Start Level: Equinox Container: c86450c2-ad83-40c3-90c7-9e78f0eecd57" daemon [_thread_blocked, id=13164, stack(0x000000b9ec000000,0x000000b9ec100000)]
  0x0000027501b7de90 JavaThread "Bundle File Closer" daemon [_thread_blocked, id=15032, stack(0x000000b9ec200000,0x000000b9ec300000)]
  0x0000027502141b10 JavaThread "SCR Component Actor" daemon [_thread_blocked, id=7448, stack(0x000000b9ebd00000,0x000000b9ebe00000)]
  0x000002750228eab0 JavaThread "Worker-JM" [_thread_blocked, id=2240, stack(0x000000b9ec400000,0x000000b9ec500000)]
  0x000002750228c230 JavaThread "JNA Cleaner" daemon [_thread_blocked, id=7524, stack(0x000000b9eb400000,0x000000b9eb500000)]
  0x000002750228f4d0 JavaThread "Worker-0" [_thread_blocked, id=13148, stack(0x000000b9ec500000,0x000000b9ec600000)]
  0x000002750228e5a0 JavaThread "Worker-1" [_thread_blocked, id=3228, stack(0x000000b9ec600000,0x000000b9ec700000)]
  0x000002750228efc0 JavaThread "Java indexing" daemon [_thread_in_Java, id=15924, stack(0x000000b9ec900000,0x000000b9eca00000)]
  0x000002750228d670 JavaThread "Worker-2" [_thread_blocked, id=13780, stack(0x000000b9eca00000,0x000000b9ecb00000)]
  0x000002750228e090 JavaThread "Thread-2" daemon [_thread_in_native, id=4572, stack(0x000000b9ecd00000,0x000000b9ece00000)]
  0x000002750228f9e0 JavaThread "Thread-3" daemon [_thread_in_native, id=13204, stack(0x000000b9ece00000,0x000000b9ecf00000)]
  0x000002750228c740 JavaThread "Thread-4" daemon [_thread_in_native, id=4840, stack(0x000000b9ecf00000,0x000000b9ed000000)]
  0x000002750228cc50 JavaThread "Thread-5" daemon [_thread_in_native, id=9184, stack(0x000000b9ed000000,0x000000b9ed100000)]
  0x000002750228d160 JavaThread "Thread-6" daemon [_thread_in_native, id=2724, stack(0x000000b9ed100000,0x000000b9ed200000)]
  0x0000027504032450 JavaThread "Thread-7" daemon [_thread_in_native, id=6524, stack(0x000000b9ed200000,0x000000b9ed300000)]
  0x0000027504036b30 JavaThread "Thread-8" daemon [_thread_in_native, id=18260, stack(0x000000b9ed300000,0x000000b9ed400000)]
  0x0000027504038480 JavaThread "Thread-9" daemon [_thread_in_native, id=13340, stack(0x000000b9ed400000,0x000000b9ed500000)]
  0x0000027504032e70 JavaThread "Thread-10" daemon [_thread_in_native, id=8812, stack(0x000000b9ed500000,0x000000b9ed600000)]
  0x0000027504032960 JavaThread "pool-2-thread-1" [_thread_blocked, id=13480, stack(0x000000b9ed600000,0x000000b9ed700000)]
  0x0000027504038990 JavaThread "WorkspaceEventsHandler" [_thread_blocked, id=14448, stack(0x000000b9ed700000,0x000000b9ed800000)]
  0x0000027504031520 JavaThread "pool-1-thread-1" [_thread_blocked, id=260, stack(0x000000b9ed800000,0x000000b9ed900000)]
  0x0000027504037550 JavaThread "Worker-3" [_thread_blocked, id=3524, stack(0x000000b9ed900000,0x000000b9eda00000)]
  0x0000027504037f70 JavaThread "Worker-4" [_thread_blocked, id=11140, stack(0x000000b9ec300000,0x000000b9ec400000)]
  0x0000027504035c00 JavaThread "Worker-5" [_thread_blocked, id=2728, stack(0x000000b9eda00000,0x000000b9edb00000)]
  0x0000027504036620 JavaThread "Worker-6" [_thread_blocked, id=11584, stack(0x000000b9edb00000,0x000000b9edc00000)]
  0x0000027504031f40 JavaThread "Compiler Source File Reader" daemon [_thread_blocked, id=17224, stack(0x000000b9edc00000,0x000000b9edd00000)]
  0x0000027504031a30 JavaThread "Compiler Source File Reader" daemon [_thread_blocked, id=7876, stack(0x000000b9edd00000,0x000000b9ede00000)]
  0x0000027504036110 JavaThread "Compiler Source File Reader" daemon [_thread_blocked, id=17592, stack(0x000000b9ede00000,0x000000b9edf00000)]
  0x0000027504037040 JavaThread "Compiler Source File Reader" daemon [_thread_blocked, id=8472, stack(0x000000b9edf00000,0x000000b9ee000000)]
  0x0000027504037a60 JavaThread "Compiler Source File Reader" daemon [_thread_blocked, id=14876, stack(0x000000b9ee000000,0x000000b9ee100000)]
  0x00000275013ee060 JavaThread "Compiler Processing Task" daemon [_thread_blocked, id=13944, stack(0x000000b9ee100000,0x000000b9ee200000)]
  0x00000275013eef90 JavaThread "ForkJoinPool.commonPool-worker-1" daemon [_thread_blocked, id=2204, stack(0x000000b9ee200000,0x000000b9ee300000)]
  0x00000275013f4090 JavaThread "ForkJoinPool.commonPool-worker-2" daemon [_thread_blocked, id=11164, stack(0x000000b9ee300000,0x000000b9ee400000)]
  0x00000275013edb50 JavaThread "ForkJoinPool.commonPool-worker-3" daemon [_thread_blocked, id=8568, stack(0x000000b9ee400000,0x000000b9ee500000)]
  0x00000275013f45a0 JavaThread "ForkJoinPool.commonPool-worker-4" daemon [_thread_blocked, id=10168, stack(0x000000b9ee500000,0x000000b9ee600000)]
  0x00000275013ef4a0 JavaThread "ForkJoinPool.commonPool-worker-5" daemon [_thread_blocked, id=12980, stack(0x000000b9ee600000,0x000000b9ee700000)]
  0x00000275013f1300 JavaThread "ForkJoinPool.commonPool-worker-6" daemon [_thread_blocked, id=1832, stack(0x000000b9ee700000,0x000000b9ee800000)]
  0x00000275013f03d0 JavaThread "Compiler Source File Reader" daemon [_thread_blocked, id=10404, stack(0x000000b9ee800000,0x000000b9ee900000)]
=>0x000002750576b440 JavaThread "C2 CompilerThread1" daemon [_thread_in_native, id=4640, stack(0x000000b9ec700000,0x000000b9ec800000)]

Other Threads:
  0x000002756519eb10 VMThread "VM Thread" [stack: 0x000000b9ea900000,0x000000b9eaa00000] [id=16192]
  0x00000275011a0730 WatcherThread [stack: 0x000000b9eb600000,0x000000b9eb700000] [id=16516]
  0x0000027565101b60 GCTaskThread "GC Thread#0" [stack: 0x000000b9ea800000,0x000000b9ea900000] [id=10516]
  0x000002750156fca0 GCTaskThread "GC Thread#1" [stack: 0x000000b9eb700000,0x000000b9eb800000] [id=12748]
  0x0000027501507a50 GCTaskThread "GC Thread#2" [stack: 0x000000b9eb800000,0x000000b9eb900000] [id=4000]
  0x0000027501507d10 GCTaskThread "GC Thread#3" [stack: 0x000000b9eb900000,0x000000b9eba00000] [id=8776]
  0x000002750160d450 GCTaskThread "GC Thread#4" [stack: 0x000000b9eba00000,0x000000b9ebb00000] [id=12564]
  0x000002750160d710 GCTaskThread "GC Thread#5" [stack: 0x000000b9ebb00000,0x000000b9ebc00000] [id=5248]
  0x0000027501948450 GCTaskThread "GC Thread#6" [stack: 0x000000b9ebc00000,0x000000b9ebd00000] [id=17472]
  0x0000027501c63da0 GCTaskThread "GC Thread#7" [stack: 0x000000b9ec100000,0x000000b9ec200000] [id=7592]

Threads with active compile tasks:
C2 CompilerThread0    31924 11693       4       org.eclipse.osgi.container.ModuleDatabase$Persistence::writeString (99 bytes)
C1 CompilerThread0    31924 11707       3       org.eclipse.osgi.container.ModuleDatabase$Persistence::writeModule (343 bytes)
C2 CompilerThread1    31924 11696       4       java.util.AbstractMap::hashCode (45 bytes)

VM state: not at safepoint (normal execution)

VM Mutex/Monitor currently owned by a thread: None

Heap address: 0x00000000c0000000, size: 1024 MB, Compressed Oops mode: 32-bit

CDS archive(s) not mapped
Compressed class space mapped at: 0x0000000100000000-0x0000000140000000, reserved size: 1073741824
Narrow klass base: 0x0000000000000000, Narrow klass shift: 3, Narrow klass range: 0x140000000

GC Precious Log:
 CPUs: 8 total, 8 available
 Memory: 14213M
 Large Page Support: Disabled
 NUMA Support: Disabled
 Compressed Oops: Enabled (32-bit)
 Alignments: Space 512K, Generation 512K, Heap 2M
 Heap Min Capacity: 100M
 Heap Initial Capacity: 100M
 Heap Max Capacity: 1G
 Pre-touch: Disabled
 Parallel Workers: 8

Heap:
 PSYoungGen      total 64000K, used 32570K [0x00000000eab00000, 0x00000000f0980000, 0x0000000100000000)
  eden space 35840K, 12% used [0x00000000eab00000,0x00000000eaf4ff68,0x00000000ece00000)
  from space 28160K, 99% used [0x00000000ed280000,0x00000000eedfec28,0x00000000eee00000)
  to   space 25600K, 0% used [0x00000000ef080000,0x00000000ef080000,0x00000000f0980000)
 ParOldGen       total 231936K, used 221625K [0x00000000c0000000, 0x00000000ce280000, 0x00000000eab00000)
  object space 231936K, 95% used [0x00000000c0000000,0x00000000cd86e408,0x00000000ce280000)
 Metaspace       used 71168K, committed 72384K, reserved 1114112K
  class space    used 7428K, committed 8000K, reserved 1048576K

Card table byte_map: [0x0000027578740000,0x0000027578950000] _byte_map_base: 0x0000027578140000

Marking Bits: (ParMarkBitMap*) 0x00007ffbce5958b0
 Begin Bits: [0x0000027578ab0000, 0x0000027579ab0000)
 End Bits:   [0x0000027579ab0000, 0x000002757aab0000)

Polling page: 0x0000027569530000

Metaspace:

Usage:
  Non-class:     62.25 MB used.
      Class:      7.25 MB used.
       Both:     69.50 MB used.

Virtual space:
  Non-class space:       64.00 MB reserved,      62.88 MB ( 98%) committed,  1 nodes.
      Class space:        1.00 GB reserved,       7.81 MB ( <1%) committed,  1 nodes.
             Both:        1.06 GB reserved,      70.69 MB (  6%) committed. 

Chunk freelists:
   Non-Class:  1.00 MB
       Class:  8.01 MB
        Both:  9.01 MB

MaxMetaspaceSize: unlimited
CompressedClassSpaceSize: 1.00 GB
Initial GC threshold: 21.00 MB
Current GC threshold: 116.88 MB
CDS: off
MetaspaceReclaimPolicy: balanced
 - commit_granule_bytes: 65536.
 - commit_granule_words: 8192.
 - virtual_space_node_default_size: 8388608.
 - enlarge_chunks_in_place: 1.
 - new_chunks_are_fully_committed: 0.
 - uncommit_free_chunks: 1.
 - use_allocation_guard: 0.
 - handle_deallocations: 1.


Internal statistics:

num_allocs_failed_limit: 9.
num_arena_births: 892.
num_arena_deaths: 14.
num_vsnodes_births: 2.
num_vsnodes_deaths: 0.
num_space_committed: 1131.
num_space_uncommitted: 0.
num_chunks_returned_to_freelist: 23.
num_chunks_taken_from_freelist: 3969.
num_chunk_merges: 14.
num_chunk_splits: 2370.
num_chunks_enlarged: 1249.
num_inconsistent_stats: 0.

CodeHeap 'non-profiled nmethods': size=120000Kb used=6208Kb max_used=6208Kb free=113791Kb
 bounds [0x0000027571020000, 0x0000027571650000, 0x0000027578550000]
CodeHeap 'profiled nmethods': size=120000Kb used=18843Kb max_used=19702Kb free=101156Kb
 bounds [0x0000027569550000, 0x000002756a8a0000, 0x0000027570a80000]
CodeHeap 'non-nmethods': size=5760Kb used=1392Kb max_used=1440Kb free=4367Kb
 bounds [0x0000027570a80000, 0x0000027570cf0000, 0x0000027571020000]
 total_blobs=10211 nmethods=9489 adapters=634
 compilation: enabled
              stopped_count=0, restarted_count=0
 full_count=0

Compilation events (20 events):
Event: 31.787 Thread 0x0000027500178df0 nmethod 11690 0x000002756a04b390 code [0x000002756a04b920, 0x000002756a04e958]
Event: 31.790 Thread 0x000002750576b440 nmethod 11682 0x000002757146f410 code [0x000002757146f5a0, 0x000002757146f988]
Event: 31.790 Thread 0x000002750576b440 11681       4       java.util.Arrays::copyOf (19 bytes)
Event: 31.792 Thread 0x0000027500176520 nmethod 11677 0x000002757146d910 code [0x000002757146db00, 0x000002757146eb90]
Event: 31.793 Thread 0x0000027500176520 11688       4       org.osgi.framework.Version::hashCode (65 bytes)
Event: 31.793 Thread 0x000002750576b440 nmethod 11681 0x000002757146d390 code [0x000002757146d520, 0x000002757146d7d8]
Event: 31.799 Thread 0x0000027500176520 nmethod 11688 0x000002757146ce90 code [0x000002757146d000, 0x000002757146d238]
Event: 31.801 Thread 0x0000027500176520 11691  s    4       java.io.BufferedOutputStream::write (35 bytes)
Event: 31.804 Thread 0x0000027500176520 nmethod 11691 0x00000275714ea990 code [0x00000275714eab20, 0x00000275714eae48]
Event: 31.804 Thread 0x0000027500176520 11692       4       java.io.DataOutputStream::writeInt (62 bytes)
Event: 31.809 Thread 0x0000027500176520 nmethod 11692 0x00000275714ea090 code [0x00000275714ea220, 0x00000275714ea708]
Event: 31.810 Thread 0x0000027500176520 11693       4       org.eclipse.osgi.container.ModuleDatabase$Persistence::writeString (99 bytes)
Event: 31.837 Thread 0x0000027500178df0 11694       3       java.util.Collections$SingletonMap::keySet (23 bytes)
Event: 31.837 Thread 0x0000027500178df0 nmethod 11694 0x000002756a441c90 code [0x000002756a441e40, 0x000002756a4421f8]
Event: 31.838 Thread 0x000002750576b440 11695       4       java.util.HashMap::keySet (25 bytes)
Event: 31.840 Thread 0x000002750576b440 nmethod 11695 0x000002757146cb10 code [0x000002757146cca0, 0x000002757146cdb8]
Event: 31.845 Thread 0x000002750576b440 11696       4       java.util.AbstractMap::hashCode (45 bytes)
Event: 31.855 Thread 0x0000027500178df0 11698       3       org.eclipse.osgi.container.ModuleDatabase$Persistence::writeList (278 bytes)
Event: 31.860 Thread 0x0000027500178df0 nmethod 11698 0x000002756a0b5710 code [0x000002756a0b5ba0, 0x000002756a0b7b78]
Event: 31.871 Thread 0x0000027500178df0 11700       3       org.eclipse.osgi.container.ModuleDatabase$Persistence::writeGenericInfo (73 bytes)

GC Heap History (20 events):
Event: 25.240 GC heap after
{Heap after GC invocations=141 (full 8):
 PSYoungGen      total 57856K, used 15359K [0x00000000eab00000, 0x00000000efa80000, 0x0000000100000000)
  eden space 42496K, 0% used [0x00000000eab00000,0x00000000eab00000,0x00000000ed480000)
  from space 15360K, 99% used [0x00000000ed480000,0x00000000ee37fd30,0x00000000ee380000)
  to   space 18432K, 0% used [0x00000000ee880000,0x00000000ee880000,0x00000000efa80000)
 ParOldGen       total 185344K, used 180445K [0x00000000c0000000, 0x00000000cb500000, 0x00000000eab00000)
  object space 185344K, 97% used [0x00000000c0000000,0x00000000cb037658,0x00000000cb500000)
 Metaspace       used 69296K, committed 70656K, reserved 1114112K
  class space    used 7272K, committed 7872K, reserved 1048576K
}
Event: 25.745 GC heap before
{Heap before GC invocations=142 (full 8):
 PSYoungGen      total 57856K, used 57855K [0x00000000eab00000, 0x00000000efa80000, 0x0000000100000000)
  eden space 42496K, 100% used [0x00000000eab00000,0x00000000ed480000,0x00000000ed480000)
  from space 15360K, 99% used [0x00000000ed480000,0x00000000ee37fd30,0x00000000ee380000)
  to   space 18432K, 0% used [0x00000000ee880000,0x00000000ee880000,0x00000000efa80000)
 ParOldGen       total 185344K, used 180445K [0x00000000c0000000, 0x00000000cb500000, 0x00000000eab00000)
  object space 185344K, 97% used [0x00000000c0000000,0x00000000cb037658,0x00000000cb500000)
 Metaspace       used 70502K, committed 71808K, reserved 1114112K
  class space    used 7378K, committed 7936K, reserved 1048576K
}
Event: 25.766 GC heap after
{Heap after GC invocations=142 (full 8):
 PSYoungGen      total 54784K, used 13249K [0x00000000eab00000, 0x00000000ef580000, 0x0000000100000000)
  eden space 41472K, 0% used [0x00000000eab00000,0x00000000eab00000,0x00000000ed380000)
  from space 13312K, 99% used [0x00000000ee880000,0x00000000ef570580,0x00000000ef580000)
  to   space 15360K, 0% used [0x00000000ed780000,0x00000000ed780000,0x00000000ee680000)
 ParOldGen       total 189440K, used 189008K [0x00000000c0000000, 0x00000000cb900000, 0x00000000eab00000)
  object space 189440K, 99% used [0x00000000c0000000,0x00000000cb894008,0x00000000cb900000)
 Metaspace       used 70502K, committed 71808K, reserved 1114112K
  class space    used 7378K, committed 7936K, reserved 1048576K
}
Event: 25.766 GC heap before
{Heap before GC invocations=143 (full 9):
 PSYoungGen      total 54784K, used 13249K [0x00000000eab00000, 0x00000000ef580000, 0x0000000100000000)
  eden space 41472K, 0% used [0x00000000eab00000,0x00000000eab00000,0x00000000ed380000)
  from space 13312K, 99% used [0x00000000ee880000,0x00000000ef570580,0x00000000ef580000)
  to   space 15360K, 0% used [0x00000000ed780000,0x00000000ed780000,0x00000000ee680000)
 ParOldGen       total 189440K, used 189008K [0x00000000c0000000, 0x00000000cb900000, 0x00000000eab00000)
  object space 189440K, 99% used [0x00000000c0000000,0x00000000cb894008,0x00000000cb900000)
 Metaspace       used 70502K, committed 71808K, reserved 1114112K
  class space    used 7378K, committed 7936K, reserved 1048576K
}
Event: 26.126 GC heap after
{Heap after GC invocations=143 (full 9):
 PSYoungGen      total 40960K, used 0K [0x00000000eab00000, 0x00000000ef080000, 0x0000000100000000)
  eden space 40448K, 0% used [0x00000000eab00000,0x00000000eab00000,0x00000000ed280000)
  from space 512K, 0% used [0x00000000ed780000,0x00000000ed780000,0x00000000ed800000)
  to   space 15360K, 0% used [0x00000000ee180000,0x00000000ee180000,0x00000000ef080000)
 ParOldGen       total 231936K, used 186042K [0x00000000c0000000, 0x00000000ce280000, 0x00000000eab00000)
  object space 231936K, 80% used [0x00000000c0000000,0x00000000cb5ae940,0x00000000ce280000)
 Metaspace       used 70502K, committed 71808K, reserved 1114112K
  class space    used 7378K, committed 7936K, reserved 1048576K
}
Event: 27.062 GC heap before
{Heap before GC invocations=144 (full 9):
 PSYoungGen      total 40960K, used 40448K [0x00000000eab00000, 0x00000000ef080000, 0x0000000100000000)
  eden space 40448K, 100% used [0x00000000eab00000,0x00000000ed280000,0x00000000ed280000)
  from space 512K, 0% used [0x00000000ed780000,0x00000000ed780000,0x00000000ed800000)
  to   space 15360K, 0% used [0x00000000ee180000,0x00000000ee180000,0x00000000ef080000)
 ParOldGen       total 231936K, used 186042K [0x00000000c0000000, 0x00000000ce280000, 0x00000000eab00000)
  object space 231936K, 80% used [0x00000000c0000000,0x00000000cb5ae940,0x00000000ce280000)
 Metaspace       used 70839K, committed 72192K, reserved 1114112K
  class space    used 7409K, committed 8000K, reserved 1048576K
}
Event: 27.078 GC heap after
{Heap after GC invocations=144 (full 9):
 PSYoungGen      total 48128K, used 8420K [0x00000000eab00000, 0x00000000eea00000, 0x0000000100000000)
  eden space 39424K, 0% used [0x00000000eab00000,0x00000000eab00000,0x00000000ed180000)
  from space 8704K, 96% used [0x00000000ee180000,0x00000000ee9b93d8,0x00000000eea00000)
  to   space 10752K, 0% used [0x00000000ed500000,0x00000000ed500000,0x00000000edf80000)
 ParOldGen       total 231936K, used 186050K [0x00000000c0000000, 0x00000000ce280000, 0x00000000eab00000)
  object space 231936K, 80% used [0x00000000c0000000,0x00000000cb5b0940,0x00000000ce280000)
 Metaspace       used 70839K, committed 72192K, reserved 1114112K
  class space    used 7409K, committed 8000K, reserved 1048576K
}
Event: 27.961 GC heap before
{Heap before GC invocations=145 (full 9):
 PSYoungGen      total 48128K, used 47844K [0x00000000eab00000, 0x00000000eea00000, 0x0000000100000000)
  eden space 39424K, 100% used [0x00000000eab00000,0x00000000ed180000,0x00000000ed180000)
  from space 8704K, 96% used [0x00000000ee180000,0x00000000ee9b93d8,0x00000000eea00000)
  to   space 10752K, 0% used [0x00000000ed500000,0x00000000ed500000,0x00000000edf80000)
 ParOldGen       total 231936K, used 186050K [0x00000000c0000000, 0x00000000ce280000, 0x00000000eab00000)
  object space 231936K, 80% used [0x00000000c0000000,0x00000000cb5b0940,0x00000000ce280000)
 Metaspace       used 70866K, committed 72192K, reserved 1114112K
  class space    used 7409K, committed 8000K, reserved 1048576K
}
Event: 27.979 GC heap after
{Heap after GC invocations=145 (full 9):
 PSYoungGen      total 49152K, used 10747K [0x00000000eab00000, 0x00000000ef180000, 0x0000000100000000)
  eden space 38400K, 0% used [0x00000000eab00000,0x00000000eab00000,0x00000000ed080000)
  from space 10752K, 99% used [0x00000000ed500000,0x00000000edf7ef38,0x00000000edf80000)
  to   space 16896K, 0% used [0x00000000ee100000,0x00000000ee100000,0x00000000ef180000)
 ParOldGen       total 231936K, used 190579K [0x00000000c0000000, 0x00000000ce280000, 0x00000000eab00000)
  object space 231936K, 82% used [0x00000000c0000000,0x00000000cba1ced8,0x00000000ce280000)
 Metaspace       used 70866K, committed 72192K, reserved 1114112K
  class space    used 7409K, committed 8000K, reserved 1048576K
}
Event: 28.940 GC heap before
{Heap before GC invocations=146 (full 9):
 PSYoungGen      total 49152K, used 49147K [0x00000000eab00000, 0x00000000ef180000, 0x0000000100000000)
  eden space 38400K, 100% used [0x00000000eab00000,0x00000000ed080000,0x00000000ed080000)
  from space 10752K, 99% used [0x00000000ed500000,0x00000000edf7ef38,0x00000000edf80000)
  to   space 16896K, 0% used [0x00000000ee100000,0x00000000ee100000,0x00000000ef180000)
 ParOldGen       total 231936K, used 190579K [0x00000000c0000000, 0x00000000ce280000, 0x00000000eab00000)
  object space 231936K, 82% used [0x00000000c0000000,0x00000000cba1ced8,0x00000000ce280000)
 Metaspace       used 71011K, committed 72320K, reserved 1114112K
  class space    used 7412K, committed 8000K, reserved 1048576K
}
Event: 28.959 GC heap after
{Heap after GC invocations=146 (full 9):
 PSYoungGen      total 54784K, used 16504K [0x00000000eab00000, 0x00000000ef200000, 0x0000000100000000)
  eden space 37888K, 0% used [0x00000000eab00000,0x00000000eab00000,0x00000000ed000000)
  from space 16896K, 97% used [0x00000000ee100000,0x00000000ef11e350,0x00000000ef180000)
  to   space 17408K, 0% used [0x00000000ed000000,0x00000000ed000000,0x00000000ee100000)
 ParOldGen       total 231936K, used 190587K [0x00000000c0000000, 0x00000000ce280000, 0x00000000eab00000)
  object space 231936K, 82% used [0x00000000c0000000,0x00000000cba1eed8,0x00000000ce280000)
 Metaspace       used 71011K, committed 72320K, reserved 1114112K
  class space    used 7412K, committed 8000K, reserved 1048576K
}
Event: 29.751 GC heap before
{Heap before GC invocations=147 (full 9):
 PSYoungGen      total 54784K, used 54392K [0x00000000eab00000, 0x00000000ef200000, 0x0000000100000000)
  eden space 37888K, 100% used [0x00000000eab00000,0x00000000ed000000,0x00000000ed000000)
  from space 16896K, 97% used [0x00000000ee100000,0x00000000ef11e350,0x00000000ef180000)
  to   space 17408K, 0% used [0x00000000ed000000,0x00000000ed000000,0x00000000ee100000)
 ParOldGen       total 231936K, used 190587K [0x00000000c0000000, 0x00000000ce280000, 0x00000000eab00000)
  object space 231936K, 82% used [0x00000000c0000000,0x00000000cba1eed8,0x00000000ce280000)
 Metaspace       used 71107K, committed 72384K, reserved 1114112K
  class space    used 7424K, committed 8000K, reserved 1048576K
}
Event: 29.777 GC heap after
{Heap after GC invocations=147 (full 9):
 PSYoungGen      total 54784K, used 17395K [0x00000000eab00000, 0x00000000f0180000, 0x0000000100000000)
  eden space 37376K, 0% used [0x00000000eab00000,0x00000000eab00000,0x00000000ecf80000)
  from space 17408K, 99% used [0x00000000ed000000,0x00000000ee0fcef0,0x00000000ee100000)
  to   space 25600K, 0% used [0x00000000ee880000,0x00000000ee880000,0x00000000f0180000)
 ParOldGen       total 231936K, used 197021K [0x00000000c0000000, 0x00000000ce280000, 0x00000000eab00000)
  object space 231936K, 84% used [0x00000000c0000000,0x00000000cc0676a8,0x00000000ce280000)
 Metaspace       used 71107K, committed 72384K, reserved 1114112K
  class space    used 7424K, committed 8000K, reserved 1048576K
}
Event: 30.104 GC heap before
{Heap before GC invocations=148 (full 9):
 PSYoungGen      total 54784K, used 54771K [0x00000000eab00000, 0x00000000f0180000, 0x0000000100000000)
  eden space 37376K, 100% used [0x00000000eab00000,0x00000000ecf80000,0x00000000ecf80000)
  from space 17408K, 99% used [0x00000000ed000000,0x00000000ee0fcef0,0x00000000ee100000)
  to   space 25600K, 0% used [0x00000000ee880000,0x00000000ee880000,0x00000000f0180000)
 ParOldGen       total 231936K, used 197021K [0x00000000c0000000, 0x00000000ce280000, 0x00000000eab00000)
  object space 231936K, 84% used [0x00000000c0000000,0x00000000cc0676a8,0x00000000ce280000)
 Metaspace       used 71127K, committed 72384K, reserved 1114112K
  class space    used 7428K, committed 8000K, reserved 1048576K
}
Event: 30.132 GC heap after
{Heap after GC invocations=148 (full 9):
 PSYoungGen      total 58880K, used 21979K [0x00000000eab00000, 0x00000000efe00000, 0x0000000100000000)
  eden space 36864K, 0% used [0x00000000eab00000,0x00000000eab00000,0x00000000ecf00000)
  from space 22016K, 99% used [0x00000000ee880000,0x00000000efdf6c90,0x00000000efe00000)
  to   space 23040K, 0% used [0x00000000ed100000,0x00000000ed100000,0x00000000ee780000)
 ParOldGen       total 231936K, used 201418K [0x00000000c0000000, 0x00000000ce280000, 0x00000000eab00000)
  object space 231936K, 86% used [0x00000000c0000000,0x00000000cc4b2ba0,0x00000000ce280000)
 Metaspace       used 71127K, committed 72384K, reserved 1114112K
  class space    used 7428K, committed 8000K, reserved 1048576K
}
Event: 30.790 GC heap before
{Heap before GC invocations=149 (full 9):
 PSYoungGen      total 58880K, used 58843K [0x00000000eab00000, 0x00000000efe00000, 0x0000000100000000)
  eden space 36864K, 100% used [0x00000000eab00000,0x00000000ecf00000,0x00000000ecf00000)
  from space 22016K, 99% used [0x00000000ee880000,0x00000000efdf6c90,0x00000000efe00000)
  to   space 23040K, 0% used [0x00000000ed100000,0x00000000ed100000,0x00000000ee780000)
 ParOldGen       total 231936K, used 201418K [0x00000000c0000000, 0x00000000ce280000, 0x00000000eab00000)
  object space 231936K, 86% used [0x00000000c0000000,0x00000000cc4b2ba0,0x00000000ce280000)
 Metaspace       used 71127K, committed 72384K, reserved 1114112K
  class space    used 7428K, committed 8000K, reserved 1048576K
}
Event: 30.818 GC heap after
{Heap after GC invocations=149 (full 9):
 PSYoungGen      total 59392K, used 23037K [0x00000000eab00000, 0x00000000f1280000, 0x0000000100000000)
  eden space 36352K, 0% used [0x00000000eab00000,0x00000000eab00000,0x00000000ece80000)
  from space 23040K, 99% used [0x00000000ed100000,0x00000000ee77f628,0x00000000ee780000)
  to   space 34816K, 0% used [0x00000000ef080000,0x00000000ef080000,0x00000000f1280000)
 ParOldGen       total 231936K, used 211225K [0x00000000c0000000, 0x00000000ce280000, 0x00000000eab00000)
  object space 231936K, 91% used [0x00000000c0000000,0x00000000cce46548,0x00000000ce280000)
 Metaspace       used 71127K, committed 72384K, reserved 1114112K
  class space    used 7428K, committed 8000K, reserved 1048576K
}
Event: 31.368 GC heap before
{Heap before GC invocations=150 (full 9):
 PSYoungGen      total 59392K, used 59389K [0x00000000eab00000, 0x00000000f1280000, 0x0000000100000000)
  eden space 36352K, 100% used [0x00000000eab00000,0x00000000ece80000,0x00000000ece80000)
  from space 23040K, 99% used [0x00000000ed100000,0x00000000ee77f628,0x00000000ee780000)
  to   space 34816K, 0% used [0x00000000ef080000,0x00000000ef080000,0x00000000f1280000)
 ParOldGen       total 231936K, used 211225K [0x00000000c0000000, 0x00000000ce280000, 0x00000000eab00000)
  object space 231936K, 91% used [0x00000000c0000000,0x00000000cce46548,0x00000000ce280000)
 Metaspace       used 71127K, committed 72384K, reserved 1114112K
  class space    used 7428K, committed 8000K, reserved 1048576K
}
Event: 31.401 GC heap after
{Heap after GC invocations=150 (full 9):
 PSYoungGen      total 61440K, used 25201K [0x00000000eab00000, 0x00000000f0980000, 0x0000000100000000)
  eden space 35840K, 0% used [0x00000000eab00000,0x00000000eab00000,0x00000000ece00000)
  from space 25600K, 98% used [0x00000000ef080000,0x00000000f091c660,0x00000000f0980000)
  to   space 28160K, 0% used [0x00000000ed280000,0x00000000ed280000,0x00000000eee00000)
 ParOldGen       total 231936K, used 216818K [0x00000000c0000000, 0x00000000ce280000, 0x00000000eab00000)
  object space 231936K, 93% used [0x00000000c0000000,0x00000000cd3bcab0,0x00000000ce280000)
 Metaspace       used 71127K, committed 72384K, reserved 1114112K
  class space    used 7428K, committed 8000K, reserved 1048576K
}
Event: 31.872 GC heap before
{Heap before GC invocations=151 (full 9):
 PSYoungGen      total 61440K, used 61041K [0x00000000eab00000, 0x00000000f0980000, 0x0000000100000000)
  eden space 35840K, 100% used [0x00000000eab00000,0x00000000ece00000,0x00000000ece00000)
  from space 25600K, 98% used [0x00000000ef080000,0x00000000f091c660,0x00000000f0980000)
  to   space 28160K, 0% used [0x00000000ed280000,0x00000000ed280000,0x00000000eee00000)
 ParOldGen       total 231936K, used 216818K [0x00000000c0000000, 0x00000000ce280000, 0x00000000eab00000)
  object space 231936K, 93% used [0x00000000c0000000,0x00000000cd3bcab0,0x00000000ce280000)
 Metaspace       used 71161K, committed 72384K, reserved 1114112K
  class space    used 7428K, committed 8000K, reserved 1048576K
}

Dll operation events (11 events):
Event: 0.016 Loaded shared library c:\Users\Tanmoy\.vscode\extensions\redhat.java-1.35.1-win32-x64\jre\17.0.12-win32-x86_64\bin\java.dll
Event: 0.234 Loaded shared library c:\Users\Tanmoy\.vscode\extensions\redhat.java-1.35.1-win32-x64\jre\17.0.12-win32-x86_64\bin\zip.dll
Event: 0.238 Loaded shared library C:\Users\Tanmoy\.vscode\extensions\redhat.java-1.35.1-win32-x64\jre\17.0.12-win32-x86_64\bin\instrument.dll
Event: 0.254 Loaded shared library C:\Users\Tanmoy\.vscode\extensions\redhat.java-1.35.1-win32-x64\jre\17.0.12-win32-x86_64\bin\net.dll
Event: 0.258 Loaded shared library C:\Users\Tanmoy\.vscode\extensions\redhat.java-1.35.1-win32-x64\jre\17.0.12-win32-x86_64\bin\nio.dll
Event: 0.273 Loaded shared library C:\Users\Tanmoy\.vscode\extensions\redhat.java-1.35.1-win32-x64\jre\17.0.12-win32-x86_64\bin\zip.dll
Event: 0.334 Loaded shared library C:\Users\Tanmoy\.vscode\extensions\redhat.java-1.35.1-win32-x64\jre\17.0.12-win32-x86_64\bin\jimage.dll
Event: 0.506 Loaded shared library c:\Users\Tanmoy\.vscode\extensions\redhat.java-1.35.1-win32-x64\jre\17.0.12-win32-x86_64\bin\verify.dll
Event: 1.985 Loaded shared library C:\Users\Tanmoy\AppData\Roaming\Code\User\globalStorage\redhat.java\1.35.1\config_win\org.eclipse.equinox.launcher\org.eclipse.equinox.launcher.win32.win32.x86_64_1.2.1100.v20240722-2106\eclipse_11904.dll
Event: 4.167 Loaded shared library C:\Users\Tanmoy\AppData\Local\Temp\jna--1797151754\jna7797823228842362303.dll
Event: 18.788 Loaded shared library C:\Users\Tanmoy\.vscode\extensions\redhat.java-1.35.1-win32-x64\jre\17.0.12-win32-x86_64\bin\sunmscapi.dll

Deoptimization events (20 events):
Event: 31.765 Thread 0x0000027501893460 DEOPT PACKING pc=0x0000027569ca9330 sp=0x000000b9ebefedc0
Event: 31.765 Thread 0x0000027501893460 DEOPT UNPACKING pc=0x0000027570ad6e43 sp=0x000000b9ebefe308 mode 0
Event: 31.766 Thread 0x0000027501893460 DEOPT PACKING pc=0x0000027569ca9330 sp=0x000000b9ebefedc0
Event: 31.766 Thread 0x0000027501893460 DEOPT UNPACKING pc=0x0000027570ad6e43 sp=0x000000b9ebefe308 mode 0
Event: 31.766 Thread 0x0000027501893460 DEOPT PACKING pc=0x0000027569ca9330 sp=0x000000b9ebefedc0
Event: 31.766 Thread 0x0000027501893460 DEOPT UNPACKING pc=0x0000027570ad6e43 sp=0x000000b9ebefe308 mode 0
Event: 31.767 Thread 0x0000027501893460 DEOPT PACKING pc=0x0000027569ca9330 sp=0x000000b9ebefedc0
Event: 31.767 Thread 0x0000027501893460 DEOPT UNPACKING pc=0x0000027570ad6e43 sp=0x000000b9ebefe308 mode 0
Event: 31.767 Thread 0x0000027501893460 DEOPT PACKING pc=0x0000027569ca9330 sp=0x000000b9ebefedc0
Event: 31.767 Thread 0x0000027501893460 DEOPT UNPACKING pc=0x0000027570ad6e43 sp=0x000000b9ebefe308 mode 0
Event: 31.771 Thread 0x0000027501893460 DEOPT PACKING pc=0x0000027569ca9330 sp=0x000000b9ebefedc0
Event: 31.771 Thread 0x0000027501893460 DEOPT UNPACKING pc=0x0000027570ad6e43 sp=0x000000b9ebefe308 mode 0
Event: 31.772 Thread 0x0000027501893460 DEOPT PACKING pc=0x0000027569ca9330 sp=0x000000b9ebefedc0
Event: 31.772 Thread 0x0000027501893460 DEOPT UNPACKING pc=0x0000027570ad6e43 sp=0x000000b9ebefe308 mode 0
Event: 31.773 Thread 0x0000027501893460 DEOPT PACKING pc=0x0000027569ca9330 sp=0x000000b9ebefedc0
Event: 31.773 Thread 0x0000027501893460 DEOPT UNPACKING pc=0x0000027570ad6e43 sp=0x000000b9ebefe308 mode 0
Event: 31.773 Thread 0x0000027501893460 DEOPT PACKING pc=0x0000027569ca9330 sp=0x000000b9ebefedc0
Event: 31.773 Thread 0x0000027501893460 DEOPT UNPACKING pc=0x0000027570ad6e43 sp=0x000000b9ebefe308 mode 0
Event: 31.774 Thread 0x0000027501893460 DEOPT PACKING pc=0x0000027569ca9330 sp=0x000000b9ebefedc0
Event: 31.774 Thread 0x0000027501893460 DEOPT UNPACKING pc=0x0000027570ad6e43 sp=0x000000b9ebefe308 mode 0

Classes loaded (20 events):
Event: 19.535 Loading class java/util/zip/GZIPInputStream$1
Event: 19.536 Loading class java/util/zip/GZIPInputStream$1 done
Event: 23.984 Loading class sun/nio/cs/ISO_8859_1$Decoder
Event: 23.985 Loading class sun/nio/cs/ISO_8859_1$Decoder done
Event: 24.292 Loading class java/util/concurrent/ForkJoinTask$AdaptedCallable
Event: 24.293 Loading class java/util/concurrent/ForkJoinTask$AdaptedCallable done
Event: 24.293 Loading class java/util/concurrent/CountedCompleter
Event: 24.294 Loading class java/util/concurrent/CountedCompleter done
Event: 24.697 Loading class java/util/Collections$2
Event: 24.698 Loading class java/util/Collections$2 done
Event: 29.587 Loading class java/util/stream/ReduceOps$5
Event: 29.587 Loading class java/util/stream/ReduceOps$5 done
Event: 29.588 Loading class java/util/stream/ReduceOps$CountingSink$OfRef
Event: 29.588 Loading class java/util/stream/ReduceOps$CountingSink
Event: 29.588 Loading class java/util/stream/ReduceOps$CountingSink done
Event: 29.588 Loading class java/util/stream/ReduceOps$CountingSink$OfRef done
Event: 29.933 Loading class java/util/stream/ReduceOps$1
Event: 29.934 Loading class java/util/stream/ReduceOps$1 done
Event: 29.934 Loading class java/util/stream/ReduceOps$1ReducingSink
Event: 29.934 Loading class java/util/stream/ReduceOps$1ReducingSink done

Classes unloaded (7 events):
Event: 6.576 Thread 0x000002756519eb10 Unloading class 0x0000000100250400 'java/lang/invoke/LambdaForm$MH+0x0000000100250400'
Event: 6.576 Thread 0x000002756519eb10 Unloading class 0x0000000100250000 'java/lang/invoke/LambdaForm$MH+0x0000000100250000'
Event: 6.576 Thread 0x000002756519eb10 Unloading class 0x000000010024bc00 'java/lang/invoke/LambdaForm$MH+0x000000010024bc00'
Event: 6.576 Thread 0x000002756519eb10 Unloading class 0x000000010024b800 'java/lang/invoke/LambdaForm$MH+0x000000010024b800'
Event: 6.576 Thread 0x000002756519eb10 Unloading class 0x000000010024b400 'java/lang/invoke/LambdaForm$BMH+0x000000010024b400'
Event: 6.576 Thread 0x000002756519eb10 Unloading class 0x000000010024b000 'java/lang/invoke/LambdaForm$DMH+0x000000010024b000'
Event: 6.576 Thread 0x000002756519eb10 Unloading class 0x0000000100248400 'java/lang/invoke/LambdaForm$DMH+0x0000000100248400'

Classes redefined (0 events):
No events

Internal exceptions (20 events):
Event: 28.073 Thread 0x000002750228d670 Exception <a 'java/lang/NoSuchMethodError'{0x00000000eb3b9a58}: 'int java.lang.invoke.DirectMethodHandle$Holder.invokeStatic(java.lang.Object)'> (0x00000000eb3b9a58) 
thrown [s\src\hotspot\share\interpreter\linkResolver.cpp, line 759]
Event: 28.091 Thread 0x000002750228d670 Exception <a 'sun/nio/fs/WindowsException'{0x00000000eb43cd48}> (0x00000000eb43cd48) 
thrown [s\src\hotspot\share\prims\jni.cpp, line 516]
Event: 28.093 Thread 0x000002750228d670 Exception <a 'sun/nio/fs/WindowsException'{0x00000000eb43d8e8}> (0x00000000eb43d8e8) 
thrown [s\src\hotspot\share\prims\jni.cpp, line 516]
Event: 28.095 Thread 0x000002750228d670 Exception <a 'sun/nio/fs/WindowsException'{0x00000000eb43e498}> (0x00000000eb43e498) 
thrown [s\src\hotspot\share\prims\jni.cpp, line 516]
Event: 28.096 Thread 0x000002750228d670 Exception <a 'sun/nio/fs/WindowsException'{0x00000000eb43f5e8}> (0x00000000eb43f5e8) 
thrown [s\src\hotspot\share\prims\jni.cpp, line 516]
Event: 28.112 Thread 0x000002750228d670 Exception <a 'sun/nio/fs/WindowsException'{0x00000000eb50b458}> (0x00000000eb50b458) 
thrown [s\src\hotspot\share\prims\jni.cpp, line 516]
Event: 28.117 Thread 0x000002750228d670 Exception <a 'sun/nio/fs/WindowsException'{0x00000000eb50c020}> (0x00000000eb50c020) 
thrown [s\src\hotspot\share\prims\jni.cpp, line 516]
Event: 28.120 Thread 0x000002750228d670 Exception <a 'sun/nio/fs/WindowsException'{0x00000000eb50cbd0}> (0x00000000eb50cbd0) 
thrown [s\src\hotspot\share\prims\jni.cpp, line 516]
Event: 28.661 Thread 0x000002750228d670 Exception <a 'sun/nio/fs/WindowsException'{0x00000000ebb21c70}> (0x00000000ebb21c70) 
thrown [s\src\hotspot\share\prims\jni.cpp, line 516]
Event: 28.662 Thread 0x000002750228d670 Exception <a 'sun/nio/fs/WindowsException'{0x00000000ebb222a8}> (0x00000000ebb222a8) 
thrown [s\src\hotspot\share\prims\jni.cpp, line 516]
Event: 28.688 Thread 0x000002750228e5a0 Exception <a 'sun/nio/fs/WindowsException'{0x00000000eb4756a0}> (0x00000000eb4756a0) 
thrown [s\src\hotspot\share\prims\jni.cpp, line 516]
Event: 28.689 Thread 0x000002750228e5a0 Exception <a 'sun/nio/fs/WindowsException'{0x00000000eb475f10}> (0x00000000eb475f10) 
thrown [s\src\hotspot\share\prims\jni.cpp, line 516]
Event: 28.690 Thread 0x000002750228e5a0 Exception <a 'sun/nio/fs/WindowsException'{0x00000000eb476f68}> (0x00000000eb476f68) 
thrown [s\src\hotspot\share\prims\jni.cpp, line 516]
Event: 28.691 Thread 0x000002750228e5a0 Exception <a 'sun/nio/fs/WindowsException'{0x00000000eb4777d8}> (0x00000000eb4777d8) 
thrown [s\src\hotspot\share\prims\jni.cpp, line 516]
Event: 28.693 Thread 0x000002750228e5a0 Exception <a 'sun/nio/fs/WindowsException'{0x00000000eb4792b8}> (0x00000000eb4792b8) 
thrown [s\src\hotspot\share\prims\jni.cpp, line 516]
Event: 28.694 Thread 0x000002750228e5a0 Exception <a 'sun/nio/fs/WindowsException'{0x00000000eb479b28}> (0x00000000eb479b28) 
thrown [s\src\hotspot\share\prims\jni.cpp, line 516]
Event: 28.812 Thread 0x000002750228e5a0 Exception <a 'sun/nio/fs/WindowsException'{0x00000000ec382ce0}> (0x00000000ec382ce0) 
thrown [s\src\hotspot\share\prims\jni.cpp, line 516]
Event: 28.813 Thread 0x000002750228e5a0 Exception <a 'sun/nio/fs/WindowsException'{0x00000000ec3837f8}> (0x00000000ec3837f8) 
thrown [s\src\hotspot\share\prims\jni.cpp, line 516]
Event: 29.590 Thread 0x000002750228e5a0 Exception <a 'sun/nio/fs/WindowsException'{0x00000000ec489110}> (0x00000000ec489110) 
thrown [s\src\hotspot\share\prims\jni.cpp, line 516]
Event: 29.590 Thread 0x000002750228e5a0 Exception <a 'sun/nio/fs/WindowsException'{0x00000000ec489980}> (0x00000000ec489980) 
thrown [s\src\hotspot\share\prims\jni.cpp, line 516]

VM Operations (20 events):
Event: 26.250 Executing VM operation: HandshakeAllThreads done
Event: 26.316 Executing VM operation: HandshakeAllThreads
Event: 26.316 Executing VM operation: HandshakeAllThreads done
Event: 26.402 Executing VM operation: HandshakeAllThreads
Event: 26.417 Executing VM operation: HandshakeAllThreads done
Event: 27.062 Executing VM operation: ParallelGCFailedAllocation
Event: 27.078 Executing VM operation: ParallelGCFailedAllocation done
Event: 27.961 Executing VM operation: ParallelGCFailedAllocation
Event: 27.979 Executing VM operation: ParallelGCFailedAllocation done
Event: 28.939 Executing VM operation: ParallelGCFailedAllocation
Event: 28.959 Executing VM operation: ParallelGCFailedAllocation done
Event: 29.751 Executing VM operation: ParallelGCFailedAllocation
Event: 29.777 Executing VM operation: ParallelGCFailedAllocation done
Event: 30.104 Executing VM operation: ParallelGCFailedAllocation
Event: 30.132 Executing VM operation: ParallelGCFailedAllocation done
Event: 30.789 Executing VM operation: ParallelGCFailedAllocation
Event: 30.818 Executing VM operation: ParallelGCFailedAllocation done
Event: 31.368 Executing VM operation: ParallelGCFailedAllocation
Event: 31.401 Executing VM operation: ParallelGCFailedAllocation done
Event: 31.872 Executing VM operation: ParallelGCFailedAllocation

Events (20 events):
Event: 26.455 Thread 0x000002750017c690 flushing nmethod 0x000002756a6eb310
Event: 26.455 Thread 0x000002750017c690 flushing nmethod 0x000002756a6ebb10
Event: 26.455 Thread 0x000002750017c690 flushing nmethod 0x000002756a6ec990
Event: 26.455 Thread 0x000002750017c690 flushing nmethod 0x000002756a6ed710
Event: 26.455 Thread 0x000002750017c690 flushing nmethod 0x000002756a6eda90
Event: 26.455 Thread 0x000002750017c690 flushing nmethod 0x000002756a6ee890
Event: 26.455 Thread 0x000002750017c690 flushing nmethod 0x000002756a6f0f10
Event: 26.455 Thread 0x000002750017c690 flushing nmethod 0x000002756a6f3c90
Event: 26.455 Thread 0x000002750017c690 flushing nmethod 0x000002756a6fbe90
Event: 26.455 Thread 0x000002750017c690 flushing nmethod 0x000002756a729210
Event: 26.456 Thread 0x000002750017c690 flushing nmethod 0x000002756a7dd010
Event: 26.456 Thread 0x000002750017c690 flushing nmethod 0x000002756a7ddc90
Event: 27.824 Thread 0x0000027502e6a030 Thread exited: 0x0000027502e6a030
Event: 28.016 Thread 0x00000275019be590 Thread exited: 0x00000275019be590
Event: 28.075 Thread 0x0000027504357f60 Thread added: 0x0000027504357f60
Event: 28.189 Thread 0x00000275043584b0 Thread added: 0x00000275043584b0
Event: 28.190 Thread 0x00000275013f03d0 Thread added: 0x00000275013f03d0
Event: 29.375 Thread 0x00000275043584b0 Thread exited: 0x00000275043584b0
Event: 29.375 Thread 0x0000027504357f60 Thread exited: 0x0000027504357f60
Event: 31.780 Thread 0x000002750576b440 Thread added: 0x000002750576b440


Dynamic libraries:
0x00007ff6ebd10000 - 0x00007ff6ebd1e000 	c:\Users\Tanmoy\.vscode\extensions\redhat.java-1.35.1-win32-x64\jre\17.0.12-win32-x86_64\bin\java.exe
0x00007ffc35f50000 - 0x00007ffc36148000 	C:\Windows\SYSTEM32\ntdll.dll
0x00007ffc34c80000 - 0x00007ffc34d41000 	C:\Windows\System32\KERNEL32.DLL
0x00007ffc33a00000 - 0x00007ffc33cfd000 	C:\Windows\System32\KERNELBASE.dll
0x00007ffc2e6e0000 - 0x00007ffc2e774000 	C:\Windows\SYSTEM32\apphelp.dll
0x00007ffc33db0000 - 0x00007ffc33eb0000 	C:\Windows\System32\ucrtbase.dll
0x00007ffc19df0000 - 0x00007ffc19e0b000 	c:\Users\Tanmoy\.vscode\extensions\redhat.java-1.35.1-win32-x64\jre\17.0.12-win32-x86_64\bin\VCRUNTIME140.dll
0x00007ffc19f20000 - 0x00007ffc19f37000 	c:\Users\Tanmoy\.vscode\extensions\redhat.java-1.35.1-win32-x64\jre\17.0.12-win32-x86_64\bin\jli.dll
0x00007ffc35cc0000 - 0x00007ffc35e5d000 	C:\Windows\System32\USER32.dll
0x00007ffc33eb0000 - 0x00007ffc33ed2000 	C:\Windows\System32\win32u.dll
0x00007ffc1b860000 - 0x00007ffc1bafa000 	C:\Windows\WinSxS\amd64_microsoft.windows.common-controls_6595b64144ccf1df_6.0.19041.4355_none_60b8b9eb71f62e16\COMCTL32.dll
0x00007ffc35040000 - 0x00007ffc3506b000 	C:\Windows\System32\GDI32.dll
0x00007ffc351b0000 - 0x00007ffc3524e000 	C:\Windows\System32\msvcrt.dll
0x00007ffc33840000 - 0x00007ffc33957000 	C:\Windows\System32\gdi32full.dll
0x00007ffc33960000 - 0x00007ffc339fd000 	C:\Windows\System32\msvcp_win.dll
0x00007ffc35770000 - 0x00007ffc3579f000 	C:\Windows\System32\IMM32.DLL
0x00007ffc306a0000 - 0x00007ffc306ac000 	c:\Users\Tanmoy\.vscode\extensions\redhat.java-1.35.1-win32-x64\jre\17.0.12-win32-x86_64\bin\vcruntime140_1.dll
0x00007ffbed530000 - 0x00007ffbed5bd000 	c:\Users\Tanmoy\.vscode\extensions\redhat.java-1.35.1-win32-x64\jre\17.0.12-win32-x86_64\bin\msvcp140.dll
0x00007ffbcd9f0000 - 0x00007ffbce65a000 	c:\Users\Tanmoy\.vscode\extensions\redhat.java-1.35.1-win32-x64\jre\17.0.12-win32-x86_64\bin\server\jvm.dll
0x00007ffc357a0000 - 0x00007ffc35850000 	C:\Windows\System32\ADVAPI32.dll
0x00007ffc34de0000 - 0x00007ffc34e80000 	C:\Windows\System32\sechost.dll
0x00007ffc34ac0000 - 0x00007ffc34be3000 	C:\Windows\System32\RPCRT4.dll
0x00007ffc33ee0000 - 0x00007ffc33f07000 	C:\Windows\System32\bcrypt.dll
0x00007ffc35070000 - 0x00007ffc350db000 	C:\Windows\System32\WS2_32.dll
0x00007ffc32b80000 - 0x00007ffc32bcb000 	C:\Windows\SYSTEM32\POWRPROF.dll
0x00007ffc2e4c0000 - 0x00007ffc2e4ca000 	C:\Windows\SYSTEM32\VERSION.dll
0x00007ffc28110000 - 0x00007ffc28137000 	C:\Windows\SYSTEM32\WINMM.dll
0x00007ffc329f0000 - 0x00007ffc32a02000 	C:\Windows\SYSTEM32\UMPDC.dll
0x00007ffc31480000 - 0x00007ffc31492000 	C:\Windows\SYSTEM32\kernel.appcore.dll
0x00007ffc230a0000 - 0x00007ffc230aa000 	c:\Users\Tanmoy\.vscode\extensions\redhat.java-1.35.1-win32-x64\jre\17.0.12-win32-x86_64\bin\jimage.dll
0x00007ffc26670000 - 0x00007ffc26854000 	C:\Windows\SYSTEM32\DBGHELP.DLL
0x00007ffc15df0000 - 0x00007ffc15e24000 	C:\Windows\SYSTEM32\dbgcore.DLL
0x00007ffc33600000 - 0x00007ffc33682000 	C:\Windows\System32\bcryptPrimitives.dll
0x00007ffc30090000 - 0x00007ffc3009e000 	c:\Users\Tanmoy\.vscode\extensions\redhat.java-1.35.1-win32-x64\jre\17.0.12-win32-x86_64\bin\instrument.dll
0x00007ffc0afb0000 - 0x00007ffc0afd5000 	c:\Users\Tanmoy\.vscode\extensions\redhat.java-1.35.1-win32-x64\jre\17.0.12-win32-x86_64\bin\java.dll
0x00007ffc0fe30000 - 0x00007ffc0fe48000 	c:\Users\Tanmoy\.vscode\extensions\redhat.java-1.35.1-win32-x64\jre\17.0.12-win32-x86_64\bin\zip.dll
0x00007ffc34340000 - 0x00007ffc34aaf000 	C:\Windows\System32\SHELL32.dll
0x00007ffc31680000 - 0x00007ffc31e1f000 	C:\Windows\SYSTEM32\windows.storage.dll
0x00007ffc33f80000 - 0x00007ffc342d3000 	C:\Windows\System32\combase.dll
0x00007ffc33020000 - 0x00007ffc3304e000 	C:\Windows\SYSTEM32\Wldp.dll
0x00007ffc350e0000 - 0x00007ffc351ad000 	C:\Windows\System32\OLEAUT32.dll
0x00007ffc35250000 - 0x00007ffc352fd000 	C:\Windows\System32\SHCORE.dll
0x00007ffc342e0000 - 0x00007ffc34335000 	C:\Windows\System32\shlwapi.dll
0x00007ffc33530000 - 0x00007ffc33554000 	C:\Windows\SYSTEM32\profapi.dll
0x00007ffc08c20000 - 0x00007ffc08c39000 	C:\Users\Tanmoy\.vscode\extensions\redhat.java-1.35.1-win32-x64\jre\17.0.12-win32-x86_64\bin\net.dll
0x00007ffc2bb60000 - 0x00007ffc2bc6d000 	C:\Windows\SYSTEM32\WINHTTP.dll
0x00007ffc32d80000 - 0x00007ffc32dea000 	C:\Windows\system32\mswsock.dll
0x00007ffc08aa0000 - 0x00007ffc08ab6000 	C:\Users\Tanmoy\.vscode\extensions\redhat.java-1.35.1-win32-x64\jre\17.0.12-win32-x86_64\bin\nio.dll
0x00007ffc1ed90000 - 0x00007ffc1eda0000 	c:\Users\Tanmoy\.vscode\extensions\redhat.java-1.35.1-win32-x64\jre\17.0.12-win32-x86_64\bin\verify.dll
0x00007ffc05cb0000 - 0x00007ffc05cf5000 	C:\Users\Tanmoy\AppData\Roaming\Code\User\globalStorage\redhat.java\1.35.1\config_win\org.eclipse.equinox.launcher\org.eclipse.equinox.launcher.win32.win32.x86_64_1.2.1100.v20240722-2106\eclipse_11904.dll
0x00007ffc35480000 - 0x00007ffc355ab000 	C:\Windows\System32\ole32.dll
0x00007ffc32f80000 - 0x00007ffc32f98000 	C:\Windows\SYSTEM32\CRYPTSP.dll
0x00007ffc32630000 - 0x00007ffc32664000 	C:\Windows\system32\rsaenh.dll
0x00007ffc334a0000 - 0x00007ffc334ce000 	C:\Windows\SYSTEM32\USERENV.dll
0x00007ffc32f70000 - 0x00007ffc32f7c000 	C:\Windows\SYSTEM32\CRYPTBASE.dll
0x00007ffc32a10000 - 0x00007ffc32a4b000 	C:\Windows\SYSTEM32\IPHLPAPI.DLL
0x00007ffc34d50000 - 0x00007ffc34d58000 	C:\Windows\System32\NSI.dll
0x00007ffc2c900000 - 0x00007ffc2c917000 	C:\Windows\SYSTEM32\dhcpcsvc6.DLL
0x00007ffc2e410000 - 0x00007ffc2e42d000 	C:\Windows\SYSTEM32\dhcpcsvc.DLL
0x00007ffc32a50000 - 0x00007ffc32b1a000 	C:\Windows\SYSTEM32\DNSAPI.dll
0x00007ffbfa440000 - 0x00007ffbfa489000 	C:\Users\Tanmoy\AppData\Local\Temp\jna--1797151754\jna7797823228842362303.dll
0x00007ffc34ab0000 - 0x00007ffc34ab8000 	C:\Windows\System32\PSAPI.DLL
0x00007ffc23030000 - 0x00007ffc2303e000 	C:\Users\Tanmoy\.vscode\extensions\redhat.java-1.35.1-win32-x64\jre\17.0.12-win32-x86_64\bin\sunmscapi.dll
0x00007ffc33690000 - 0x00007ffc337ee000 	C:\Windows\System32\CRYPT32.dll
0x00007ffc33090000 - 0x00007ffc330b9000 	C:\Windows\SYSTEM32\ncrypt.dll
0x00007ffc33050000 - 0x00007ffc3308b000 	C:\Windows\SYSTEM32\NTASN1.dll

dbghelp: loaded successfully - version: 4.0.5 - missing functions: none
symbol engine: initialized successfully - sym options: 0x614 - pdb path: .;c:\Users\Tanmoy\.vscode\extensions\redhat.java-1.35.1-win32-x64\jre\17.0.12-win32-x86_64\bin;C:\Windows\SYSTEM32;C:\Windows\WinSxS\amd64_microsoft.windows.common-controls_6595b64144ccf1df_6.0.19041.4355_none_60b8b9eb71f62e16;c:\Users\Tanmoy\.vscode\extensions\redhat.java-1.35.1-win32-x64\jre\17.0.12-win32-x86_64\bin\server;C:\Users\Tanmoy\AppData\Roaming\Code\User\globalStorage\redhat.java\1.35.1\config_win\org.eclipse.equinox.launcher\org.eclipse.equinox.launcher.win32.win32.x86_64_1.2.1100.v20240722-2106;C:\Users\Tanmoy\AppData\Local\Temp\jna--1797151754

VM Arguments:
jvm_args: --add-modules=ALL-SYSTEM --add-opens=java.base/java.util=ALL-UNNAMED --add-opens=java.base/java.lang=ALL-UNNAMED --add-opens=java.base/sun.nio.fs=ALL-UNNAMED -Declipse.application=org.eclipse.jdt.ls.core.id1 -Dosgi.bundles.defaultStartLevel=4 -Declipse.product=org.eclipse.jdt.ls.core.product -Djava.import.generatesMetadataFilesAtProjectRoot=false -DDetectVMInstallationsJob.disabled=true -Dfile.encoding=utf8 -XX:+UseParallelGC -XX:GCTimeRatio=4 -XX:AdaptiveSizePolicyWeight=90 -Dsun.zip.disableMemoryMapping=true -Xmx1G -Xms100m -Xlog:disable -javaagent:c:\Users\Tanmoy\.vscode\extensions\redhat.java-1.35.1-win32-x64\lombok\lombok-1.18.33.jar -XX:+HeapDumpOnOutOfMemoryError -XX:HeapDumpPath=c:\Users\Tanmoy\AppData\Roaming\Code\User\workspaceStorage\184b04e5a2089e87458e5613a067ce45\redhat.java -Daether.dependencyCollector.impl=bf 
java_command: c:\Users\Tanmoy\.vscode\extensions\redhat.java-1.35.1-win32-x64\server\plugins\org.eclipse.equinox.launcher_1.6.900.v20240613-2009.jar -configuration c:\Users\Tanmoy\AppData\Roaming\Code\User\globalStorage\redhat.java\1.35.1\config_win -data c:\Users\Tanmoy\AppData\Roaming\Code\User\workspaceStorage\184b04e5a2089e87458e5613a067ce45\redhat.java\jdt_ws --pipe=\\.\pipe\lsp-fdd2051e25df9d074a0588a17bf63063-sock
java_class_path (initial): c:\Users\Tanmoy\.vscode\extensions\redhat.java-1.35.1-win32-x64\server\plugins\org.eclipse.equinox.launcher_1.6.900.v20240613-2009.jar
Launcher Type: SUN_STANDARD

[Global flags]
    uintx AdaptiveSizePolicyWeight                 = 90                                        {product} {command line}
     intx CICompilerCount                          = 4                                         {product} {ergonomic}
    uintx GCTimeRatio                              = 4                                         {product} {command line}
     bool HeapDumpOnOutOfMemoryError               = true                                   {manageable} {command line}
    ccstr HeapDumpPath                             = c:\Users\Tanmoy\AppData\Roaming\Code\User\workspaceStorage\184b04e5a2089e87458e5613a067ce45\redhat.java         {manageable} {command line}
   size_t InitialHeapSize                          = 104857600                                 {product} {command line}
   size_t MaxHeapSize                              = 1073741824                                {product} {command line}
   size_t MaxNewSize                               = 357564416                                 {product} {ergonomic}
   size_t MinHeapDeltaBytes                        = 524288                                    {product} {ergonomic}
   size_t MinHeapSize                              = 104857600                                 {product} {command line}
   size_t NewSize                                  = 34603008                                  {product} {ergonomic}
    uintx NonNMethodCodeHeapSize                   = 5839372                                {pd product} {ergonomic}
    uintx NonProfiledCodeHeapSize                  = 122909434                              {pd product} {ergonomic}
   size_t OldSize                                  = 70254592                                  {product} {ergonomic}
    uintx ProfiledCodeHeapSize                     = 122909434                              {pd product} {ergonomic}
    uintx ReservedCodeCacheSize                    = 251658240                              {pd product} {ergonomic}
     bool SegmentedCodeCache                       = true                                      {product} {ergonomic}
   size_t SoftMaxHeapSize                          = 1073741824                             {manageable} {ergonomic}
     bool UseCompressedClassPointers               = true                           {product lp64_product} {ergonomic}
     bool UseCompressedOops                        = true                           {product lp64_product} {ergonomic}
     bool UseLargePagesIndividualAllocation        = false                                  {pd product} {ergonomic}
     bool UseParallelGC                            = true                                      {product} {command line}

Logging:
Log output configuration:
 #0: stdout all=off uptime,level,tags
 #1: stderr all=off uptime,level,tags

Environment Variables:
JAVA_HOME=C:\Program Files\Java\jdk-21
CLASSPATH=C:\Program Files\Java\jdk-21\mysql-connector-j-9.0.0.jar;.;
PATH=F:\WINDOWS.X64_193000_db_home\bin;C:\Program Files\Common Files\Oracle\Java\javapath;C:\Python311\Scripts\;C:\Python311\;C:\Windows\system32;C:\Windows;C:\Windows\System32\Wbem;C:\Windows\System32\WindowsPowerShell\v1.0\;C:\Windows\System32\OpenSSH\;C:\Program Files\php-8.2.9;F:\;C:\ProgramData\chocolatey\bin;C:\Program Files\MongoDB\mongosh-1.10.6-win32-x64\bin;C:\Program Files\Java\jdk-21\bin;C:\MinGW\bin;F:\Git\cmd;C:\Program Files\MySQL\MySQL Server 8.0\bin;C:\Program Files\MySQL\MySQL Shell 8.0\bin\;C:\Users\Tanmoy\AppData\Local\Microsoft\WindowsApps;F:\Microsoft VS Code\bin;C:\Users\Tanmoy\AppData\Roaming\npm;C:\ProgramData\Tanmoy\GitHubDesktop\bin;C:\Python311;C:\Python311\Scripts
USERNAME=Tanmoy
OS=Windows_NT
PROCESSOR_IDENTIFIER=AMD64 Family 23 Model 24 Stepping 1, AuthenticAMD
TMP=C:\Users\Tanmoy\AppData\Local\Temp
TEMP=C:\Users\Tanmoy\AppData\Local\Temp



Periodic native trim disabled


---------------  S Y S T E M  ---------------

OS:
 Windows 10 , 64 bit Build 19041 (10.0.19041.4717)
OS uptime: 1 days 2:04 hours

CPU: total 8 (initial active 8) (8 cores per cpu, 2 threads per core) family 23 model 24 stepping 1 microcode 0x0, cx8, cmov, fxsr, ht, mmx, 3dnowpref, sse, sse2, sse3, ssse3, sse4a, sse4.1, sse4.2, popcnt, lzcnt, tsc, tscinvbit, avx, avx2, aes, clmul, bmi1, bmi2, adx, sha, fma, vzeroupper, clflush, clflushopt
Processor Information for all 8 processors :
  Max Mhz: 2100, Current Mhz: 2100, Mhz Limit: 2100

Memory: 4k page, system-wide physical 14213M (5522M free)
TotalPageFile size 16261M (AvailPageFile size 5M)
current process WorkingSet (physical memory assigned to process): 568M, peak: 581M
current process commit charge ("private bytes"): 548M, peak: 591M

vm_info: OpenJDK 64-Bit Server VM (17.0.12+7) for windows-amd64 JRE (17.0.12+7), built on Jul 16 2024 22:08:24 by "admin" with MS VC++ 16.10 / 16.11 (VS2019)

END.
