#
# There is insufficient memory for the Java Runtime Environment to continue.
# Native memory allocation (mmap) failed to map 65536 bytes. Error detail: Failed to commit metaspace.
# Possible reasons:
#   The system is out of physical RAM or swap space
#   This process is running with CompressedOops enabled, and the Java Heap may be blocking the growth of the native heap
# Possible solutions:
#   Reduce memory load on the system
#   Increase physical memory or swap space
#   Check if swap backing store is full
#   Decrease Java heap size (-Xmx/-Xms)
#   Decrease number of Java threads
#   Decrease Java thread stack sizes (-Xss)
#   Set larger code cache with -XX:ReservedCodeCacheSize=
#   JVM is running with Unscaled Compressed Oops mode in which the Java heap is
#     placed in the first 4GB address space. The Java Heap base address is the
#     maximum limit for the native heap growth. Please use -XX:HeapBaseMinAddress
#     to set the Java Heap base and to place the Java Heap above 4GB virtual address.
# This output file may be truncated or incomplete.
#
#  Out of Memory Error (virtualSpaceNode.cpp:110), pid=16804, tid=8848
#
# JRE version: OpenJDK Runtime Environment Temurin-17.0.12+7 (17.0.12+7) (build 17.0.12+7)
# Java VM: OpenJDK 64-Bit Server VM Temurin-17.0.12+7 (17.0.12+7, mixed mode, tiered, compressed oops, compressed class ptrs, parallel gc, windows-amd64)
# No core dump will be written. Minidumps are not enabled by default on client versions of Windows
#

---------------  S U M M A R Y ------------

Command Line: --add-modules=ALL-SYSTEM --add-opens=java.base/java.util=ALL-UNNAMED --add-opens=java.base/java.lang=ALL-UNNAMED --add-opens=java.base/sun.nio.fs=ALL-UNNAMED -Declipse.application=org.eclipse.jdt.ls.core.id1 -Dosgi.bundles.defaultStartLevel=4 -Declipse.product=org.eclipse.jdt.ls.core.product -Djava.import.generatesMetadataFilesAtProjectRoot=false -DDetectVMInstallationsJob.disabled=true -Dfile.encoding=utf8 -XX:+UseParallelGC -XX:GCTimeRatio=4 -XX:AdaptiveSizePolicyWeight=90 -Dsun.zip.disableMemoryMapping=true -Xmx1G -Xms100m -Xlog:disable -javaagent:c:\Users\Tanmoy\.vscode\extensions\redhat.java-1.35.1-win32-x64\lombok\lombok-1.18.33.jar c:\Users\Tanmoy\.vscode\extensions\redhat.java-1.35.1-win32-x64\server\plugins\org.eclipse.equinox.launcher_1.6.900.v20240613-2009.jar -configuration c:\Users\Tanmoy\AppData\Roaming\Code\User\globalStorage\redhat.java\1.35.1\config_ss_win -data c:\Users\Tanmoy\AppData\Roaming\Code\User\workspaceStorage\184b04e5a2089e87458e5613a067ce45\redhat.java\ss_ws --pipe=\\.\pipe\lsp-413e734725de10b8988f968c8abf374c-sock

Host: AMD Ryzen 5 3550H with Radeon Vega Mobile Gfx  , 8 cores, 13G,  Windows 10 , 64 bit Build 19041 (10.0.19041.4717)
Time: Wed Oct  9 10:13:45 2024 India Standard Time elapsed time: 2.189630 seconds (0d 0h 0m 2s)

---------------  T H R E A D  ---------------

Current thread (0x00000217ed45ffe0):  JavaThread "main" [_thread_in_vm, id=8848, stack(0x00000076c9a00000,0x00000076c9b00000)]

Stack: [0x00000076c9a00000,0x00000076c9b00000]
Native frames: (J=compiled Java code, j=interpreted, Vv=VM code, C=native code)
V  [jvm.dll+0x67f929]
V  [jvm.dll+0x8371ba]
V  [jvm.dll+0x838c7e]
V  [jvm.dll+0x8392e3]
V  [jvm.dll+0x24834f]
V  [jvm.dll+0x832e6d]
V  [jvm.dll+0x623e9e]
V  [jvm.dll+0x1c1e3b]
V  [jvm.dll+0x6267ed]
V  [jvm.dll+0x624846]
V  [jvm.dll+0x635cba]
V  [jvm.dll+0x62e99a]
V  [jvm.dll+0x2169b1]
V  [jvm.dll+0x217617]
V  [jvm.dll+0x216b69]
V  [jvm.dll+0x384949]
V  [jvm.dll+0x38474d]
C  0x00000217f7635146

The last pc belongs to if_icmplt (printed below).
Java frames: (J=compiled Java code, j=interpreted, Vv=VM code)
j  org.eclipse.osgi.container.ModuleDatabase$Persistence.readMap(Ljava/io/DataInputStream;Ljava/util/List;)Ljava/util/Map;+69
j  org.eclipse.osgi.container.ModuleDatabase$Persistence.readIndexedMap(Ljava/io/DataInputStream;Ljava/util/List;)V+2
j  org.eclipse.osgi.container.ModuleDatabase$Persistence.load(Lorg/eclipse/osgi/container/ModuleDatabase;Ljava/io/DataInputStream;)V+170
j  org.eclipse.osgi.container.ModuleDatabase.load(Ljava/io/DataInputStream;)V+32
j  org.eclipse.osgi.storage.Storage.<init>(Lorg/eclipse/osgi/internal/framework/EquinoxContainer;[Ljava/lang/String;)V+720
j  org.eclipse.osgi.storage.Storage.createStorage(Lorg/eclipse/osgi/internal/framework/EquinoxContainer;)Lorg/eclipse/osgi/storage/Storage;+11
j  org.eclipse.osgi.internal.framework.EquinoxContainer.<init>(Ljava/util/Map;Lorg/osgi/framework/connect/ModuleConnector;)V+146
j  org.eclipse.osgi.launch.Equinox.<init>(Ljava/util/Map;Lorg/osgi/framework/connect/ModuleConnector;)V+10
j  org.eclipse.osgi.launch.Equinox.<init>(Ljava/util/Map;)V+3
j  org.eclipse.core.runtime.adaptor.EclipseStarter.startup([Ljava/lang/String;Ljava/lang/Runnable;)Lorg/osgi/framework/BundleContext;+28
j  org.eclipse.core.runtime.adaptor.EclipseStarter.run([Ljava/lang/String;Ljava/lang/Runnable;)Ljava/lang/Object;+21
v  ~StubRoutines::call_stub
j  jdk.internal.reflect.NativeMethodAccessorImpl.invoke0(Ljava/lang/reflect/Method;Ljava/lang/Object;[Ljava/lang/Object;)Ljava/lang/Object;+0 java.base@17.0.12
j  jdk.internal.reflect.NativeMethodAccessorImpl.invoke(Ljava/lang/Object;[Ljava/lang/Object;)Ljava/lang/Object;+133 java.base@17.0.12
j  jdk.internal.reflect.DelegatingMethodAccessorImpl.invoke(Ljava/lang/Object;[Ljava/lang/Object;)Ljava/lang/Object;+6 java.base@17.0.12
j  java.lang.reflect.Method.invoke(Ljava/lang/Object;[Ljava/lang/Object;)Ljava/lang/Object;+59 java.base@17.0.12
j  org.eclipse.equinox.launcher.Main.invokeFramework([Ljava/lang/String;[Ljava/net/URL;)V+202
j  org.eclipse.equinox.launcher.Main.basicRun([Ljava/lang/String;)V+159
j  org.eclipse.equinox.launcher.Main.run([Ljava/lang/String;)I+4
j  org.eclipse.equinox.launcher.Main.main([Ljava/lang/String;)V+10
v  ~StubRoutines::call_stub
if_icmplt  161 if_icmplt  [0x00000217f7634f60, 0x00000217f76352a0]  832 bytes
[MachCode]
  0x00000217f7634f60: 8b04 2448 | 83c4 088b | 1424 4883 | c408 3bd0 | 0f8d e802 | 0000 488b | 4de8 488b | 45d8 4885 
  0x00000217f7634f80: c00f 8418 | 0000 0048 | 8b58 0848 | 83c3 0148 | 83db 0048 | 8958 0848 | 0340 1048 | 8945 d841 
  0x00000217f7634fa0: 0fbf 5501 | 0fca c1fa | 1048 63d2 | 4c03 ea85 | d20f 8902 | 0100 0048 | 8b41 1848 | 85c0 0f85 
  0x00000217f7634fc0: b600 0000 | 5251 e805 | 0000 00e9 | 9b00 0000 | 488b d148 | 8d44 2408 | 4c89 6dc0 | 498b cfc5 
  0x00000217f7634fe0: f877 4989 | afa8 0200 | 0049 8987 | 9802 0000 | 4883 ec20 | f7c4 0f00 | 0000 0f84 | 1a00 0000 
  0x00000217f7635000: 4883 ec08 | 49ba 403c | d7cd fb7f | 0000 41ff | d248 83c4 | 08e9 0d00 | 0000 49ba | 403c d7cd 
  0x00000217f7635020: fb7f 0000 | 41ff d248 | 83c4 2049 | c787 9802 | 0000 0000 | 0000 49c7 | 87a8 0200 | 0000 0000 
  0x00000217f7635040: 0049 c787 | a002 0000 | 0000 0000 | c5f8 7749 | 817f 0800 | 0000 000f | 8405 0000 | 00e9 9ebe 
  0x00000217f7635060: feff 4c8b | 6dc0 4c8b | 75c8 c359 | 5a48 8b41 | 1848 85c0 | 0f84 3f00 | 0000 488b | 5910 4885 
  0x00000217f7635080: db74 208b | 83d0 0000 | 0083 c002 | 8983 d000 | 0000 2383 | e400 0000 | 0f84 4400 | 0000 e916 
  0x00000217f76350a0: 0000 0048 | 8b49 188b | 410c 83c0 | 0289 410c | 2341 240f | 8429 0000 | 0041 0fb6 | 5d00 41f6 
  0x00000217f76350c0: 8750 0300 | 0001 740c | 49ba 90ca | 5ace fb7f | 0000 eb0a | 49ba 902a | 5ace fb7f | 0000 41ff 
  0x00000217f76350e0: 24da 48f7 | da49 03d5 | e805 0000 | 00e9 9800 | 0000 488d | 4424 084c | 896d c049 | 8bcf c5f8 
  0x00000217f7635100: 7749 89af | a802 0000 | 4989 8798 | 0200 0048 | 83ec 20f7 | c40f 0000 | 000f 841a | 0000 0048 
  0x00000217f7635120: 83ec 0849 | ba30 47d7 | cdfb 7f00 | 0041 ffd2 | 4883 c408 | e90d 0000 | 0049 ba30 | 47d7 cdfb 
  0x00000217f7635140: 7f00 0041 | ffd2 4883 | c420 49c7 | 8798 0200 | 0000 0000 | 0049 c787 | a802 0000 | 0000 0000 
  0x00000217f7635160: 49c7 87a0 | 0200 0000 | 0000 00c5 | f877 4981 | 7f08 0000 | 0000 0f84 | 0500 0000 | e97f bdfe 
  0x00000217f7635180: ff4c 8b6d | c04c 8b75 | c8c3 4885 | c00f 8426 | ffff ff80 | b83b 0100 | 0000 0f85 | 19ff ffff 
  0x00000217f76351a0: 488b d8e8 | 0500 0000 | e998 0000 | 0048 8d44 | 2408 4c89 | 6dc0 498b | cfc5 f877 | 4989 afa8 
  0x00000217f76351c0: 0200 0049 | 8987 9802 | 0000 4883 | ec20 f7c4 | 0f00 0000 | 0f84 1a00 | 0000 4883 | ec08 49ba 
  0x00000217f76351e0: b037 0dce | fb7f 0000 | 41ff d248 | 83c4 08e9 | 0d00 0000 | 49ba b037 | 0dce fb7f | 0000 41ff 
  0x00000217f7635200: d248 83c4 | 2049 c787 | 9802 0000 | 0000 0000 | 49c7 87a8 | 0200 0000 | 0000 0049 | c787 a002 
  0x00000217f7635220: 0000 0000 | 0000 c5f8 | 7749 817f | 0800 0000 | 000f 8405 | 0000 00e9 | c4bc feff | 4c8b 6dc0 
  0x00000217f7635240: 4c8b 75c8 | c348 8bd0 | 4c8b 45f8 | c941 5949 | 8be0 4883 | e4f0 4151 | ffa3 e800 | 0000 488b 
  0x00000217f7635260: 45d8 4885 | c00f 8412 | 0000 0048 | 8340 1801 | 4883 5818 | 0048 83c0 | 2048 8945 | d841 0fb6 
  0x00000217f7635280: 5d03 4983 | c503 49ba | 902a 5ace | fb7f 0000 | 41ff 24da | 0f1f 4000 | 0000 0000 | 0000 0000 
[/MachCode]

---------------  P R O C E S S  ---------------

Threads class SMR info:
_java_thread_list=0x0000021787c9c0f0, length=12, elements={
0x00000217ed45ffe0, 0x00000217ff2e2750, 0x00000217ed508f70, 0x00000217ff2eab50,
0x00000217ff2edaf0, 0x0000021786393000, 0x00000217863951c0, 0x000002178639aa10,
0x000002178639cad0, 0x000002178639dbc0, 0x0000021786512290, 0x0000021786510940
}

Java Threads: ( => current thread )
=>0x00000217ed45ffe0 JavaThread "main" [_thread_in_vm, id=8848, stack(0x00000076c9a00000,0x00000076c9b00000)]
  0x00000217ff2e2750 JavaThread "Reference Handler" daemon [_thread_blocked, id=14676, stack(0x00000076c9d00000,0x00000076c9e00000)]
  0x00000217ed508f70 JavaThread "Finalizer" daemon [_thread_blocked, id=1076, stack(0x00000076c9e00000,0x00000076c9f00000)]
  0x00000217ff2eab50 JavaThread "Signal Dispatcher" daemon [_thread_blocked, id=10816, stack(0x00000076c9f00000,0x00000076ca000000)]
  0x00000217ff2edaf0 JavaThread "Attach Listener" daemon [_thread_blocked, id=17676, stack(0x00000076ca000000,0x00000076ca100000)]
  0x0000021786393000 JavaThread "Service Thread" daemon [_thread_blocked, id=11120, stack(0x00000076ca100000,0x00000076ca200000)]
  0x00000217863951c0 JavaThread "Monitor Deflation Thread" daemon [_thread_blocked, id=15408, stack(0x00000076ca200000,0x00000076ca300000)]
  0x000002178639aa10 JavaThread "C2 CompilerThread0" daemon [_thread_in_native, id=14028, stack(0x00000076ca300000,0x00000076ca400000)]
  0x000002178639cad0 JavaThread "C1 CompilerThread0" daemon [_thread_blocked, id=14984, stack(0x00000076ca400000,0x00000076ca500000)]
  0x000002178639dbc0 JavaThread "Sweeper thread" daemon [_thread_blocked, id=9680, stack(0x00000076ca500000,0x00000076ca600000)]
  0x0000021786512290 JavaThread "Common-Cleaner" daemon [_thread_blocked, id=9240, stack(0x00000076ca600000,0x00000076ca700000)]
  0x0000021786510940 JavaThread "Notification Thread" daemon [_thread_blocked, id=16664, stack(0x00000076ca800000,0x00000076ca900000)]

Other Threads:
  0x0000021786371580 VMThread "VM Thread" [stack: 0x00000076c9c00000,0x00000076c9d00000] [id=3340]
  0x0000021786708340 WatcherThread [stack: 0x00000076ca900000,0x00000076caa00000] [id=10740]
  0x00000217ed4747f0 GCTaskThread "GC Thread#0" [stack: 0x00000076c9b00000,0x00000076c9c00000] [id=4628]
  0x0000021787a5bc40 GCTaskThread "GC Thread#1" [stack: 0x00000076ca700000,0x00000076ca800000] [id=16144]
  0x0000021787c8bf10 GCTaskThread "GC Thread#2" [stack: 0x00000076caa00000,0x00000076cab00000] [id=16984]
  0x0000021787c80450 GCTaskThread "GC Thread#3" [stack: 0x00000076cab00000,0x00000076cac00000] [id=18248]
  0x0000021787c80710 GCTaskThread "GC Thread#4" [stack: 0x00000076cac00000,0x00000076cad00000] [id=9992]
  0x0000021787c809d0 GCTaskThread "GC Thread#5" [stack: 0x00000076cad00000,0x00000076cae00000] [id=7196]
  0x0000021787c80c90 GCTaskThread "GC Thread#6" [stack: 0x00000076cae00000,0x00000076caf00000] [id=16244]

Threads with active compile tasks:
C2 CompilerThread0     2248 1052       4       java.io.DataInputStream::readUTF (501 bytes)
C1 CompilerThread0     2248 1058       3       org.eclipse.osgi.container.ModuleDatabase$Persistence::readMap (118 bytes)

VM state: not at safepoint (normal execution)

VM Mutex/Monitor currently owned by a thread:  ([mutex/lock_event])
[0x00000217eb1d7860] Metaspace_lock - owner thread: 0x00000217ed45ffe0
[0x00000217ed45bb40] MethodData_lock - owner thread: 0x00000217ed45ffe0

Heap address: 0x00000000c0000000, size: 1024 MB, Compressed Oops mode: 32-bit

CDS archive(s) not mapped
Compressed class space mapped at: 0x0000000100000000-0x0000000140000000, reserved size: 1073741824
Narrow klass base: 0x0000000000000000, Narrow klass shift: 3, Narrow klass range: 0x140000000

GC Precious Log:
 CPUs: 8 total, 8 available
 Memory: 14213M
 Large Page Support: Disabled
 NUMA Support: Disabled
 Compressed Oops: Enabled (32-bit)
 Alignments: Space 512K, Generation 512K, Heap 2M
 Heap Min Capacity: 100M
 Heap Initial Capacity: 100M
 Heap Max Capacity: 1G
 Pre-touch: Disabled
 Parallel Workers: 8

Heap:
 PSYoungGen      total 29696K, used 7570K [0x00000000eab00000, 0x00000000ecc00000, 0x0000000100000000)
  eden space 25600K, 17% used [0x00000000eab00000,0x00000000eaf4f688,0x00000000ec400000)
  from space 4096K, 77% used [0x00000000ec400000,0x00000000ec715330,0x00000000ec800000)
  to   space 4096K, 0% used [0x00000000ec800000,0x00000000ec800000,0x00000000ecc00000)
 ParOldGen       total 68608K, used 16K [0x00000000c0000000, 0x00000000c4300000, 0x00000000eab00000)
  object space 68608K, 0% used [0x00000000c0000000,0x00000000c0004000,0x00000000c4300000)
 Metaspace       used 11824K, committed 11904K, reserved 1114112K
  class space    used 1172K, committed 1216K, reserved 1048576K

Card table byte_map: [0x00000217ecdf0000,0x00000217ed000000] _byte_map_base: 0x00000217ec7f0000

Marking Bits: (ParMarkBitMap*) 0x00007ffbce5958b0
 Begin Bits: [0x0000021780000000, 0x0000021781000000)
 End Bits:   [0x0000021781000000, 0x0000021782000000)

Polling page: 0x00000217eb390000

Metaspace:

Usage:
  Non-class:     10.40 MB used.
      Class:      1.14 MB used.
       Both:     11.55 MB used.

Virtual space:
  Non-class space:       64.00 MB reserved,      10.44 MB ( 16%) committed,  1 nodes.
      Class space:        1.00 GB reserved,       1.19 MB ( <1%) committed,  1 nodes.
             Both:        1.06 GB reserved,      11.62 MB (  1%) committed. 

Chunk freelists:
   Non-Class:  4.67 MB
       Class:  14.64 MB
        Both:  19.31 MB

MaxMetaspaceSize: unlimited
CompressedClassSpaceSize: 1.00 GB
Initial GC threshold: 21.00 MB
Current GC threshold: 21.00 MB
CDS: off
MetaspaceReclaimPolicy: balanced
 - commit_granule_bytes: 65536.
 - commit_granule_words: 8192.
 - virtual_space_node_default_size: 8388608.
 - enlarge_chunks_in_place: 1.
 - new_chunks_are_fully_committed: 0.
 - uncommit_free_chunks: 1.
 - use_allocation_guard: 0.
 - handle_deallocations: 1.


Internal statistics:

num_allocs_failed_limit: 0.
num_arena_births: 30.
num_arena_deaths: 0.
num_vsnodes_births: 2.
num_vsnodes_deaths: 0.
num_space_committed: 186.
num_space_uncommitted: 0.
num_chunks_returned_to_freelist: 0.
num_chunks_taken_from_freelist: 123.
num_chunk_merges: 0.
num_chunk_splits: 84.
num_chunks_enlarged: 74.
num_inconsistent_stats: 0.

CodeHeap 'non-profiled nmethods': size=120000Kb used=408Kb max_used=408Kb free=119591Kb
 bounds [0x00000217f7bc0000, 0x00000217f7e30000, 0x00000217ff0f0000]
CodeHeap 'profiled nmethods': size=120000Kb used=1854Kb max_used=1854Kb free=118145Kb
 bounds [0x00000217f00f0000, 0x00000217f0360000, 0x00000217f7620000]
CodeHeap 'non-nmethods': size=5760Kb used=1146Kb max_used=1166Kb free=4613Kb
 bounds [0x00000217f7620000, 0x00000217f7890000, 0x00000217f7bc0000]
 total_blobs=1490 nmethods=1052 adapters=353
 compilation: enabled
              stopped_count=0, restarted_count=0
 full_count=0

Compilation events (20 events):
Event: 2.180 Thread 0x000002178639cad0 1044       3       java.io.DataInputStream::readUnsignedShort (38 bytes)
Event: 2.180 Thread 0x000002178639aa10 1047       4       java.util.ArrayList::add (25 bytes)
Event: 2.180 Thread 0x000002178639cad0 nmethod 1044 0x00000217f02b9710 code [0x00000217f02b98e0, 0x00000217f02b9c48]
Event: 2.180 Thread 0x000002178639cad0 1045       3       java.io.DataInputStream::readUnsignedByte (22 bytes)
Event: 2.180 Thread 0x000002178639cad0 nmethod 1045 0x00000217f02b9d90 code [0x00000217f02b9f40, 0x00000217f02ba1b8]
Event: 2.180 Thread 0x000002178639cad0 1046       3       java.io.DataInputStream::readInt (68 bytes)
Event: 2.181 Thread 0x000002178639cad0 nmethod 1046 0x00000217f02ba290 code [0x00000217f02ba480, 0x00000217f02ba968]
Event: 2.181 Thread 0x000002178639cad0 1050       3       java.io.DataInputStream::readByte (6 bytes)
Event: 2.181 Thread 0x000002178639cad0 nmethod 1050 0x00000217f02bab10 code [0x00000217f02bace0, 0x00000217f02bafd8]
Event: 2.181 Thread 0x000002178639cad0 1048       3       org.eclipse.osgi.container.ModuleDatabase$Persistence::readIndexedString (18 bytes)
Event: 2.181 Thread 0x000002178639cad0 nmethod 1048 0x00000217f02bb110 code [0x00000217f02bb2c0, 0x00000217f02bb468]
Event: 2.181 Thread 0x000002178639cad0 1049       3       org.eclipse.osgi.container.ModuleDatabase$Persistence::readString0 (98 bytes)
Event: 2.182 Thread 0x000002178639cad0 nmethod 1049 0x00000217f02bb590 code [0x00000217f02bb820, 0x00000217f02bc288]
Event: 2.182 Thread 0x000002178639cad0 1051       3       org.eclipse.osgi.container.ModuleDatabase$Persistence::addToReadTable (70 bytes)
Event: 2.183 Thread 0x000002178639cad0 nmethod 1051 0x00000217f02bc610 code [0x00000217f02bc840, 0x00000217f02bd008]
Event: 2.183 Thread 0x000002178639cad0 1042   !   3       java.security.Provider::getService (173 bytes)
Event: 2.185 Thread 0x000002178639cad0 nmethod 1042 0x00000217f02bd190 code [0x00000217f02bd400, 0x00000217f02be108]
Event: 2.185 Thread 0x000002178639cad0 1054       3       org.eclipse.osgi.container.ModuleDatabase$Persistence::readString (7 bytes)
Event: 2.185 Thread 0x000002178639cad0 nmethod 1054 0x00000217f02be590 code [0x00000217f02be720, 0x00000217f02be848]
Event: 2.185 Thread 0x000002178639cad0 1055       3       org.eclipse.osgi.container.ModuleDatabase$Persistence::readMapValue (111 bytes)

GC Heap History (2 events):
Event: 1.725 GC heap before
{Heap before GC invocations=1 (full 0):
 PSYoungGen      total 29696K, used 25600K [0x00000000eab00000, 0x00000000ecc00000, 0x0000000100000000)
  eden space 25600K, 100% used [0x00000000eab00000,0x00000000ec400000,0x00000000ec400000)
  from space 4096K, 0% used [0x00000000ec800000,0x00000000ec800000,0x00000000ecc00000)
  to   space 4096K, 0% used [0x00000000ec400000,0x00000000ec400000,0x00000000ec800000)
 ParOldGen       total 68608K, used 0K [0x00000000c0000000, 0x00000000c4300000, 0x00000000eab00000)
  object space 68608K, 0% used [0x00000000c0000000,0x00000000c0000000,0x00000000c4300000)
 Metaspace       used 10955K, committed 11136K, reserved 1114112K
  class space    used 1090K, committed 1216K, reserved 1048576K
}
Event: 1.738 GC heap after
{Heap after GC invocations=1 (full 0):
 PSYoungGen      total 29696K, used 3156K [0x00000000eab00000, 0x00000000ecc00000, 0x0000000100000000)
  eden space 25600K, 0% used [0x00000000eab00000,0x00000000eab00000,0x00000000ec400000)
  from space 4096K, 77% used [0x00000000ec400000,0x00000000ec715330,0x00000000ec800000)
  to   space 4096K, 0% used [0x00000000ec800000,0x00000000ec800000,0x00000000ecc00000)
 ParOldGen       total 68608K, used 16K [0x00000000c0000000, 0x00000000c4300000, 0x00000000eab00000)
  object space 68608K, 0% used [0x00000000c0000000,0x00000000c0004000,0x00000000c4300000)
 Metaspace       used 10955K, committed 11136K, reserved 1114112K
  class space    used 1090K, committed 1216K, reserved 1048576K
}

Dll operation events (8 events):
Event: 0.021 Loaded shared library c:\Users\Tanmoy\.vscode\extensions\redhat.java-1.35.1-win32-x64\jre\17.0.12-win32-x86_64\bin\java.dll
Event: 0.258 Loaded shared library c:\Users\Tanmoy\.vscode\extensions\redhat.java-1.35.1-win32-x64\jre\17.0.12-win32-x86_64\bin\zip.dll
Event: 0.263 Loaded shared library C:\Users\Tanmoy\.vscode\extensions\redhat.java-1.35.1-win32-x64\jre\17.0.12-win32-x86_64\bin\instrument.dll
Event: 0.280 Loaded shared library C:\Users\Tanmoy\.vscode\extensions\redhat.java-1.35.1-win32-x64\jre\17.0.12-win32-x86_64\bin\net.dll
Event: 0.284 Loaded shared library C:\Users\Tanmoy\.vscode\extensions\redhat.java-1.35.1-win32-x64\jre\17.0.12-win32-x86_64\bin\nio.dll
Event: 0.297 Loaded shared library C:\Users\Tanmoy\.vscode\extensions\redhat.java-1.35.1-win32-x64\jre\17.0.12-win32-x86_64\bin\zip.dll
Event: 0.331 Loaded shared library C:\Users\Tanmoy\.vscode\extensions\redhat.java-1.35.1-win32-x64\jre\17.0.12-win32-x86_64\bin\jimage.dll
Event: 0.426 Loaded shared library c:\Users\Tanmoy\.vscode\extensions\redhat.java-1.35.1-win32-x64\jre\17.0.12-win32-x86_64\bin\verify.dll

Deoptimization events (20 events):
Event: 1.572 Thread 0x00000217ed45ffe0 Uncommon trap: trap_request=0xffffff45 fr.pc=0x00000217f7c0e760 relative=0x00000000000002a0
Event: 1.572 Thread 0x00000217ed45ffe0 Uncommon trap: reason=unstable_if action=reinterpret pc=0x00000217f7c0e760 method=java.util.HashMap.hash(Ljava/lang/Object;)I @ 1 c2
Event: 1.572 Thread 0x00000217ed45ffe0 DEOPT PACKING pc=0x00000217f7c0e760 sp=0x00000076c9afe350
Event: 1.572 Thread 0x00000217ed45ffe0 DEOPT UNPACKING pc=0x00000217f76766a3 sp=0x00000076c9afe1f8 mode 2
Event: 1.572 Thread 0x00000217ed45ffe0 Uncommon trap: trap_request=0xffffff45 fr.pc=0x00000217f7c09434 relative=0x0000000000000274
Event: 1.572 Thread 0x00000217ed45ffe0 Uncommon trap: reason=unstable_if action=reinterpret pc=0x00000217f7c09434 method=java.util.HashMap.hash(Ljava/lang/Object;)I @ 1 c2
Event: 1.572 Thread 0x00000217ed45ffe0 DEOPT PACKING pc=0x00000217f7c09434 sp=0x00000076c9afe3f0
Event: 1.572 Thread 0x00000217ed45ffe0 DEOPT UNPACKING pc=0x00000217f76766a3 sp=0x00000076c9afe308 mode 2
Event: 1.573 Thread 0x00000217ed45ffe0 Uncommon trap: trap_request=0xffffffde fr.pc=0x00000217f7bf9114 relative=0x0000000000000534
Event: 1.573 Thread 0x00000217ed45ffe0 Uncommon trap: reason=class_check action=maybe_recompile pc=0x00000217f7bf9114 method=java.util.Collections$UnmodifiableCollection$1.<init>(Ljava/util/Collections$UnmodifiableCollection;)V @ 17 c2
Event: 1.573 Thread 0x00000217ed45ffe0 DEOPT PACKING pc=0x00000217f7bf9114 sp=0x00000076c9afe3b0
Event: 1.573 Thread 0x00000217ed45ffe0 DEOPT UNPACKING pc=0x00000217f76766a3 sp=0x00000076c9afe2f8 mode 2
Event: 1.573 Thread 0x00000217ed45ffe0 Uncommon trap: trap_request=0xffffff45 fr.pc=0x00000217f7c07294 relative=0x0000000000000094
Event: 1.573 Thread 0x00000217ed45ffe0 Uncommon trap: reason=unstable_if action=reinterpret pc=0x00000217f7c07294 method=java.util.HashMap.hash(Ljava/lang/Object;)I @ 1 c2
Event: 1.573 Thread 0x00000217ed45ffe0 DEOPT PACKING pc=0x00000217f7c07294 sp=0x00000076c9afe260
Event: 1.573 Thread 0x00000217ed45ffe0 DEOPT UNPACKING pc=0x00000217f76766a3 sp=0x00000076c9afe1f8 mode 2
Event: 2.092 Thread 0x00000217ed45ffe0 Uncommon trap: trap_request=0xffffffde fr.pc=0x00000217f7bf84a8 relative=0x00000000000004e8
Event: 2.092 Thread 0x00000217ed45ffe0 Uncommon trap: reason=class_check action=maybe_recompile pc=0x00000217f7bf84a8 method=java.util.Collections$UnmodifiableCollection$1.<init>(Ljava/util/Collections$UnmodifiableCollection;)V @ 17 c2
Event: 2.092 Thread 0x00000217ed45ffe0 DEOPT PACKING pc=0x00000217f7bf84a8 sp=0x00000076c9afe3d0
Event: 2.092 Thread 0x00000217ed45ffe0 DEOPT UNPACKING pc=0x00000217f76766a3 sp=0x00000076c9afe388 mode 2

Classes loaded (20 events):
Event: 2.099 Loading class java/util/AbstractQueue done
Event: 2.099 Loading class java/util/concurrent/SynchronousQueue done
Event: 2.099 Loading class java/util/concurrent/SynchronousQueue$TransferStack
Event: 2.100 Loading class java/util/concurrent/SynchronousQueue$Transferer
Event: 2.101 Loading class java/util/concurrent/SynchronousQueue$Transferer done
Event: 2.101 Loading class java/util/concurrent/SynchronousQueue$TransferStack done
Event: 2.101 Loading class java/util/concurrent/SynchronousQueue$TransferStack$SNode
Event: 2.102 Loading class java/util/concurrent/ForkJoinPool$ManagedBlocker
Event: 2.102 Loading class java/util/concurrent/ForkJoinPool$ManagedBlocker done
Event: 2.103 Loading class java/util/concurrent/SynchronousQueue$TransferStack$SNode done
Event: 2.107 Loading class java/util/concurrent/RejectedExecutionHandler
Event: 2.109 Loading class java/util/concurrent/RejectedExecutionHandler done
Event: 2.109 Loading class java/util/concurrent/LinkedBlockingQueue
Event: 2.112 Loading class java/util/concurrent/LinkedBlockingQueue done
Event: 2.113 Loading class java/util/concurrent/LinkedBlockingQueue$Node
Event: 2.113 Loading class java/util/concurrent/LinkedBlockingQueue$Node done
Event: 2.164 Loading class java/util/concurrent/Semaphore$NonfairSync
Event: 2.164 Loading class java/util/concurrent/Semaphore$Sync
Event: 2.164 Loading class java/util/concurrent/Semaphore$Sync done
Event: 2.164 Loading class java/util/concurrent/Semaphore$NonfairSync done

Classes unloaded (0 events):
No events

Classes redefined (0 events):
No events

Internal exceptions (20 events):
Event: 0.884 Thread 0x00000217ed45ffe0 Exception <a 'java/io/FileNotFoundException'{0x00000000eb890be8}> (0x00000000eb890be8) 
thrown [s\src\hotspot\share\prims\jni.cpp, line 516]
Event: 0.885 Thread 0x00000217ed45ffe0 Exception <a 'java/io/FileNotFoundException'{0x00000000eb8918d8}> (0x00000000eb8918d8) 
thrown [s\src\hotspot\share\prims\jni.cpp, line 516]
Event: 0.886 Thread 0x00000217ed45ffe0 Exception <a 'java/io/FileNotFoundException'{0x00000000eb892598}> (0x00000000eb892598) 
thrown [s\src\hotspot\share\prims\jni.cpp, line 516]
Event: 0.897 Thread 0x00000217ed45ffe0 Implicit null exception at 0x00000217f7be3872 to 0x00000217f7be3d90
Event: 0.917 Thread 0x00000217ed45ffe0 Exception <a 'java/io/FileNotFoundException'{0x00000000eb8cd128}> (0x00000000eb8cd128) 
thrown [s\src\hotspot\share\prims\jni.cpp, line 516]
Event: 1.433 Thread 0x00000217ed45ffe0 Exception <a 'java/lang/ClassNotFoundException'{0x00000000ec0fba48}: sun/net/www/protocol/c/Handler> (0x00000000ec0fba48) 
thrown [s\src\hotspot\share\classfile\systemDictionary.cpp, line 256]
Event: 1.437 Thread 0x00000217ed45ffe0 Exception <a 'java/lang/ClassNotFoundException'{0x00000000ec0fcd60}: sun/net/www/protocol/g/Handler> (0x00000000ec0fcd60) 
thrown [s\src\hotspot\share\classfile\systemDictionary.cpp, line 256]
Event: 1.438 Thread 0x00000217ed45ffe0 Exception <a 'java/lang/ClassNotFoundException'{0x00000000ec0fde90}: sun/net/www/protocol/c/Handler> (0x00000000ec0fde90) 
thrown [s\src\hotspot\share\classfile\systemDictionary.cpp, line 256]
Event: 1.460 Thread 0x00000217ed45ffe0 Exception <a 'java/io/FileNotFoundException'{0x00000000ec122398}> (0x00000000ec122398) 
thrown [s\src\hotspot\share\prims\jni.cpp, line 516]
Event: 1.572 Thread 0x00000217ed45ffe0 Implicit null exception at 0x00000217f7c1a87b to 0x00000217f7c1b288
Event: 1.572 Thread 0x00000217ed45ffe0 Implicit null exception at 0x00000217f7c0e50c to 0x00000217f7c0e744
Event: 1.572 Thread 0x00000217ed45ffe0 Implicit null exception at 0x00000217f7c0920c to 0x00000217f7c09418
Event: 1.573 Thread 0x00000217ed45ffe0 Implicit null exception at 0x00000217f7c0720f to 0x00000217f7c07285
Event: 1.741 Thread 0x00000217ed45ffe0 Exception <a 'java/lang/NoSuchMethodError'{0x00000000eab04d28}: 'int java.lang.invoke.DirectMethodHandle$Holder.invokeStaticInit(java.lang.Object, java.lang.Object, java.lang.Object, java.lang.Object)'> (0x00000000eab04d28) 
thrown [s\src\hotspot\share\interpreter\linkResolver.cpp, line 759]
Event: 1.745 Thread 0x00000217ed45ffe0 Exception <a 'java/lang/NoSuchMethodError'{0x00000000eab0f490}: 'java.lang.Object java.lang.invoke.DirectMethodHandle$Holder.invokeInterface(java.lang.Object, java.lang.Object)'> (0x00000000eab0f490) 
thrown [s\src\hotspot\share\interpreter\linkResolver.cpp, line 759]
Event: 1.746 Thread 0x00000217ed45ffe0 Exception <a 'java/lang/IncompatibleClassChangeError'{0x00000000eab12c88}: Found class java.lang.Object, but interface was expected> (0x00000000eab12c88) 
thrown [s\src\hotspot\share\interpreter\linkResolver.cpp, line 826]
Event: 1.748 Thread 0x00000217ed45ffe0 Exception <a 'java/lang/NoSuchMethodError'{0x00000000eab17168}: 'void java.lang.invoke.DirectMethodHandle$Holder.invokeStatic(java.lang.Object, java.lang.Object)'> (0x00000000eab17168) 
thrown [s\src\hotspot\share\interpreter\linkResolver.cpp, line 759]
Event: 1.750 Thread 0x00000217ed45ffe0 Exception <a 'java/lang/NoSuchMethodError'{0x00000000eab1a968}: 'void java.lang.invoke.DirectMethodHandle$Holder.invokeStaticInit(java.lang.Object, java.lang.Object)'> (0x00000000eab1a968) 
thrown [s\src\hotspot\share\interpreter\linkResolver.cpp, line 759]
Event: 1.753 Thread 0x00000217ed45ffe0 Exception <a 'java/lang/NoSuchMethodError'{0x00000000eab21e48}: 'int java.lang.invoke.DirectMethodHandle$Holder.invokeStaticInit(java.lang.Object, java.lang.Object)'> (0x00000000eab21e48) 
thrown [s\src\hotspot\share\interpreter\linkResolver.cpp, line 759]
Event: 1.946 Thread 0x00000217ed45ffe0 Exception <a 'java/lang/NoSuchMethodError'{0x00000000eac8f628}: 'void java.lang.invoke.DirectMethodHandle$Holder.invokeSpecial(java.lang.Object, java.lang.Object, java.lang.Object)'> (0x00000000eac8f628) 
thrown [s\src\hotspot\share\interpreter\linkResolver.cpp, line 759]

VM Operations (14 events):
Event: 0.229 Executing VM operation: HandshakeAllThreads
Event: 0.229 Executing VM operation: HandshakeAllThreads done
Event: 0.357 Executing VM operation: HandshakeAllThreads
Event: 0.357 Executing VM operation: HandshakeAllThreads done
Event: 0.820 Executing VM operation: HandshakeAllThreads
Event: 0.820 Executing VM operation: HandshakeAllThreads done
Event: 0.848 Executing VM operation: HandshakeAllThreads
Event: 0.849 Executing VM operation: HandshakeAllThreads done
Event: 1.329 Executing VM operation: ICBufferFull
Event: 1.330 Executing VM operation: ICBufferFull done
Event: 1.362 Executing VM operation: HandshakeAllThreads
Event: 1.362 Executing VM operation: HandshakeAllThreads done
Event: 1.725 Executing VM operation: ParallelGCFailedAllocation
Event: 1.738 Executing VM operation: ParallelGCFailedAllocation done

Events (16 events):
Event: 0.076 Thread 0x00000217ed45ffe0 Thread added: 0x00000217ed45ffe0
Event: 0.104 Thread 0x00000217ff2e2750 Thread added: 0x00000217ff2e2750
Event: 0.107 Thread 0x00000217ed508f70 Thread added: 0x00000217ed508f70
Event: 0.141 Thread 0x00000217ff2eab50 Thread added: 0x00000217ff2eab50
Event: 0.141 Thread 0x00000217ff2edaf0 Thread added: 0x00000217ff2edaf0
Event: 0.141 Thread 0x0000021786393000 Thread added: 0x0000021786393000
Event: 0.141 Thread 0x00000217863951c0 Thread added: 0x00000217863951c0
Event: 0.141 Thread 0x000002178639aa10 Thread added: 0x000002178639aa10
Event: 0.141 Thread 0x000002178639cad0 Thread added: 0x000002178639cad0
Event: 0.141 Thread 0x000002178639dbc0 Thread added: 0x000002178639dbc0
Event: 0.204 Thread 0x0000021786512290 Thread added: 0x0000021786512290
Event: 0.241 Thread 0x0000021786520c50 Thread added: 0x0000021786520c50
Event: 0.571 Thread 0x0000021786510940 Thread added: 0x0000021786510940
Event: 0.689 Thread 0x000002178768d8b0 Thread added: 0x000002178768d8b0
Event: 1.270 Thread 0x000002178768d8b0 Thread exited: 0x000002178768d8b0
Event: 1.507 Thread 0x0000021786520c50 Thread exited: 0x0000021786520c50


Dynamic libraries:
0x00007ff6ebd10000 - 0x00007ff6ebd1e000 	c:\Users\Tanmoy\.vscode\extensions\redhat.java-1.35.1-win32-x64\jre\17.0.12-win32-x86_64\bin\java.exe
0x00007ffc35f50000 - 0x00007ffc36148000 	C:\Windows\SYSTEM32\ntdll.dll
0x00007ffc34c80000 - 0x00007ffc34d41000 	C:\Windows\System32\KERNEL32.DLL
0x00007ffc33a00000 - 0x00007ffc33cfd000 	C:\Windows\System32\KERNELBASE.dll
0x00007ffc2e6e0000 - 0x00007ffc2e774000 	C:\Windows\SYSTEM32\apphelp.dll
0x00007ffc33db0000 - 0x00007ffc33eb0000 	C:\Windows\System32\ucrtbase.dll
0x00007ffc183d0000 - 0x00007ffc183eb000 	c:\Users\Tanmoy\.vscode\extensions\redhat.java-1.35.1-win32-x64\jre\17.0.12-win32-x86_64\bin\VCRUNTIME140.dll
0x00007ffc19cd0000 - 0x00007ffc19ce7000 	c:\Users\Tanmoy\.vscode\extensions\redhat.java-1.35.1-win32-x64\jre\17.0.12-win32-x86_64\bin\jli.dll
0x00007ffc35cc0000 - 0x00007ffc35e5d000 	C:\Windows\System32\USER32.dll
0x00007ffc33eb0000 - 0x00007ffc33ed2000 	C:\Windows\System32\win32u.dll
0x00007ffc35040000 - 0x00007ffc3506b000 	C:\Windows\System32\GDI32.dll
0x00007ffc33840000 - 0x00007ffc33957000 	C:\Windows\System32\gdi32full.dll
0x00007ffc1b860000 - 0x00007ffc1bafa000 	C:\Windows\WinSxS\amd64_microsoft.windows.common-controls_6595b64144ccf1df_6.0.19041.4355_none_60b8b9eb71f62e16\COMCTL32.dll
0x00007ffc351b0000 - 0x00007ffc3524e000 	C:\Windows\System32\msvcrt.dll
0x00007ffc33960000 - 0x00007ffc339fd000 	C:\Windows\System32\msvcp_win.dll
0x00007ffc35770000 - 0x00007ffc3579f000 	C:\Windows\System32\IMM32.DLL
0x00007ffc27520000 - 0x00007ffc2752c000 	c:\Users\Tanmoy\.vscode\extensions\redhat.java-1.35.1-win32-x64\jre\17.0.12-win32-x86_64\bin\vcruntime140_1.dll
0x00007ffbedfe0000 - 0x00007ffbee06d000 	c:\Users\Tanmoy\.vscode\extensions\redhat.java-1.35.1-win32-x64\jre\17.0.12-win32-x86_64\bin\msvcp140.dll
0x00007ffbcd9f0000 - 0x00007ffbce65a000 	c:\Users\Tanmoy\.vscode\extensions\redhat.java-1.35.1-win32-x64\jre\17.0.12-win32-x86_64\bin\server\jvm.dll
0x00007ffc357a0000 - 0x00007ffc35850000 	C:\Windows\System32\ADVAPI32.dll
0x00007ffc34de0000 - 0x00007ffc34e80000 	C:\Windows\System32\sechost.dll
0x00007ffc34ac0000 - 0x00007ffc34be3000 	C:\Windows\System32\RPCRT4.dll
0x00007ffc33ee0000 - 0x00007ffc33f07000 	C:\Windows\System32\bcrypt.dll
0x00007ffc35070000 - 0x00007ffc350db000 	C:\Windows\System32\WS2_32.dll
0x00007ffc32b80000 - 0x00007ffc32bcb000 	C:\Windows\SYSTEM32\POWRPROF.dll
0x00007ffc28110000 - 0x00007ffc28137000 	C:\Windows\SYSTEM32\WINMM.dll
0x00007ffc2e4c0000 - 0x00007ffc2e4ca000 	C:\Windows\SYSTEM32\VERSION.dll
0x00007ffc329f0000 - 0x00007ffc32a02000 	C:\Windows\SYSTEM32\UMPDC.dll
0x00007ffc31480000 - 0x00007ffc31492000 	C:\Windows\SYSTEM32\kernel.appcore.dll
0x00007ffc230a0000 - 0x00007ffc230aa000 	c:\Users\Tanmoy\.vscode\extensions\redhat.java-1.35.1-win32-x64\jre\17.0.12-win32-x86_64\bin\jimage.dll
0x00007ffc26670000 - 0x00007ffc26854000 	C:\Windows\SYSTEM32\DBGHELP.DLL
0x00007ffc15df0000 - 0x00007ffc15e24000 	C:\Windows\SYSTEM32\dbgcore.DLL
0x00007ffc33600000 - 0x00007ffc33682000 	C:\Windows\System32\bcryptPrimitives.dll
0x00007ffc23030000 - 0x00007ffc2303e000 	c:\Users\Tanmoy\.vscode\extensions\redhat.java-1.35.1-win32-x64\jre\17.0.12-win32-x86_64\bin\instrument.dll
0x00007ffc0afb0000 - 0x00007ffc0afd5000 	c:\Users\Tanmoy\.vscode\extensions\redhat.java-1.35.1-win32-x64\jre\17.0.12-win32-x86_64\bin\java.dll
0x00007ffc0fe30000 - 0x00007ffc0fe48000 	c:\Users\Tanmoy\.vscode\extensions\redhat.java-1.35.1-win32-x64\jre\17.0.12-win32-x86_64\bin\zip.dll
0x00007ffc34340000 - 0x00007ffc34aaf000 	C:\Windows\System32\SHELL32.dll
0x00007ffc31680000 - 0x00007ffc31e1f000 	C:\Windows\SYSTEM32\windows.storage.dll
0x00007ffc33f80000 - 0x00007ffc342d3000 	C:\Windows\System32\combase.dll
0x00007ffc33020000 - 0x00007ffc3304e000 	C:\Windows\SYSTEM32\Wldp.dll
0x00007ffc350e0000 - 0x00007ffc351ad000 	C:\Windows\System32\OLEAUT32.dll
0x00007ffc35250000 - 0x00007ffc352fd000 	C:\Windows\System32\SHCORE.dll
0x00007ffc342e0000 - 0x00007ffc34335000 	C:\Windows\System32\shlwapi.dll
0x00007ffc33530000 - 0x00007ffc33554000 	C:\Windows\SYSTEM32\profapi.dll
0x00007ffc098b0000 - 0x00007ffc098c9000 	C:\Users\Tanmoy\.vscode\extensions\redhat.java-1.35.1-win32-x64\jre\17.0.12-win32-x86_64\bin\net.dll
0x00007ffc2bb60000 - 0x00007ffc2bc6d000 	C:\Windows\SYSTEM32\WINHTTP.dll
0x00007ffc32d80000 - 0x00007ffc32dea000 	C:\Windows\system32\mswsock.dll
0x00007ffc09890000 - 0x00007ffc098a6000 	C:\Users\Tanmoy\.vscode\extensions\redhat.java-1.35.1-win32-x64\jre\17.0.12-win32-x86_64\bin\nio.dll
0x00007ffc1ed90000 - 0x00007ffc1eda0000 	c:\Users\Tanmoy\.vscode\extensions\redhat.java-1.35.1-win32-x64\jre\17.0.12-win32-x86_64\bin\verify.dll

dbghelp: loaded successfully - version: 4.0.5 - missing functions: none
symbol engine: initialized successfully - sym options: 0x614 - pdb path: .;c:\Users\Tanmoy\.vscode\extensions\redhat.java-1.35.1-win32-x64\jre\17.0.12-win32-x86_64\bin;C:\Windows\SYSTEM32;C:\Windows\WinSxS\amd64_microsoft.windows.common-controls_6595b64144ccf1df_6.0.19041.4355_none_60b8b9eb71f62e16;c:\Users\Tanmoy\.vscode\extensions\redhat.java-1.35.1-win32-x64\jre\17.0.12-win32-x86_64\bin\server

VM Arguments:
jvm_args: --add-modules=ALL-SYSTEM --add-opens=java.base/java.util=ALL-UNNAMED --add-opens=java.base/java.lang=ALL-UNNAMED --add-opens=java.base/sun.nio.fs=ALL-UNNAMED -Declipse.application=org.eclipse.jdt.ls.core.id1 -Dosgi.bundles.defaultStartLevel=4 -Declipse.product=org.eclipse.jdt.ls.core.product -Djava.import.generatesMetadataFilesAtProjectRoot=false -DDetectVMInstallationsJob.disabled=true -Dfile.encoding=utf8 -XX:+UseParallelGC -XX:GCTimeRatio=4 -XX:AdaptiveSizePolicyWeight=90 -Dsun.zip.disableMemoryMapping=true -Xmx1G -Xms100m -Xlog:disable -javaagent:c:\Users\Tanmoy\.vscode\extensions\redhat.java-1.35.1-win32-x64\lombok\lombok-1.18.33.jar 
java_command: c:\Users\Tanmoy\.vscode\extensions\redhat.java-1.35.1-win32-x64\server\plugins\org.eclipse.equinox.launcher_1.6.900.v20240613-2009.jar -configuration c:\Users\Tanmoy\AppData\Roaming\Code\User\globalStorage\redhat.java\1.35.1\config_ss_win -data c:\Users\Tanmoy\AppData\Roaming\Code\User\workspaceStorage\184b04e5a2089e87458e5613a067ce45\redhat.java\ss_ws --pipe=\\.\pipe\lsp-413e734725de10b8988f968c8abf374c-sock
java_class_path (initial): c:\Users\Tanmoy\.vscode\extensions\redhat.java-1.35.1-win32-x64\server\plugins\org.eclipse.equinox.launcher_1.6.900.v20240613-2009.jar
Launcher Type: SUN_STANDARD

[Global flags]
    uintx AdaptiveSizePolicyWeight                 = 90                                        {product} {command line}
     intx CICompilerCount                          = 4                                         {product} {ergonomic}
    uintx GCTimeRatio                              = 4                                         {product} {command line}
   size_t InitialHeapSize                          = 104857600                                 {product} {command line}
   size_t MaxHeapSize                              = 1073741824                                {product} {command line}
   size_t MaxNewSize                               = 357564416                                 {product} {ergonomic}
   size_t MinHeapDeltaBytes                        = 524288                                    {product} {ergonomic}
   size_t MinHeapSize                              = 104857600                                 {product} {command line}
   size_t NewSize                                  = 34603008                                  {product} {ergonomic}
    uintx NonNMethodCodeHeapSize                   = 5839372                                {pd product} {ergonomic}
    uintx NonProfiledCodeHeapSize                  = 122909434                              {pd product} {ergonomic}
   size_t OldSize                                  = 70254592                                  {product} {ergonomic}
    uintx ProfiledCodeHeapSize                     = 122909434                              {pd product} {ergonomic}
    uintx ReservedCodeCacheSize                    = 251658240                              {pd product} {ergonomic}
     bool SegmentedCodeCache                       = true                                      {product} {ergonomic}
   size_t SoftMaxHeapSize                          = 1073741824                             {manageable} {ergonomic}
     bool UseCompressedClassPointers               = true                           {product lp64_product} {ergonomic}
     bool UseCompressedOops                        = true                           {product lp64_product} {ergonomic}
     bool UseLargePagesIndividualAllocation        = false                                  {pd product} {ergonomic}
     bool UseParallelGC                            = true                                      {product} {command line}

Logging:
Log output configuration:
 #0: stdout all=off uptime,level,tags
 #1: stderr all=off uptime,level,tags

Environment Variables:
JAVA_HOME=C:\Program Files\Java\jdk-21
CLASSPATH=C:\Program Files\Java\jdk-21\mysql-connector-j-9.0.0.jar;.;
PATH=F:\WINDOWS.X64_193000_db_home\bin;C:\Program Files\Common Files\Oracle\Java\javapath;C:\Python311\Scripts\;C:\Python311\;C:\Windows\system32;C:\Windows;C:\Windows\System32\Wbem;C:\Windows\System32\WindowsPowerShell\v1.0\;C:\Windows\System32\OpenSSH\;C:\Program Files\php-8.2.9;F:\;C:\ProgramData\chocolatey\bin;C:\Program Files\MongoDB\mongosh-1.10.6-win32-x64\bin;C:\Program Files\Java\jdk-21\bin;C:\MinGW\bin;F:\Git\cmd;C:\Program Files\MySQL\MySQL Server 8.0\bin;C:\Program Files\MySQL\MySQL Shell 8.0\bin\;C:\Users\Tanmoy\AppData\Local\Microsoft\WindowsApps;F:\Microsoft VS Code\bin;C:\Users\Tanmoy\AppData\Roaming\npm;C:\ProgramData\Tanmoy\GitHubDesktop\bin;C:\Python311;C:\Python311\Scripts
USERNAME=Tanmoy
OS=Windows_NT
PROCESSOR_IDENTIFIER=AMD64 Family 23 Model 24 Stepping 1, AuthenticAMD
TMP=C:\Users\Tanmoy\AppData\Local\Temp
TEMP=C:\Users\Tanmoy\AppData\Local\Temp



Periodic native trim disabled


---------------  S Y S T E M  ---------------

OS:
 Windows 10 , 64 bit Build 19041 (10.0.19041.4717)
OS uptime: 1 days 2:04 hours

CPU: total 8 (initial active 8) (8 cores per cpu, 2 threads per core) family 23 model 24 stepping 1 microcode 0x0, cx8, cmov, fxsr, ht, mmx, 3dnowpref, sse, sse2, sse3, ssse3, sse4a, sse4.1, sse4.2, popcnt, lzcnt, tsc, tscinvbit, avx, avx2, aes, clmul, bmi1, bmi2, adx, sha, fma, vzeroupper, clflush, clflushopt
Processor Information for all 8 processors :
  Max Mhz: 2100, Current Mhz: 2100, Mhz Limit: 2100

Memory: 4k page, system-wide physical 14213M (5750M free)
TotalPageFile size 16261M (AvailPageFile size 5M)
current process WorkingSet (physical memory assigned to process): 81M, peak: 81M
current process commit charge ("private bytes"): 202M, peak: 202M

vm_info: OpenJDK 64-Bit Server VM (17.0.12+7) for windows-amd64 JRE (17.0.12+7), built on Jul 16 2024 22:08:24 by "admin" with MS VC++ 16.10 / 16.11 (VS2019)

END.
