#
# There is insufficient memory for the Java Runtime Environment to continue.
# Native memory allocation (malloc) failed to allocate 1048576 bytes. Error detail: AllocateHeap
# Possible reasons:
#   The system is out of physical RAM or swap space
#   This process is running with CompressedOops enabled, and the Java Heap may be blocking the growth of the native heap
# Possible solutions:
#   Reduce memory load on the system
#   Increase physical memory or swap space
#   Check if swap backing store is full
#   Decrease Java heap size (-Xmx/-Xms)
#   Decrease number of Java threads
#   Decrease Java thread stack sizes (-Xss)
#   Set larger code cache with -XX:ReservedCodeCacheSize=
#   JVM is running with Unscaled Compressed Oops mode in which the Java heap is
#     placed in the first 4GB address space. The Java Heap base address is the
#     maximum limit for the native heap growth. Please use -XX:HeapBaseMinAddress
#     to set the Java Heap base and to place the Java Heap above 4GB virtual address.
# This output file may be truncated or incomplete.
#
#  Out of Memory Error (allocation.cpp:44), pid=928, tid=7732
#
# JRE version: OpenJDK Runtime Environment Temurin-17.0.12+7 (17.0.12+7) (build 17.0.12+7)
# Java VM: OpenJDK 64-Bit Server VM Temurin-17.0.12+7 (17.0.12+7, mixed mode, emulated-client, tiered, compressed oops, compressed class ptrs, g1 gc, windows-amd64)
# No core dump will be written. Minidumps are not enabled by default on client versions of Windows
#

---------------  S U M M A R Y ------------

Command Line: -Xmx1024m -Dsts.lsp.client=vscode -Dsts.log.file=/dev/null -XX:TieredStopAtLevel=1 -Xlog:jni+resolve=off c:\Users\Tanmoy\.vscode\extensions\vmware.vscode-spring-boot-1.57.0\language-server\spring-boot-language-server-1.57.0-SNAPSHOT-exec.jar

Host: AMD Ryzen 5 3550H with Radeon Vega Mobile Gfx  , 8 cores, 13G,  Windows 10 , 64 bit Build 19041 (10.0.19041.4717)
Time: Sat Oct  5 09:02:14 2024 India Standard Time elapsed time: 5495.479924 seconds (0d 1h 31m 35s)

---------------  T H R E A D  ---------------

Current thread (0x0000022cde53d270):  VMThread "VM Thread" [stack: 0x0000003cb1600000,0x0000003cb1700000] [id=7732]

Stack: [0x0000003cb1600000,0x0000003cb1700000]
Native frames: (J=compiled Java code, j=interpreted, Vv=VM code, C=native code)
V  [jvm.dll+0x67f929]
V  [jvm.dll+0x8371ba]
V  [jvm.dll+0x838c7e]
V  [jvm.dll+0x8392e3]
V  [jvm.dll+0x24834f]
V  [jvm.dll+0xa70d3]
V  [jvm.dll+0x2f9073]
V  [jvm.dll+0x2f4d00]
V  [jvm.dll+0x2dd82f]
V  [jvm.dll+0x3201f7]
V  [jvm.dll+0x83d7dd]
V  [jvm.dll+0x83e522]
V  [jvm.dll+0x83ea4f]
V  [jvm.dll+0x83ee34]
V  [jvm.dll+0x83ef00]
V  [jvm.dll+0x7e65dc]
V  [jvm.dll+0x67e7f7]
C  [ucrtbase.dll+0x21bb2]
C  [KERNEL32.DLL+0x17374]
C  [ntdll.dll+0x4cc91]

VM_Operation (0x0000003cb32fec90): G1CollectFull, mode: safepoint, requested by thread 0x0000022ce41dd4d0


---------------  P R O C E S S  ---------------

Threads class SMR info:
_java_thread_list=0x0000022ce3b5fa70, length=28, elements={
0x0000022cde552b50, 0x0000022cde5539d0, 0x0000022cde559350, 0x0000022cde595270,
0x0000022cde559f70, 0x0000022cde55a840, 0x0000022cde55c120, 0x0000022cde55ca30,
0x0000022cde6ef4d0, 0x0000022cde6f7e10, 0x0000022ce41ddef0, 0x0000022ce41dd4d0,
0x0000022ce41dd9e0, 0x0000022ce41de400, 0x0000022ce41de910, 0x0000022ce41dcfc0,
0x0000022ce4622b80, 0x0000022ce4623ab0, 0x0000022ce461e9b0, 0x0000022ce4622160,
0x0000022ce461eec0, 0x0000022ce461f3d0, 0x0000022ce4621c50, 0x0000022ce4623090,
0x0000022ce461d570, 0x0000022ce46235a0, 0x0000022ce461df90, 0x0000022ce461e4a0
}

Java Threads: ( => current thread )
  0x0000022cde552b50 JavaThread "Reference Handler" daemon [_thread_blocked, id=17052, stack(0x0000003cb1700000,0x0000003cb1800000)]
  0x0000022cde5539d0 JavaThread "Finalizer" daemon [_thread_blocked, id=576, stack(0x0000003cb1800000,0x0000003cb1900000)]
  0x0000022cde559350 JavaThread "Signal Dispatcher" daemon [_thread_blocked, id=2284, stack(0x0000003cb1900000,0x0000003cb1a00000)]
  0x0000022cde595270 JavaThread "Attach Listener" daemon [_thread_blocked, id=15232, stack(0x0000003cb1a00000,0x0000003cb1b00000)]
  0x0000022cde559f70 JavaThread "Service Thread" daemon [_thread_blocked, id=2300, stack(0x0000003cb1b00000,0x0000003cb1c00000)]
  0x0000022cde55a840 JavaThread "Monitor Deflation Thread" daemon [_thread_blocked, id=7724, stack(0x0000003cb1c00000,0x0000003cb1d00000)]
  0x0000022cde55c120 JavaThread "C1 CompilerThread0" daemon [_thread_blocked, id=7616, stack(0x0000003cb1d00000,0x0000003cb1e00000)]
  0x0000022cde55ca30 JavaThread "Sweeper thread" daemon [_thread_blocked, id=8036, stack(0x0000003cb1e00000,0x0000003cb1f00000)]
  0x0000022cde6ef4d0 JavaThread "Notification Thread" daemon [_thread_blocked, id=15164, stack(0x0000003cb2200000,0x0000003cb2300000)]
  0x0000022cde6f7e10 JavaThread "Common-Cleaner" daemon [_thread_blocked, id=2888, stack(0x0000003cb2400000,0x0000003cb2500000)]
  0x0000022ce41ddef0 JavaThread "boundedElastic-evictor-1" daemon [_thread_blocked, id=9648, stack(0x0000003cb3100000,0x0000003cb3200000)]
  0x0000022ce41dd4d0 JavaThread "pool-13-thread-1" [_thread_blocked, id=14252, stack(0x0000003cb3200000,0x0000003cb3300000)]
  0x0000022ce41dd9e0 JavaThread "LanguageServerApp-lifecycle" [_thread_blocked, id=15424, stack(0x0000003cb3300000,0x0000003cb3400000)]
  0x0000022ce41de400 JavaThread "DestroyJavaVM" [_thread_blocked, id=1328, stack(0x0000003cb1000000,0x0000003cb1100000)]
  0x0000022ce41de910 JavaThread "pool-14-thread-1" [_thread_in_native, id=9868, stack(0x0000003cb3400000,0x0000003cb3500000)]
  0x0000022ce41dcfc0 JavaThread "Simple-Language-Server main thread" daemon [_thread_blocked, id=3848, stack(0x0000003cb3500000,0x0000003cb3600000)]
  0x0000022ce4622b80 JavaThread "pool-6-thread-1" [_thread_blocked, id=9936, stack(0x0000003cb3900000,0x0000003cb3a00000)]
  0x0000022ce4623ab0 JavaThread "parallel-1" daemon [_thread_blocked, id=11268, stack(0x0000003cb3a00000,0x0000003cb3b00000)]
  0x0000022ce461e9b0 JavaThread "parallel-2" daemon [_thread_blocked, id=8244, stack(0x0000003cb3b00000,0x0000003cb3c00000)]
  0x0000022ce4622160 JavaThread "CompletableFutureDelayScheduler" daemon [_thread_blocked, id=8608, stack(0x0000003cb2000000,0x0000003cb2100000)]
  0x0000022ce461eec0 JavaThread "parallel-3" daemon [_thread_blocked, id=1888, stack(0x0000003cb0d00000,0x0000003cb0e00000)]
  0x0000022ce461f3d0 JavaThread "Reconciler-1" daemon [_thread_blocked, id=4644, stack(0x0000003cb0f00000,0x0000003cb1000000)]
  0x0000022ce4621c50 JavaThread "parallel-4" daemon [_thread_blocked, id=1280, stack(0x0000003cb3c00000,0x0000003cb3d00000)]
  0x0000022ce4623090 JavaThread "parallel-5" daemon [_thread_blocked, id=8408, stack(0x0000003cb3800000,0x0000003cb3900000)]
  0x0000022ce461d570 JavaThread "parallel-6" daemon [_thread_blocked, id=9488, stack(0x0000003cb3d00000,0x0000003cb3e00000)]
  0x0000022ce46235a0 JavaThread "parallel-7" daemon [_thread_blocked, id=512, stack(0x0000003cb3600000,0x0000003cb3700000)]
  0x0000022ce461df90 JavaThread "parallel-8" daemon [_thread_blocked, id=13592, stack(0x0000003cb3e00000,0x0000003cb3f00000)]
  0x0000022ce461e4a0 JavaThread "pool-8-thread-1" [_thread_blocked, id=8176, stack(0x0000003cb0e00000,0x0000003cb0f00000)]

Other Threads:
=>0x0000022cde53d270 VMThread "VM Thread" [stack: 0x0000003cb1600000,0x0000003cb1700000] [id=7732]
  0x0000022cde6ef9b0 WatcherThread [stack: 0x0000003cb2300000,0x0000003cb2400000] [id=2364]
  0x0000022cd17257b0 GCTaskThread "GC Thread#0" [stack: 0x0000003cb1100000,0x0000003cb1200000] [id=1616]
  0x0000022ce3692710 GCTaskThread "GC Thread#1" [stack: 0x0000003cb2500000,0x0000003cb2600000] [id=10112]
  0x0000022ce36929d0 GCTaskThread "GC Thread#2" [stack: 0x0000003cb2600000,0x0000003cb2700000] [id=12192]
  0x0000022ce36d1de0 GCTaskThread "GC Thread#3" [stack: 0x0000003cb2700000,0x0000003cb2800000] [id=17120]
  0x0000022ce36d20a0 GCTaskThread "GC Thread#4" [stack: 0x0000003cb2800000,0x0000003cb2900000] [id=9316]
  0x0000022ce3bab420 GCTaskThread "GC Thread#5" [stack: 0x0000003cb2900000,0x0000003cb2a00000] [id=13648]
  0x0000022ce3be3040 GCTaskThread "GC Thread#6" [stack: 0x0000003cb2a00000,0x0000003cb2b00000] [id=8956]
  0x0000022ce3be3300 GCTaskThread "GC Thread#7" [stack: 0x0000003cb2b00000,0x0000003cb2c00000] [id=12452]
  0x0000022cd172e700 ConcurrentGCThread "G1 Main Marker" [stack: 0x0000003cb1200000,0x0000003cb1300000] [id=16772]
  0x0000022cd172f130 ConcurrentGCThread "G1 Conc#0" [stack: 0x0000003cb1300000,0x0000003cb1400000] [id=7432]
  0x0000022ce3da5570 ConcurrentGCThread "G1 Conc#1" [stack: 0x0000003cb2d00000,0x0000003cb2e00000] [id=13280]
  0x0000022cde3ac110 ConcurrentGCThread "G1 Refine#0" [stack: 0x0000003cb1400000,0x0000003cb1500000] [id=18028]
  0x0000022cde3acb40 ConcurrentGCThread "G1 Service" [stack: 0x0000003cb1500000,0x0000003cb1600000] [id=10392]

Threads with active compile tasks:

VM state: at safepoint (normal execution)

VM Mutex/Monitor currently owned by a thread:  ([mutex/lock_event])
[0x0000022cd16e5600] Threads_lock - owner thread: 0x0000022cde53d270
[0x0000022cd16e5a80] Heap_lock - owner thread: 0x0000022ce41dd4d0

Heap address: 0x00000000c0000000, size: 1024 MB, Compressed Oops mode: 32-bit

CDS archive(s) not mapped
Compressed class space mapped at: 0x0000000100000000-0x0000000140000000, reserved size: 1073741824
Narrow klass base: 0x0000000000000000, Narrow klass shift: 3, Narrow klass range: 0x140000000

GC Precious Log:
 CPUs: 8 total, 8 available
 Memory: 14213M
 Large Page Support: Disabled
 NUMA Support: Disabled
 Compressed Oops: Enabled (32-bit)
 Heap Region Size: 1M
 Heap Min Capacity: 8M
 Heap Initial Capacity: 224M
 Heap Max Capacity: 1G
 Pre-touch: Disabled
 Parallel Workers: 8
 Concurrent Workers: 2
 Concurrent Refinement Workers: 8
 Periodic GC: Disabled

Heap:
 garbage-first heap   total 91136K, used 39106K [0x00000000c0000000, 0x0000000100000000)
  region size 1024K, 1 young (1024K), 0 survivors (0K)
 Metaspace       used 59560K, committed 59968K, reserved 1114112K
  class space    used 7504K, committed 7680K, reserved 1048576K

Heap Regions: E=young(eden), S=young(survivor), O=old, HS=humongous(starts), HC=humongous(continues), CS=collection set, F=free, OA=open archive, CA=closed archive, TAMS=top-at-mark-start (previous, next)
|   0|0x00000000c0000000, 0x00000000c0100000, 0x00000000c0100000|100%|HS|  |TAMS 0x00000000c0100000, 0x00000000c0000000| Untracked 
|   1|0x00000000c0100000, 0x00000000c0200000, 0x00000000c0200000|100%|HC|  |TAMS 0x00000000c0200000, 0x00000000c0100000| Untracked 
|   2|0x00000000c0200000, 0x00000000c0300000, 0x00000000c0300000|100%|HC|  |TAMS 0x00000000c0300000, 0x00000000c0200000| Untracked 
|   3|0x00000000c0300000, 0x00000000c0400000, 0x00000000c0400000|100%|HC|  |TAMS 0x00000000c0400000, 0x00000000c0300000| Untracked 
|   4|0x00000000c0400000, 0x00000000c0500000, 0x00000000c0500000|100%|HS|  |TAMS 0x00000000c0500000, 0x00000000c0400000| Untracked 
|   5|0x00000000c0500000, 0x00000000c0600000, 0x00000000c0600000|100%|HC|  |TAMS 0x00000000c0600000, 0x00000000c0500000| Untracked 
|   6|0x00000000c0600000, 0x00000000c0700000, 0x00000000c0700000|100%| O|  |TAMS 0x00000000c0700000, 0x00000000c0600000| Untracked 
|   7|0x00000000c0700000, 0x00000000c07ffff8, 0x00000000c0800000| 99%| O|  |TAMS 0x00000000c07ffff8, 0x00000000c0700000| Untracked 
|   8|0x00000000c0800000, 0x00000000c0900000, 0x00000000c0900000|100%| O|  |TAMS 0x00000000c0900000, 0x00000000c0800000| Untracked 
|   9|0x00000000c0900000, 0x00000000c0a00000, 0x00000000c0a00000|100%| O|  |TAMS 0x00000000c0a00000, 0x00000000c0900000| Untracked 
|  10|0x00000000c0a00000, 0x00000000c0afffc8, 0x00000000c0b00000| 99%| O|  |TAMS 0x00000000c0afffc8, 0x00000000c0a00000| Untracked 
|  11|0x00000000c0b00000, 0x00000000c0c00000, 0x00000000c0c00000|100%| O|  |TAMS 0x00000000c0c00000, 0x00000000c0b00000| Untracked 
|  12|0x00000000c0c00000, 0x00000000c0cfffe8, 0x00000000c0d00000| 99%| O|  |TAMS 0x00000000c0cfffe8, 0x00000000c0c00000| Untracked 
|  13|0x00000000c0d00000, 0x00000000c0e00000, 0x00000000c0e00000|100%| O|  |TAMS 0x00000000c0e00000, 0x00000000c0d00000| Untracked 
|  14|0x00000000c0e00000, 0x00000000c0f00000, 0x00000000c0f00000|100%| O|  |TAMS 0x00000000c0f00000, 0x00000000c0e00000| Untracked 
|  15|0x00000000c0f00000, 0x00000000c0ffffe8, 0x00000000c1000000| 99%| O|  |TAMS 0x00000000c0ffffe8, 0x00000000c0f00000| Untracked 
|  16|0x00000000c1000000, 0x00000000c10f5cc8, 0x00000000c1100000| 96%| O|  |TAMS 0x00000000c10f5cc8, 0x00000000c1000000| Untracked 
|  17|0x00000000c1100000, 0x00000000c11ffff8, 0x00000000c1200000| 99%| O|  |TAMS 0x00000000c11ffff8, 0x00000000c1100000| Untracked 
|  18|0x00000000c1200000, 0x00000000c12fffe8, 0x00000000c1300000| 99%| O|  |TAMS 0x00000000c12fffe8, 0x00000000c1200000| Untracked 
|  19|0x00000000c1300000, 0x00000000c13ffff8, 0x00000000c1400000| 99%| O|  |TAMS 0x00000000c13ffff8, 0x00000000c1300000| Untracked 
|  20|0x00000000c1400000, 0x00000000c14fffd8, 0x00000000c1500000| 99%| O|  |TAMS 0x00000000c14fffd8, 0x00000000c1400000| Untracked 
|  21|0x00000000c1500000, 0x00000000c15ffff8, 0x00000000c1600000| 99%| O|  |TAMS 0x00000000c15ffff8, 0x00000000c1500000| Untracked 
|  22|0x00000000c1600000, 0x00000000c16ffff8, 0x00000000c1700000| 99%| O|  |TAMS 0x00000000c16ffff8, 0x00000000c1600000| Untracked 
|  23|0x00000000c1700000, 0x00000000c17fffd8, 0x00000000c1800000| 99%| O|  |TAMS 0x00000000c17fffd8, 0x00000000c1700000| Untracked 
|  24|0x00000000c1800000, 0x00000000c18ffff8, 0x00000000c1900000| 99%| O|  |TAMS 0x00000000c18ffff8, 0x00000000c1800000| Untracked 
|  25|0x00000000c1900000, 0x00000000c1a00000, 0x00000000c1a00000|100%| O|  |TAMS 0x00000000c1a00000, 0x00000000c1900000| Untracked 
|  26|0x00000000c1a00000, 0x00000000c1b00000, 0x00000000c1b00000|100%| O|  |TAMS 0x00000000c1b00000, 0x00000000c1a00000| Untracked 
|  27|0x00000000c1b00000, 0x00000000c1bffff8, 0x00000000c1c00000| 99%| O|  |TAMS 0x00000000c1bffff8, 0x00000000c1b00000| Untracked 
|  28|0x00000000c1c00000, 0x00000000c1cfffe8, 0x00000000c1d00000| 99%| O|  |TAMS 0x00000000c1cfffe8, 0x00000000c1c00000| Untracked 
|  29|0x00000000c1d00000, 0x00000000c1dffff0, 0x00000000c1e00000| 99%| O|  |TAMS 0x00000000c1dffff0, 0x00000000c1d00000| Untracked 
|  30|0x00000000c1e00000, 0x00000000c1efffd0, 0x00000000c1f00000| 99%| O|  |TAMS 0x00000000c1efffd0, 0x00000000c1e00000| Untracked 
|  31|0x00000000c1f00000, 0x00000000c1ffffb8, 0x00000000c2000000| 99%| O|  |TAMS 0x00000000c1ffffb8, 0x00000000c1f00000| Untracked 
|  32|0x00000000c2000000, 0x00000000c20ff980, 0x00000000c2100000| 99%| O|  |TAMS 0x00000000c20ff980, 0x00000000c2000000| Untracked 
|  33|0x00000000c2100000, 0x00000000c2200000, 0x00000000c2200000|100%| O|  |TAMS 0x00000000c2200000, 0x00000000c2100000| Untracked 
|  34|0x00000000c2200000, 0x00000000c22ffce8, 0x00000000c2300000| 99%| O|  |TAMS 0x00000000c22ffce8, 0x00000000c2200000| Untracked 
|  35|0x00000000c2300000, 0x00000000c2400000, 0x00000000c2400000|100%|HS|  |TAMS 0x00000000c2400000, 0x00000000c2300000| Untracked 
|  36|0x00000000c2400000, 0x00000000c243ba68, 0x00000000c2500000| 23%| O|  |TAMS 0x00000000c2400000, 0x00000000c2400000| Untracked 
|  37|0x00000000c2500000, 0x00000000c2500000, 0x00000000c2600000|  0%| F|  |TAMS 0x00000000c2500000, 0x00000000c2500000| Untracked 
|  38|0x00000000c2600000, 0x00000000c2600000, 0x00000000c2700000|  0%| F|  |TAMS 0x00000000c2600000, 0x00000000c2600000| Untracked 
|  39|0x00000000c2700000, 0x00000000c2700000, 0x00000000c2800000|  0%| F|  |TAMS 0x00000000c2700000, 0x00000000c2700000| Untracked 
|  40|0x00000000c2800000, 0x00000000c2800000, 0x00000000c2900000|  0%| F|  |TAMS 0x00000000c2800000, 0x00000000c2800000| Untracked 
|  41|0x00000000c2900000, 0x00000000c2900000, 0x00000000c2a00000|  0%| F|  |TAMS 0x00000000c2900000, 0x00000000c2900000| Untracked 
|  42|0x00000000c2a00000, 0x00000000c2a00000, 0x00000000c2b00000|  0%| F|  |TAMS 0x00000000c2a00000, 0x00000000c2a00000| Untracked 
|  43|0x00000000c2b00000, 0x00000000c2b00000, 0x00000000c2c00000|  0%| F|  |TAMS 0x00000000c2b00000, 0x00000000c2b00000| Untracked 
|  44|0x00000000c2c00000, 0x00000000c2c00000, 0x00000000c2d00000|  0%| F|  |TAMS 0x00000000c2c00000, 0x00000000c2c00000| Untracked 
|  45|0x00000000c2d00000, 0x00000000c2d00000, 0x00000000c2e00000|  0%| F|  |TAMS 0x00000000c2d00000, 0x00000000c2d00000| Untracked 
|  46|0x00000000c2e00000, 0x00000000c2e00000, 0x00000000c2f00000|  0%| F|  |TAMS 0x00000000c2e00000, 0x00000000c2e00000| Untracked 
|  47|0x00000000c2f00000, 0x00000000c2f00000, 0x00000000c3000000|  0%| F|  |TAMS 0x00000000c2f00000, 0x00000000c2f00000| Untracked 
|  48|0x00000000c3000000, 0x00000000c3000000, 0x00000000c3100000|  0%| F|  |TAMS 0x00000000c3000000, 0x00000000c3000000| Untracked 
|  49|0x00000000c3100000, 0x00000000c3100000, 0x00000000c3200000|  0%| F|  |TAMS 0x00000000c3100000, 0x00000000c3100000| Untracked 
|  50|0x00000000c3200000, 0x00000000c3200000, 0x00000000c3300000|  0%| F|  |TAMS 0x00000000c3200000, 0x00000000c3200000| Untracked 
|  51|0x00000000c3300000, 0x00000000c3300000, 0x00000000c3400000|  0%| F|  |TAMS 0x00000000c3300000, 0x00000000c3300000| Untracked 
|  52|0x00000000c3400000, 0x00000000c3400000, 0x00000000c3500000|  0%| F|  |TAMS 0x00000000c3400000, 0x00000000c3400000| Untracked 
|  53|0x00000000c3500000, 0x00000000c3500000, 0x00000000c3600000|  0%| F|  |TAMS 0x00000000c3500000, 0x00000000c3500000| Untracked 
|  54|0x00000000c3600000, 0x00000000c3600000, 0x00000000c3700000|  0%| F|  |TAMS 0x00000000c3600000, 0x00000000c3600000| Untracked 
|  55|0x00000000c3700000, 0x00000000c3700000, 0x00000000c3800000|  0%| F|  |TAMS 0x00000000c3700000, 0x00000000c3700000| Untracked 
|  56|0x00000000c3800000, 0x00000000c3800000, 0x00000000c3900000|  0%| F|  |TAMS 0x00000000c3800000, 0x00000000c3800000| Untracked 
|  57|0x00000000c3900000, 0x00000000c3900000, 0x00000000c3a00000|  0%| F|  |TAMS 0x00000000c3900000, 0x00000000c3900000| Untracked 
|  58|0x00000000c3a00000, 0x00000000c3a00000, 0x00000000c3b00000|  0%| F|  |TAMS 0x00000000c3a00000, 0x00000000c3a00000| Untracked 
|  59|0x00000000c3b00000, 0x00000000c3b00000, 0x00000000c3c00000|  0%| F|  |TAMS 0x00000000c3b00000, 0x00000000c3b00000| Untracked 
|  60|0x00000000c3c00000, 0x00000000c3c00000, 0x00000000c3d00000|  0%| F|  |TAMS 0x00000000c3c00000, 0x00000000c3c00000| Untracked 
|  61|0x00000000c3d00000, 0x00000000c3d00000, 0x00000000c3e00000|  0%| F|  |TAMS 0x00000000c3d00000, 0x00000000c3d00000| Untracked 
|  62|0x00000000c3e00000, 0x00000000c3e00000, 0x00000000c3f00000|  0%| F|  |TAMS 0x00000000c3e00000, 0x00000000c3e00000| Untracked 
|  63|0x00000000c3f00000, 0x00000000c3f00000, 0x00000000c4000000|  0%| F|  |TAMS 0x00000000c3f00000, 0x00000000c3f00000| Untracked 
|  64|0x00000000c4000000, 0x00000000c4000000, 0x00000000c4100000|  0%| F|  |TAMS 0x00000000c4000000, 0x00000000c4000000| Untracked 
|  65|0x00000000c4100000, 0x00000000c4100000, 0x00000000c4200000|  0%| F|  |TAMS 0x00000000c4100000, 0x00000000c4100000| Untracked 
|  66|0x00000000c4200000, 0x00000000c4200000, 0x00000000c4300000|  0%| F|  |TAMS 0x00000000c4200000, 0x00000000c4200000| Untracked 
|  67|0x00000000c4300000, 0x00000000c4300000, 0x00000000c4400000|  0%| F|  |TAMS 0x00000000c4300000, 0x00000000c4300000| Untracked 
|  68|0x00000000c4400000, 0x00000000c4400000, 0x00000000c4500000|  0%| F|  |TAMS 0x00000000c4400000, 0x00000000c4400000| Untracked 
|  69|0x00000000c4500000, 0x00000000c4500000, 0x00000000c4600000|  0%| F|  |TAMS 0x00000000c4500000, 0x00000000c4500000| Untracked 
|  70|0x00000000c4600000, 0x00000000c4600000, 0x00000000c4700000|  0%| F|  |TAMS 0x00000000c4600000, 0x00000000c4600000| Untracked 
|  71|0x00000000c4700000, 0x00000000c4700000, 0x00000000c4800000|  0%| F|  |TAMS 0x00000000c4700000, 0x00000000c4700000| Untracked 
|  72|0x00000000c4800000, 0x00000000c4800000, 0x00000000c4900000|  0%| F|  |TAMS 0x00000000c4800000, 0x00000000c4800000| Untracked 
|  73|0x00000000c4900000, 0x00000000c4900000, 0x00000000c4a00000|  0%| F|  |TAMS 0x00000000c4900000, 0x00000000c4900000| Untracked 
|  74|0x00000000c4a00000, 0x00000000c4a00000, 0x00000000c4b00000|  0%| F|  |TAMS 0x00000000c4a00000, 0x00000000c4a00000| Untracked 
|  75|0x00000000c4b00000, 0x00000000c4b00000, 0x00000000c4c00000|  0%| F|  |TAMS 0x00000000c4b00000, 0x00000000c4b00000| Untracked 
|  76|0x00000000c4c00000, 0x00000000c4c00000, 0x00000000c4d00000|  0%| F|  |TAMS 0x00000000c4c00000, 0x00000000c4c00000| Untracked 
|  77|0x00000000c4d00000, 0x00000000c4d00000, 0x00000000c4e00000|  0%| F|  |TAMS 0x00000000c4d00000, 0x00000000c4d00000| Untracked 
|  78|0x00000000c4e00000, 0x00000000c4e00000, 0x00000000c4f00000|  0%| F|  |TAMS 0x00000000c4e00000, 0x00000000c4e00000| Untracked 
|  79|0x00000000c4f00000, 0x00000000c4f00000, 0x00000000c5000000|  0%| F|  |TAMS 0x00000000c4f00000, 0x00000000c4f00000| Untracked 
|  80|0x00000000c5000000, 0x00000000c5000000, 0x00000000c5100000|  0%| F|  |TAMS 0x00000000c5000000, 0x00000000c5000000| Untracked 
|  81|0x00000000c5100000, 0x00000000c5100000, 0x00000000c5200000|  0%| F|  |TAMS 0x00000000c5100000, 0x00000000c5100000| Untracked 
|  82|0x00000000c5200000, 0x00000000c5200000, 0x00000000c5300000|  0%| F|  |TAMS 0x00000000c5200000, 0x00000000c5200000| Untracked 
| 198|0x00000000cc600000, 0x00000000cc600000, 0x00000000cc700000|  0%| F|  |TAMS 0x00000000cc600000, 0x00000000cc600000| Untracked 
| 199|0x00000000cc700000, 0x00000000cc700000, 0x00000000cc800000|  0%| F|  |TAMS 0x00000000cc700000, 0x00000000cc700000| Untracked 
| 200|0x00000000cc800000, 0x00000000cc800000, 0x00000000cc900000|  0%| F|  |TAMS 0x00000000cc800000, 0x00000000cc800000| Untracked 
| 202|0x00000000cca00000, 0x00000000ccb00000, 0x00000000ccb00000|100%| O|  |TAMS 0x00000000ccb00000, 0x00000000cca00000| Untracked 
| 203|0x00000000ccb00000, 0x00000000ccc00000, 0x00000000ccc00000|100%| O|  |TAMS 0x00000000ccc00000, 0x00000000ccb00000| Untracked 
| 223|0x00000000cdf00000, 0x00000000cdf060e0, 0x00000000ce000000|  2%| E|  |TAMS 0x00000000cdf00000, 0x00000000cdf00000| Complete 

Card table byte_map: [0x0000022cd9670000,0x0000022cd9870000] _byte_map_base: 0x0000022cd9070000

Marking Bits (Prev, Next): (CMBitMap*) 0x0000022cd1725dd0, (CMBitMap*) 0x0000022cd1725e10
 Prev Bits: [0x0000022cd9a70000, 0x0000022cdaa70000)
 Next Bits: [0x0000022cdaa70000, 0x0000022cdba70000)

Polling page: 0x0000022cd17b0000

Metaspace:

Usage:
  Non-class:     50.84 MB used.
      Class:      7.33 MB used.
       Both:     58.16 MB used.

Virtual space:
  Non-class space:       64.00 MB reserved,      51.06 MB ( 80%) committed,  1 nodes.
      Class space:        1.00 GB reserved,       7.50 MB ( <1%) committed,  1 nodes.
             Both:        1.06 GB reserved,      58.56 MB (  5%) committed. 

Chunk freelists:
   Non-Class:  12.83 MB
       Class:  8.51 MB
        Both:  21.35 MB

MaxMetaspaceSize: unlimited
CompressedClassSpaceSize: 1.00 GB
Initial GC threshold: 21.00 MB
Current GC threshold: 97.62 MB
CDS: off
MetaspaceReclaimPolicy: balanced
 - commit_granule_bytes: 65536.
 - commit_granule_words: 8192.
 - virtual_space_node_default_size: 8388608.
 - enlarge_chunks_in_place: 1.
 - new_chunks_are_fully_committed: 0.
 - uncommit_free_chunks: 1.
 - use_allocation_guard: 0.
 - handle_deallocations: 1.


Internal statistics:

num_allocs_failed_limit: 6.
num_arena_births: 1016.
num_arena_deaths: 490.
num_vsnodes_births: 2.
num_vsnodes_deaths: 0.
num_space_committed: 936.
num_space_uncommitted: 0.
num_chunks_returned_to_freelist: 604.
num_chunks_taken_from_freelist: 3182.
num_chunk_merges: 215.
num_chunk_splits: 1983.
num_chunks_enlarged: 1390.
num_inconsistent_stats: 0.

CodeCache: size=49152Kb used=19108Kb max_used=20530Kb free=30043Kb
 bounds [0x0000022cd5b80000, 0x0000022cd6fd0000, 0x0000022cd8b80000]
 total_blobs=10380 nmethods=9736 adapters=570
 compilation: enabled
              stopped_count=0, restarted_count=0
 full_count=0

Compilation events (20 events):
Event: 5385.162 Thread 0x0000022cde55c120 9734       1       org.yaml.snakeyaml.parser.ParserImpl::peekEvent (32 bytes)
Event: 5385.162 Thread 0x0000022cde55c120 nmethod 9734 0x0000022cd6e21390 code [0x0000022cd6e21520, 0x0000022cd6e21688]
Event: 5385.162 Thread 0x0000022cde55c120 9735       1       org.yaml.snakeyaml.reader.StreamReader::peek (21 bytes)
Event: 5385.162 Thread 0x0000022cde55c120 nmethod 9735 0x0000022cd6e20f90 code [0x0000022cd6e21140, 0x0000022cd6e212a8]
Event: 5389.742 Thread 0x0000022cde55c120 9736       1       org.yaml.snakeyaml.resolver.ResolverTuple::<init> (20 bytes)
Event: 5389.743 Thread 0x0000022cde55c120 nmethod 9736 0x0000022cd6e20c10 code [0x0000022cd6e20da0, 0x0000022cd6e20ef8]
Event: 5389.743 Thread 0x0000022cde55c120 9737       1       org.yaml.snakeyaml.events.Event::is (14 bytes)
Event: 5389.743 Thread 0x0000022cde55c120 nmethod 9737 0x0000022cd6e20910 code [0x0000022cd6e20aa0, 0x0000022cd6e20ba8]
Event: 5389.744 Thread 0x0000022cde55c120 9738       1       org.yaml.snakeyaml.reader.StreamReader::getIndex (5 bytes)
Event: 5389.744 Thread 0x0000022cde55c120 nmethod 9738 0x0000022cd6e20610 code [0x0000022cd6e207a0, 0x0000022cd6e20878]
Event: 5389.744 Thread 0x0000022cde55c120 9739       1       org.yaml.snakeyaml.tokens.ScalarToken::getTokenId (4 bytes)
Event: 5389.744 Thread 0x0000022cde55c120 nmethod 9739 0x0000022cd6e20310 code [0x0000022cd6e204a0, 0x0000022cd6e20578]
Event: 5389.744 Thread 0x0000022cde55c120 9740       1       org.yaml.snakeyaml.reader.StreamReader::getMark (32 bytes)
Event: 5389.745 Thread 0x0000022cde55c120 nmethod 9740 0x0000022cd6e1ff90 code [0x0000022cd6e20120, 0x0000022cd6e20288]
Event: 5389.745 Thread 0x0000022cde55c120 9741       1       org.yaml.snakeyaml.error.Mark::<init> (38 bytes)
Event: 5389.745 Thread 0x0000022cde55c120 nmethod 9741 0x0000022cd6e1fc10 code [0x0000022cd6e1fda0, 0x0000022cd6e1ff18]
Event: 5389.745 Thread 0x0000022cde55c120 9742       1       java.util.regex.Pattern$Dollar::match (209 bytes)
Event: 5389.746 Thread 0x0000022cde55c120 nmethod 9742 0x0000022cd6e01c90 code [0x0000022cd6e01ec0, 0x0000022cd6e02358]
Event: 5484.977 Thread 0x0000022cde55c120 9743       1       sun.security.action.GetPropertyAction::privilegedGetProperty (28 bytes)
Event: 5484.979 Thread 0x0000022cde55c120 nmethod 9743 0x0000022cd6e01310 code [0x0000022cd6e01520, 0x0000022cd6e01998]

GC Heap History (20 events):
Event: 5321.925 GC heap after
{Heap after GC invocations=283 (full 231):
 garbage-first heap   total 91136K, used 39104K [0x00000000c0000000, 0x0000000100000000)
  region size 1024K, 0 young (0K), 0 survivors (0K)
 Metaspace       used 59560K, committed 59968K, reserved 1114112K
  class space    used 7504K, committed 7680K, reserved 1048576K
}
Event: 5332.159 GC heap before
{Heap before GC invocations=283 (full 231):
 garbage-first heap   total 91136K, used 39104K [0x00000000c0000000, 0x0000000100000000)
  region size 1024K, 1 young (1024K), 0 survivors (0K)
 Metaspace       used 59560K, committed 59968K, reserved 1114112K
  class space    used 7504K, committed 7680K, reserved 1048576K
}
Event: 5332.230 GC heap after
{Heap after GC invocations=284 (full 232):
 garbage-first heap   total 91136K, used 39104K [0x00000000c0000000, 0x0000000100000000)
  region size 1024K, 0 young (0K), 0 survivors (0K)
 Metaspace       used 59560K, committed 59968K, reserved 1114112K
  class space    used 7504K, committed 7680K, reserved 1048576K
}
Event: 5342.477 GC heap before
{Heap before GC invocations=284 (full 232):
 garbage-first heap   total 91136K, used 39104K [0x00000000c0000000, 0x0000000100000000)
  region size 1024K, 1 young (1024K), 0 survivors (0K)
 Metaspace       used 59560K, committed 59968K, reserved 1114112K
  class space    used 7504K, committed 7680K, reserved 1048576K
}
Event: 5342.560 GC heap after
{Heap after GC invocations=285 (full 233):
 garbage-first heap   total 91136K, used 39104K [0x00000000c0000000, 0x0000000100000000)
  region size 1024K, 0 young (0K), 0 survivors (0K)
 Metaspace       used 59560K, committed 59968K, reserved 1114112K
  class space    used 7504K, committed 7680K, reserved 1048576K
}
Event: 5422.894 GC heap before
{Heap before GC invocations=285 (full 233):
 garbage-first heap   total 91136K, used 40128K [0x00000000c0000000, 0x0000000100000000)
  region size 1024K, 2 young (2048K), 0 survivors (0K)
 Metaspace       used 59560K, committed 59968K, reserved 1114112K
  class space    used 7504K, committed 7680K, reserved 1048576K
}
Event: 5422.990 GC heap after
{Heap after GC invocations=286 (full 234):
 garbage-first heap   total 91136K, used 39109K [0x00000000c0000000, 0x0000000100000000)
  region size 1024K, 0 young (0K), 0 survivors (0K)
 Metaspace       used 59560K, committed 59968K, reserved 1114112K
  class space    used 7504K, committed 7680K, reserved 1048576K
}
Event: 5433.233 GC heap before
{Heap before GC invocations=286 (full 234):
 garbage-first heap   total 91136K, used 39109K [0x00000000c0000000, 0x0000000100000000)
  region size 1024K, 1 young (1024K), 0 survivors (0K)
 Metaspace       used 59560K, committed 59968K, reserved 1114112K
  class space    used 7504K, committed 7680K, reserved 1048576K
}
Event: 5433.306 GC heap after
{Heap after GC invocations=287 (full 235):
 garbage-first heap   total 91136K, used 39109K [0x00000000c0000000, 0x0000000100000000)
  region size 1024K, 0 young (0K), 0 survivors (0K)
 Metaspace       used 59560K, committed 59968K, reserved 1114112K
  class space    used 7504K, committed 7680K, reserved 1048576K
}
Event: 5443.722 GC heap before
{Heap before GC invocations=287 (full 235):
 garbage-first heap   total 91136K, used 39109K [0x00000000c0000000, 0x0000000100000000)
  region size 1024K, 1 young (1024K), 0 survivors (0K)
 Metaspace       used 59560K, committed 59968K, reserved 1114112K
  class space    used 7504K, committed 7680K, reserved 1048576K
}
Event: 5443.826 GC heap after
{Heap after GC invocations=288 (full 236):
 garbage-first heap   total 91136K, used 39109K [0x00000000c0000000, 0x0000000100000000)
  region size 1024K, 0 young (0K), 0 survivors (0K)
 Metaspace       used 59560K, committed 59968K, reserved 1114112K
  class space    used 7504K, committed 7680K, reserved 1048576K
}
Event: 5454.080 GC heap before
{Heap before GC invocations=288 (full 236):
 garbage-first heap   total 91136K, used 39109K [0x00000000c0000000, 0x0000000100000000)
  region size 1024K, 1 young (1024K), 0 survivors (0K)
 Metaspace       used 59560K, committed 59968K, reserved 1114112K
  class space    used 7504K, committed 7680K, reserved 1048576K
}
Event: 5454.149 GC heap after
{Heap after GC invocations=289 (full 237):
 garbage-first heap   total 91136K, used 39106K [0x00000000c0000000, 0x0000000100000000)
  region size 1024K, 0 young (0K), 0 survivors (0K)
 Metaspace       used 59560K, committed 59968K, reserved 1114112K
  class space    used 7504K, committed 7680K, reserved 1048576K
}
Event: 5464.455 GC heap before
{Heap before GC invocations=289 (full 237):
 garbage-first heap   total 91136K, used 39106K [0x00000000c0000000, 0x0000000100000000)
  region size 1024K, 1 young (1024K), 0 survivors (0K)
 Metaspace       used 59560K, committed 59968K, reserved 1114112K
  class space    used 7504K, committed 7680K, reserved 1048576K
}
Event: 5464.554 GC heap after
{Heap after GC invocations=290 (full 238):
 garbage-first heap   total 91136K, used 39106K [0x00000000c0000000, 0x0000000100000000)
  region size 1024K, 0 young (0K), 0 survivors (0K)
 Metaspace       used 59560K, committed 59968K, reserved 1114112K
  class space    used 7504K, committed 7680K, reserved 1048576K
}
Event: 5474.882 GC heap before
{Heap before GC invocations=290 (full 238):
 garbage-first heap   total 91136K, used 39106K [0x00000000c0000000, 0x0000000100000000)
  region size 1024K, 1 young (1024K), 0 survivors (0K)
 Metaspace       used 59560K, committed 59968K, reserved 1114112K
  class space    used 7504K, committed 7680K, reserved 1048576K
}
Event: 5474.977 GC heap after
{Heap after GC invocations=291 (full 239):
 garbage-first heap   total 91136K, used 39106K [0x00000000c0000000, 0x0000000100000000)
  region size 1024K, 0 young (0K), 0 survivors (0K)
 Metaspace       used 59560K, committed 59968K, reserved 1114112K
  class space    used 7504K, committed 7680K, reserved 1048576K
}
Event: 5485.225 GC heap before
{Heap before GC invocations=291 (full 239):
 garbage-first heap   total 91136K, used 39106K [0x00000000c0000000, 0x0000000100000000)
  region size 1024K, 1 young (1024K), 0 survivors (0K)
 Metaspace       used 59560K, committed 59968K, reserved 1114112K
  class space    used 7504K, committed 7680K, reserved 1048576K
}
Event: 5485.303 GC heap after
{Heap after GC invocations=292 (full 240):
 garbage-first heap   total 91136K, used 39106K [0x00000000c0000000, 0x0000000100000000)
  region size 1024K, 0 young (0K), 0 survivors (0K)
 Metaspace       used 59560K, committed 59968K, reserved 1114112K
  class space    used 7504K, committed 7680K, reserved 1048576K
}
Event: 5495.447 GC heap before
{Heap before GC invocations=292 (full 240):
 garbage-first heap   total 91136K, used 39106K [0x00000000c0000000, 0x0000000100000000)
  region size 1024K, 1 young (1024K), 0 survivors (0K)
 Metaspace       used 59560K, committed 59968K, reserved 1114112K
  class space    used 7504K, committed 7680K, reserved 1048576K
}

Dll operation events (10 events):
Event: 0.015 Loaded shared library c:\Users\Tanmoy\.vscode\extensions\redhat.java-1.35.1-win32-x64\jre\17.0.12-win32-x86_64\bin\java.dll
Event: 0.245 Loaded shared library C:\Users\Tanmoy\.vscode\extensions\redhat.java-1.35.1-win32-x64\jre\17.0.12-win32-x86_64\bin\net.dll
Event: 0.248 Loaded shared library C:\Users\Tanmoy\.vscode\extensions\redhat.java-1.35.1-win32-x64\jre\17.0.12-win32-x86_64\bin\nio.dll
Event: 0.293 Loaded shared library C:\Users\Tanmoy\.vscode\extensions\redhat.java-1.35.1-win32-x64\jre\17.0.12-win32-x86_64\bin\zip.dll
Event: 1.374 Loaded shared library C:\Users\Tanmoy\.vscode\extensions\redhat.java-1.35.1-win32-x64\jre\17.0.12-win32-x86_64\bin\jimage.dll
Event: 4.267 Loaded shared library c:\Users\Tanmoy\.vscode\extensions\redhat.java-1.35.1-win32-x64\jre\17.0.12-win32-x86_64\bin\verify.dll
Event: 8.418 Loaded shared library C:\Users\Tanmoy\.vscode\extensions\redhat.java-1.35.1-win32-x64\jre\17.0.12-win32-x86_64\bin\management.dll
Event: 8.421 Loaded shared library C:\Users\Tanmoy\.vscode\extensions\redhat.java-1.35.1-win32-x64\jre\17.0.12-win32-x86_64\bin\management_ext.dll
Event: 9.875 Loaded shared library C:\Users\Tanmoy\.vscode\extensions\redhat.java-1.35.1-win32-x64\jre\17.0.12-win32-x86_64\bin\sunmscapi.dll
Event: 10.311 Loaded shared library C:\Users\Tanmoy\.vscode\extensions\redhat.java-1.35.1-win32-x64\jre\17.0.12-win32-x86_64\bin\extnet.dll

Deoptimization events (8 events):
Event: 8.839 Thread 0x0000022ce41de910 DEOPT PACKING pc=0x0000022cd6150a01 sp=0x0000003cb34fd900
Event: 8.839 Thread 0x0000022ce41de910 DEOPT UNPACKING pc=0x0000022cd5bd7143 sp=0x0000003cb34fcd90 mode 3
Event: 8.886 Thread 0x0000022ce41dcfc0 DEOPT PACKING pc=0x0000022cd6132497 sp=0x0000003cb35feef0
Event: 8.887 Thread 0x0000022ce41dcfc0 DEOPT UNPACKING pc=0x0000022cd5bd7143 sp=0x0000003cb35fe348 mode 3
Event: 9.911 Thread 0x0000022ce4621740 DEOPT PACKING pc=0x0000022cd6028c0c sp=0x0000003cb3cfaf20
Event: 9.911 Thread 0x0000022ce4621740 DEOPT UNPACKING pc=0x0000022cd5bd7143 sp=0x0000003cb3cfa3e8 mode 0
Event: 12.443 Thread 0x0000022ce4622b80 DEOPT PACKING pc=0x0000022cd661768c sp=0x0000003cb39fe820
Event: 12.443 Thread 0x0000022ce4622b80 DEOPT UNPACKING pc=0x0000022cd5bd7143 sp=0x0000003cb39fdda0 mode 0

Classes loaded (20 events):
Event: 1992.451 Loading class java/util/ArrayList$SubList$1
Event: 1992.452 Loading class java/util/ArrayList$SubList$1 done
Event: 1992.453 Loading class sun/util/resources/Bundles$2
Event: 1992.453 Loading class sun/util/resources/Bundles$2 done
Event: 1992.539 Loading class java/util/stream/ReduceOps$7
Event: 1992.540 Loading class java/util/stream/ReduceOps$7 done
Event: 1992.540 Loading class java/util/stream/ReduceOps$6ReducingSink
Event: 1992.540 Loading class java/util/stream/ReduceOps$6ReducingSink done
Event: 2769.683 Loading class java/util/Spliterators$IntArraySpliterator
Event: 2769.684 Loading class java/util/Spliterators$IntArraySpliterator done
Event: 2769.685 Loading class java/util/stream/Nodes$IntSpinedNodeBuilder
Event: 2769.685 Loading class java/util/stream/SpinedBuffer$OfInt
Event: 2769.685 Loading class java/util/stream/SpinedBuffer$OfPrimitive
Event: 2769.686 Loading class java/util/stream/SpinedBuffer$OfPrimitive done
Event: 2769.686 Loading class java/util/stream/SpinedBuffer$OfInt done
Event: 2769.686 Loading class java/util/stream/Nodes$IntSpinedNodeBuilder done
Event: 3223.670 Loading class java/lang/Throwable$WrappedPrintWriter
Event: 3223.670 Loading class java/lang/Throwable$PrintStreamOrWriter
Event: 3223.670 Loading class java/lang/Throwable$PrintStreamOrWriter done
Event: 3223.670 Loading class java/lang/Throwable$WrappedPrintWriter done

Classes unloaded (20 events):
Event: 4089.238 Thread 0x0000022cde53d270 Unloading class 0x0000000100768400 'jdk/internal/reflect/GeneratedMethodAccessor58'
Event: 4089.238 Thread 0x0000022cde53d270 Unloading class 0x0000000100768000 'jdk/internal/reflect/GeneratedMethodAccessor57'
Event: 4089.238 Thread 0x0000022cde53d270 Unloading class 0x0000000100769400 'jdk/internal/reflect/GeneratedMethodAccessor56'
Event: 4472.195 Thread 0x0000022cde53d270 Unloading class 0x0000000100768400 'jdk/internal/reflect/GeneratedMethodAccessor65'
Event: 4472.195 Thread 0x0000022cde53d270 Unloading class 0x0000000100768000 'jdk/internal/reflect/GeneratedConstructorAccessor71'
Event: 4472.195 Thread 0x0000022cde53d270 Unloading class 0x0000000100761c00 'jdk/internal/reflect/GeneratedMethodAccessor64'
Event: 4472.195 Thread 0x0000022cde53d270 Unloading class 0x0000000100761800 'jdk/internal/reflect/GeneratedConstructorAccessor70'
Event: 4472.195 Thread 0x0000022cde53d270 Unloading class 0x0000000100761400 'jdk/internal/reflect/GeneratedMethodAccessor63'
Event: 4472.195 Thread 0x0000022cde53d270 Unloading class 0x0000000100761000 'jdk/internal/reflect/GeneratedMethodAccessor62'
Event: 4472.195 Thread 0x0000022cde53d270 Unloading class 0x0000000100769400 'jdk/internal/reflect/GeneratedMethodAccessor61'
Event: 4992.566 Thread 0x0000022cde53d270 Unloading class 0x000000010077e800 'java/lang/invoke/LambdaForm$MH+0x000000010077e800'
Event: 4992.566 Thread 0x0000022cde53d270 Unloading class 0x000000010077e400 'java/lang/invoke/LambdaForm$MH+0x000000010077e400'
Event: 4992.566 Thread 0x0000022cde53d270 Unloading class 0x000000010077e000 'java/lang/invoke/LambdaForm$MH+0x000000010077e000'
Event: 4992.566 Thread 0x0000022cde53d270 Unloading class 0x000000010077dc00 'java/lang/invoke/LambdaForm$MH+0x000000010077dc00'
Event: 4992.566 Thread 0x0000022cde53d270 Unloading class 0x000000010077d800 'java/lang/invoke/LambdaForm$MH+0x000000010077d800'
Event: 4992.566 Thread 0x0000022cde53d270 Unloading class 0x000000010077d400 'java/lang/invoke/LambdaForm$MH+0x000000010077d400'
Event: 4992.566 Thread 0x0000022cde53d270 Unloading class 0x000000010077cc00 'java/lang/invoke/LambdaForm$MH+0x000000010077cc00'
Event: 4992.566 Thread 0x0000022cde53d270 Unloading class 0x000000010077c800 'java/lang/invoke/LambdaForm$MH+0x000000010077c800'
Event: 4992.566 Thread 0x0000022cde53d270 Unloading class 0x000000010077c400 'java/lang/invoke/LambdaForm$MH+0x000000010077c400'
Event: 4992.566 Thread 0x0000022cde53d270 Unloading class 0x000000010077c000 'java/lang/invoke/LambdaForm$MH+0x000000010077c000'

Classes redefined (0 events):
No events

Internal exceptions (20 events):
Event: 4012.178 Thread 0x0000022ce4621740 NullPointerException in IC check 0x0000022cd60fa660
Event: 4012.179 Thread 0x0000022ce4621740 Exception <a 'java/lang/NullPointerException'{0x00000000c3d184f8}> (0x00000000c3d184f8) 
thrown [s\src\hotspot\share\runtime\sharedRuntime.cpp, line 631]
Event: 4639.838 Thread 0x0000022ce41dcfc0 Exception <a 'sun/nio/fs/WindowsException'{0x00000000cc8d02f0}> (0x00000000cc8d02f0) 
thrown [s\src\hotspot\share\prims\jni.cpp, line 516]
Event: 4639.838 Thread 0x0000022ce41dcfc0 Exception <a 'sun/nio/fs/WindowsException'{0x00000000cc8d0930}> (0x00000000cc8d0930) 
thrown [s\src\hotspot\share\prims\jni.cpp, line 516]
Event: 4645.585 Thread 0x0000022ce4622b80 Implicit null exception at 0x0000022cd6c9084a to 0x0000022cd6c919aa
Event: 4645.585 Thread 0x0000022ce4622b80 Exception <a 'java/lang/NullPointerException'{0x00000000c4f029f8}> (0x00000000c4f029f8) 
thrown [s\src\hotspot\share\runtime\sharedRuntime.cpp, line 631]
Event: 4645.586 Thread 0x0000022ce4622b80 Implicit null exception at 0x0000022cd6c9084a to 0x0000022cd6c919aa
Event: 4645.586 Thread 0x0000022ce4622b80 Exception <a 'java/lang/NullPointerException'{0x00000000c4f03248}> (0x00000000c4f03248) 
thrown [s\src\hotspot\share\runtime\sharedRuntime.cpp, line 631]
Event: 4645.586 Thread 0x0000022ce4622b80 Implicit null exception at 0x0000022cd6c9084a to 0x0000022cd6c919aa
Event: 4645.587 Thread 0x0000022ce4622b80 Exception <a 'java/lang/NullPointerException'{0x00000000c4f04790}> (0x00000000c4f04790) 
thrown [s\src\hotspot\share\runtime\sharedRuntime.cpp, line 631]
Event: 4645.587 Thread 0x0000022ce4622b80 Implicit null exception at 0x0000022cd6c9084a to 0x0000022cd6c919aa
Event: 4645.587 Thread 0x0000022ce4622b80 Exception <a 'java/lang/NullPointerException'{0x00000000c4f05978}> (0x00000000c4f05978) 
thrown [s\src\hotspot\share\runtime\sharedRuntime.cpp, line 631]
Event: 4645.587 Thread 0x0000022ce4622b80 Implicit null exception at 0x0000022cd6c9084a to 0x0000022cd6c919aa
Event: 4645.587 Thread 0x0000022ce4622b80 Exception <a 'java/lang/NullPointerException'{0x00000000c4f065f0}> (0x00000000c4f065f0) 
thrown [s\src\hotspot\share\runtime\sharedRuntime.cpp, line 631]
Event: 4645.587 Thread 0x0000022ce4622b80 Implicit null exception at 0x0000022cd6c9084a to 0x0000022cd6c919aa
Event: 4645.587 Thread 0x0000022ce4622b80 Exception <a 'java/lang/NullPointerException'{0x00000000c4f071d8}> (0x00000000c4f071d8) 
thrown [s\src\hotspot\share\runtime\sharedRuntime.cpp, line 631]
Event: 4645.587 Thread 0x0000022ce4622b80 Implicit null exception at 0x0000022cd6c9084a to 0x0000022cd6c919aa
Event: 4645.587 Thread 0x0000022ce4622b80 Exception <a 'java/lang/NullPointerException'{0x00000000c4f07b18}> (0x00000000c4f07b18) 
thrown [s\src\hotspot\share\runtime\sharedRuntime.cpp, line 631]
Event: 4707.892 Thread 0x0000022ce41dcfc0 Exception <a 'sun/nio/fs/WindowsException'{0x00000000cdf627b8}> (0x00000000cdf627b8) 
thrown [s\src\hotspot\share\prims\jni.cpp, line 516]
Event: 4707.892 Thread 0x0000022ce41dcfc0 Exception <a 'sun/nio/fs/WindowsException'{0x00000000cdf62df8}> (0x00000000cdf62df8) 
thrown [s\src\hotspot\share\prims\jni.cpp, line 516]

VM Operations (20 events):
Event: 5342.560 Executing VM operation: G1CollectFull done
Event: 5385.868 Executing VM operation: Cleanup
Event: 5385.868 Executing VM operation: Cleanup done
Event: 5389.883 Executing VM operation: Cleanup
Event: 5389.883 Executing VM operation: Cleanup done
Event: 5422.894 Executing VM operation: G1CollectFull
Event: 5422.990 Executing VM operation: G1CollectFull done
Event: 5433.233 Executing VM operation: G1CollectFull
Event: 5433.306 Executing VM operation: G1CollectFull done
Event: 5443.722 Executing VM operation: G1CollectFull
Event: 5443.826 Executing VM operation: G1CollectFull done
Event: 5454.080 Executing VM operation: G1CollectFull
Event: 5454.149 Executing VM operation: G1CollectFull done
Event: 5464.455 Executing VM operation: G1CollectFull
Event: 5464.554 Executing VM operation: G1CollectFull done
Event: 5474.882 Executing VM operation: G1CollectFull
Event: 5474.977 Executing VM operation: G1CollectFull done
Event: 5485.225 Executing VM operation: G1CollectFull
Event: 5485.303 Executing VM operation: G1CollectFull done
Event: 5495.446 Executing VM operation: G1CollectFull

Events (20 events):
Event: 4706.213 Thread 0x0000022ce4621230 Thread exited: 0x0000022ce4621230
Event: 4706.314 Thread 0x0000022ce4620300 Thread exited: 0x0000022ce4620300
Event: 4766.224 Thread 0x0000022ce46244d0 Thread exited: 0x0000022ce46244d0
Event: 4826.226 Thread 0x0000022ce4620d20 Thread exited: 0x0000022ce4620d20
Event: 4856.615 Thread 0x0000022ce4623fc0 Thread added: 0x0000022ce4623fc0
Event: 4856.617 Thread 0x0000022ce46244d0 Thread added: 0x0000022ce46244d0
Event: 4864.665 Thread 0x0000022ce4620d20 Thread added: 0x0000022ce4620d20
Event: 4887.660 Thread 0x0000022ce4620300 Thread added: 0x0000022ce4620300
Event: 4916.745 Thread 0x0000022ce46244d0 Thread exited: 0x0000022ce46244d0
Event: 4971.455 Thread 0x0000022ce4620300 Thread exited: 0x0000022ce4620300
Event: 4995.020 Thread 0x0000022ce4620d20 Thread exited: 0x0000022ce4620d20
Event: 5006.708 Thread 0x0000022ce4623fc0 Thread exited: 0x0000022ce4623fc0
Event: 5074.324 Thread 0x0000022ce461da80 Thread added: 0x0000022ce461da80
Event: 5074.325 Thread 0x0000022ce4620300 Thread added: 0x0000022ce4620300
Event: 5134.332 Thread 0x0000022ce461da80 Thread exited: 0x0000022ce461da80
Event: 5134.641 Thread 0x0000022ce4620300 Thread exited: 0x0000022ce4620300
Event: 5352.406 Thread 0x0000022ce4620d20 Thread added: 0x0000022ce4620d20
Event: 5352.407 Thread 0x0000022ce4623fc0 Thread added: 0x0000022ce4623fc0
Event: 5445.442 Thread 0x0000022ce4620d20 Thread exited: 0x0000022ce4620d20
Event: 5450.042 Thread 0x0000022ce4623fc0 Thread exited: 0x0000022ce4623fc0


Dynamic libraries:
0x00007ff6e2920000 - 0x00007ff6e292e000 	c:\Users\Tanmoy\.vscode\extensions\redhat.java-1.35.1-win32-x64\jre\17.0.12-win32-x86_64\bin\java.exe
0x00007ffc43ab0000 - 0x00007ffc43ca8000 	C:\Windows\SYSTEM32\ntdll.dll
0x00007ffc42990000 - 0x00007ffc42a51000 	C:\Windows\System32\KERNEL32.DLL
0x00007ffc41460000 - 0x00007ffc4175d000 	C:\Windows\System32\KERNELBASE.dll
0x00007ffc25bc0000 - 0x00007ffc25bd7000 	c:\Users\Tanmoy\.vscode\extensions\redhat.java-1.35.1-win32-x64\jre\17.0.12-win32-x86_64\bin\jli.dll
0x00007ffc177a0000 - 0x00007ffc177bb000 	c:\Users\Tanmoy\.vscode\extensions\redhat.java-1.35.1-win32-x64\jre\17.0.12-win32-x86_64\bin\VCRUNTIME140.dll
0x00007ffc295e0000 - 0x00007ffc2987a000 	C:\Windows\WinSxS\amd64_microsoft.windows.common-controls_6595b64144ccf1df_6.0.19041.4355_none_60b8b9eb71f62e16\COMCTL32.dll
0x00007ffc42ac0000 - 0x00007ffc42b5e000 	C:\Windows\System32\msvcrt.dll
0x00007ffc42b60000 - 0x00007ffc42b8b000 	C:\Windows\System32\GDI32.dll
0x00007ffc411d0000 - 0x00007ffc411f2000 	C:\Windows\System32\win32u.dll
0x00007ffc41800000 - 0x00007ffc41917000 	C:\Windows\System32\gdi32full.dll
0x00007ffc41760000 - 0x00007ffc417fd000 	C:\Windows\System32\msvcp_win.dll
0x00007ffc42720000 - 0x00007ffc428bd000 	C:\Windows\System32\USER32.dll
0x00007ffc41200000 - 0x00007ffc41300000 	C:\Windows\System32\ucrtbase.dll
0x00007ffc42930000 - 0x00007ffc4295f000 	C:\Windows\System32\IMM32.DLL
0x00007ffc2e2d0000 - 0x00007ffc2e2dc000 	c:\Users\Tanmoy\.vscode\extensions\redhat.java-1.35.1-win32-x64\jre\17.0.12-win32-x86_64\bin\vcruntime140_1.dll
0x00007ffc059d0000 - 0x00007ffc05a5d000 	c:\Users\Tanmoy\.vscode\extensions\redhat.java-1.35.1-win32-x64\jre\17.0.12-win32-x86_64\bin\msvcp140.dll
0x00007ffbee2c0000 - 0x00007ffbeef2a000 	c:\Users\Tanmoy\.vscode\extensions\redhat.java-1.35.1-win32-x64\jre\17.0.12-win32-x86_64\bin\server\jvm.dll
0x00007ffc422b0000 - 0x00007ffc42360000 	C:\Windows\System32\ADVAPI32.dll
0x00007ffc42c40000 - 0x00007ffc42ce0000 	C:\Windows\System32\sechost.dll
0x00007ffc424c0000 - 0x00007ffc425e3000 	C:\Windows\System32\RPCRT4.dll
0x00007ffc41920000 - 0x00007ffc41947000 	C:\Windows\System32\bcrypt.dll
0x00007ffc42450000 - 0x00007ffc424bb000 	C:\Windows\System32\WS2_32.dll
0x00007ffc406e0000 - 0x00007ffc4072b000 	C:\Windows\SYSTEM32\POWRPROF.dll
0x00007ffc36570000 - 0x00007ffc36597000 	C:\Windows\SYSTEM32\WINMM.dll
0x00007ffc3c130000 - 0x00007ffc3c13a000 	C:\Windows\SYSTEM32\VERSION.dll
0x00007ffc40550000 - 0x00007ffc40562000 	C:\Windows\SYSTEM32\UMPDC.dll
0x00007ffc3efe0000 - 0x00007ffc3eff2000 	C:\Windows\SYSTEM32\kernel.appcore.dll
0x00007ffc2dd70000 - 0x00007ffc2dd7a000 	c:\Users\Tanmoy\.vscode\extensions\redhat.java-1.35.1-win32-x64\jre\17.0.12-win32-x86_64\bin\jimage.dll
0x00007ffc35ac0000 - 0x00007ffc35ca4000 	C:\Windows\SYSTEM32\DBGHELP.DLL
0x00007ffc23b20000 - 0x00007ffc23b54000 	C:\Windows\SYSTEM32\dbgcore.DLL
0x00007ffc41a00000 - 0x00007ffc41a82000 	C:\Windows\System32\bcryptPrimitives.dll
0x00007ffc133a0000 - 0x00007ffc133c5000 	c:\Users\Tanmoy\.vscode\extensions\redhat.java-1.35.1-win32-x64\jre\17.0.12-win32-x86_64\bin\java.dll
0x00007ffc176f0000 - 0x00007ffc17708000 	c:\Users\Tanmoy\.vscode\extensions\redhat.java-1.35.1-win32-x64\jre\17.0.12-win32-x86_64\bin\zip.dll
0x00007ffc43300000 - 0x00007ffc43a6f000 	C:\Windows\System32\SHELL32.dll
0x00007ffc3f1e0000 - 0x00007ffc3f97f000 	C:\Windows\SYSTEM32\windows.storage.dll
0x00007ffc41ce0000 - 0x00007ffc42033000 	C:\Windows\System32\combase.dll
0x00007ffc40b80000 - 0x00007ffc40bae000 	C:\Windows\SYSTEM32\Wldp.dll
0x00007ffc420c0000 - 0x00007ffc4218d000 	C:\Windows\System32\OLEAUT32.dll
0x00007ffc42b90000 - 0x00007ffc42c3d000 	C:\Windows\System32\SHCORE.dll
0x00007ffc42a60000 - 0x00007ffc42ab5000 	C:\Windows\System32\shlwapi.dll
0x00007ffc41090000 - 0x00007ffc410b4000 	C:\Windows\SYSTEM32\profapi.dll
0x00007ffc175f0000 - 0x00007ffc17609000 	C:\Users\Tanmoy\.vscode\extensions\redhat.java-1.35.1-win32-x64\jre\17.0.12-win32-x86_64\bin\net.dll
0x00007ffc3d2f0000 - 0x00007ffc3d3fd000 	C:\Windows\SYSTEM32\WINHTTP.dll
0x00007ffc408e0000 - 0x00007ffc4094a000 	C:\Windows\system32\mswsock.dll
0x00007ffc15350000 - 0x00007ffc15366000 	C:\Users\Tanmoy\.vscode\extensions\redhat.java-1.35.1-win32-x64\jre\17.0.12-win32-x86_64\bin\nio.dll
0x00007ffc2c270000 - 0x00007ffc2c280000 	c:\Users\Tanmoy\.vscode\extensions\redhat.java-1.35.1-win32-x64\jre\17.0.12-win32-x86_64\bin\verify.dll
0x00007ffc40ae0000 - 0x00007ffc40af8000 	C:\Windows\SYSTEM32\CRYPTSP.dll
0x00007ffc40190000 - 0x00007ffc401c4000 	C:\Windows\system32\rsaenh.dll
0x00007ffc41040000 - 0x00007ffc4106e000 	C:\Windows\SYSTEM32\USERENV.dll
0x00007ffc40ad0000 - 0x00007ffc40adc000 	C:\Windows\SYSTEM32\CRYPTBASE.dll
0x00007ffc40570000 - 0x00007ffc405ab000 	C:\Windows\SYSTEM32\IPHLPAPI.DLL
0x00007ffc42240000 - 0x00007ffc42248000 	C:\Windows\System32\NSI.dll
0x00007ffc3ba00000 - 0x00007ffc3ba17000 	C:\Windows\SYSTEM32\dhcpcsvc6.DLL
0x00007ffc3c060000 - 0x00007ffc3c07d000 	C:\Windows\SYSTEM32\dhcpcsvc.DLL
0x00007ffc405b0000 - 0x00007ffc4067a000 	C:\Windows\SYSTEM32\DNSAPI.dll
0x00007ffc2bb20000 - 0x00007ffc2bb29000 	C:\Users\Tanmoy\.vscode\extensions\redhat.java-1.35.1-win32-x64\jre\17.0.12-win32-x86_64\bin\management.dll
0x00007ffc2b080000 - 0x00007ffc2b08b000 	C:\Users\Tanmoy\.vscode\extensions\redhat.java-1.35.1-win32-x64\jre\17.0.12-win32-x86_64\bin\management_ext.dll
0x00007ffc42920000 - 0x00007ffc42928000 	C:\Windows\System32\PSAPI.DLL
0x00007ffc3ce20000 - 0x00007ffc3ce2e000 	C:\Users\Tanmoy\.vscode\extensions\redhat.java-1.35.1-win32-x64\jre\17.0.12-win32-x86_64\bin\sunmscapi.dll
0x00007ffc41300000 - 0x00007ffc4145e000 	C:\Windows\System32\CRYPT32.dll
0x00007ffc40bf0000 - 0x00007ffc40c19000 	C:\Windows\SYSTEM32\ncrypt.dll
0x00007ffc40bb0000 - 0x00007ffc40beb000 	C:\Windows\SYSTEM32\NTASN1.dll
0x00007ffc294d0000 - 0x00007ffc294d7000 	C:\Windows\system32\wshunix.dll
0x00007ffc2bfb0000 - 0x00007ffc2bfb9000 	C:\Users\Tanmoy\.vscode\extensions\redhat.java-1.35.1-win32-x64\jre\17.0.12-win32-x86_64\bin\extnet.dll
0x00007ffc287b0000 - 0x00007ffc287ba000 	C:\Windows\System32\rasadhlp.dll

dbghelp: loaded successfully - version: 4.0.5 - missing functions: none
symbol engine: initialized successfully - sym options: 0x614 - pdb path: .;c:\Users\Tanmoy\.vscode\extensions\redhat.java-1.35.1-win32-x64\jre\17.0.12-win32-x86_64\bin;C:\Windows\SYSTEM32;C:\Windows\WinSxS\amd64_microsoft.windows.common-controls_6595b64144ccf1df_6.0.19041.4355_none_60b8b9eb71f62e16;c:\Users\Tanmoy\.vscode\extensions\redhat.java-1.35.1-win32-x64\jre\17.0.12-win32-x86_64\bin\server

VM Arguments:
jvm_args: -Xmx1024m -Dsts.lsp.client=vscode -Dsts.log.file=/dev/null -XX:TieredStopAtLevel=1 -Xlog:jni+resolve=off 
java_command: c:\Users\Tanmoy\.vscode\extensions\vmware.vscode-spring-boot-1.57.0\language-server\spring-boot-language-server-1.57.0-SNAPSHOT-exec.jar
java_class_path (initial): c:\Users\Tanmoy\.vscode\extensions\vmware.vscode-spring-boot-1.57.0\language-server\spring-boot-language-server-1.57.0-SNAPSHOT-exec.jar
Launcher Type: SUN_STANDARD

[Global flags]
     intx CICompilerCount                          = 4                                         {product} {ergonomic}
     uint ConcGCThreads                            = 2                                         {product} {ergonomic}
     uint G1ConcRefinementThreads                  = 8                                         {product} {ergonomic}
   size_t G1HeapRegionSize                         = 1048576                                   {product} {ergonomic}
    uintx GCDrainStackTargetSize                   = 64                                        {product} {ergonomic}
   size_t InitialHeapSize                          = 234881024                                 {product} {ergonomic}
   size_t MarkStackSize                            = 4194304                                   {product} {ergonomic}
   size_t MaxHeapSize                              = 1073741824                                {product} {command line}
   size_t MaxNewSize                               = 643825664                                 {product} {ergonomic}
   size_t MinHeapDeltaBytes                        = 1048576                                   {product} {ergonomic}
   size_t MinHeapSize                              = 8388608                                   {product} {ergonomic}
    uintx NonProfiledCodeHeapSize                  = 0                                      {pd product} {ergonomic}
     bool ProfileInterpreter                       = false                                  {pd product} {command line}
    uintx ProfiledCodeHeapSize                     = 0                                      {pd product} {ergonomic}
   size_t SoftMaxHeapSize                          = 1073741824                             {manageable} {ergonomic}
     intx TieredStopAtLevel                        = 1                                         {product} {command line}
     bool UseCompressedClassPointers               = true                           {product lp64_product} {ergonomic}
     bool UseCompressedOops                        = true                           {product lp64_product} {ergonomic}
     bool UseG1GC                                  = true                                      {product} {ergonomic}
     bool UseLargePagesIndividualAllocation        = false                                  {pd product} {ergonomic}

Logging:
Log output configuration:
 #0: stdout all=warning,jni+resolve=off uptime,level,tags
 #1: stderr all=off uptime,level,tags

Environment Variables:
JAVA_HOME=C:\Program Files\Java\jdk-21
CLASSPATH=C:\Program Files\Java\jdk-21\mysql-connector-j-9.0.0.jar;.;
PATH=F:\WINDOWS.X64_193000_db_home\bin;C:\Program Files\Common Files\Oracle\Java\javapath;C:\Python311\Scripts\;C:\Python311\;C:\Windows\system32;C:\Windows;C:\Windows\System32\Wbem;C:\Windows\System32\WindowsPowerShell\v1.0\;C:\Windows\System32\OpenSSH\;C:\Program Files\php-8.2.9;F:\;C:\ProgramData\chocolatey\bin;C:\Program Files\MongoDB\mongosh-1.10.6-win32-x64\bin;C:\Program Files\Java\jdk-21\bin;C:\MinGW\bin;F:\Git\cmd;C:\Program Files\MySQL\MySQL Server 8.0\bin;C:\Program Files\MySQL\MySQL Shell 8.0\bin\;C:\Users\Tanmoy\AppData\Local\Microsoft\WindowsApps;F:\Microsoft VS Code\bin;C:\Users\Tanmoy\AppData\Roaming\npm;C:\ProgramData\Tanmoy\GitHubDesktop\bin;C:\Python311;C:\Python311\Scripts
USERNAME=Tanmoy
OS=Windows_NT
PROCESSOR_IDENTIFIER=AMD64 Family 23 Model 24 Stepping 1, AuthenticAMD
TMP=C:\Users\Tanmoy\AppData\Local\Temp
TEMP=C:\Users\Tanmoy\AppData\Local\Temp



Periodic native trim disabled


---------------  S Y S T E M  ---------------

OS:
 Windows 10 , 64 bit Build 19041 (10.0.19041.4717)
OS uptime: 0 days 23:37 hours

CPU: total 8 (initial active 8) (8 cores per cpu, 2 threads per core) family 23 model 24 stepping 1 microcode 0x0, cx8, cmov, fxsr, ht, mmx, 3dnowpref, sse, sse2, sse3, ssse3, sse4a, sse4.1, sse4.2, popcnt, lzcnt, tsc, tscinvbit, avx, avx2, aes, clmul, bmi1, bmi2, adx, sha, fma, vzeroupper, clflush, clflushopt
Processor Information for all 8 processors :
  Max Mhz: 2100, Current Mhz: 2100, Mhz Limit: 2100

Memory: 4k page, system-wide physical 14213M (5297M free)
TotalPageFile size 16261M (AvailPageFile size 16M)
current process WorkingSet (physical memory assigned to process): 204M, peak: 225M
current process commit charge ("private bytes"): 268M, peak: 335M

vm_info: OpenJDK 64-Bit Server VM (17.0.12+7) for windows-amd64 JRE (17.0.12+7), built on Jul 16 2024 22:08:24 by "admin" with MS VC++ 16.10 / 16.11 (VS2019)

END.
