#
# There is insufficient memory for the Java Runtime Environment to continue.
# Native memory allocation (malloc) failed to allocate 516224 bytes. Error detail: Chunk::new
# Possible reasons:
#   The system is out of physical RAM or swap space
#   This process is running with CompressedOops enabled, and the Java Heap may be blocking the growth of the native heap
# Possible solutions:
#   Reduce memory load on the system
#   Increase physical memory or swap space
#   Check if swap backing store is full
#   Decrease Java heap size (-Xmx/-Xms)
#   Decrease number of Java threads
#   Decrease Java thread stack sizes (-Xss)
#   Set larger code cache with -XX:ReservedCodeCacheSize=
#   JVM is running with Unscaled Compressed Oops mode in which the Java heap is
#     placed in the first 4GB address space. The Java Heap base address is the
#     maximum limit for the native heap growth. Please use -XX:HeapBaseMinAddress
#     to set the Java Heap base and to place the Java Heap above 4GB virtual address.
# This output file may be truncated or incomplete.
#
#  Out of Memory Error (arena.cpp:191), pid=11160, tid=4628
#
# JRE version: OpenJDK Runtime Environment Temurin-17.0.12+7 (17.0.12+7) (build 17.0.12+7)
# Java VM: OpenJDK 64-Bit Server VM Temurin-17.0.12+7 (17.0.12+7, mixed mode, tiered, compressed oops, compressed class ptrs, parallel gc, windows-amd64)
# No core dump will be written. Minidumps are not enabled by default on client versions of Windows
#

---------------  S U M M A R Y ------------

Command Line: --add-modules=ALL-SYSTEM --add-opens=java.base/java.util=ALL-UNNAMED --add-opens=java.base/java.lang=ALL-UNNAMED --add-opens=java.base/sun.nio.fs=ALL-UNNAMED -Declipse.application=org.eclipse.jdt.ls.core.id1 -Dosgi.bundles.defaultStartLevel=4 -Declipse.product=org.eclipse.jdt.ls.core.product -Djava.import.generatesMetadataFilesAtProjectRoot=false -DDetectVMInstallationsJob.disabled=true -Dfile.encoding=utf8 -XX:+UseParallelGC -XX:GCTimeRatio=4 -XX:AdaptiveSizePolicyWeight=90 -Dsun.zip.disableMemoryMapping=true -Xmx1G -Xms100m -Xlog:disable -javaagent:c:\Users\Tanmoy\.vscode\extensions\redhat.java-1.35.1-win32-x64\lombok\lombok-1.18.33.jar c:\Users\Tanmoy\.vscode\extensions\redhat.java-1.35.1-win32-x64\server\plugins\org.eclipse.equinox.launcher_1.6.900.v20240613-2009.jar -configuration c:\Users\Tanmoy\AppData\Roaming\Code\User\globalStorage\redhat.java\1.35.1\config_ss_win -data c:\Users\Tanmoy\AppData\Roaming\Code\User\workspaceStorage\184b04e5a2089e87458e5613a067ce45\redhat.java\ss_ws --pipe=\\.\pipe\lsp-5a695026f7d789c0d9e08ce5f70332f1-sock

Host: AMD Ryzen 5 3550H with Radeon Vega Mobile Gfx  , 8 cores, 13G,  Windows 10 , 64 bit Build 19041 (10.0.19041.4717)
Time: Wed Oct  9 10:14:29 2024 India Standard Time elapsed time: 12.066964 seconds (0d 0h 0m 12s)

---------------  T H R E A D  ---------------

Current thread (0x0000028c7b83a020):  JavaThread "C2 CompilerThread1" daemon [_thread_in_native, id=4628, stack(0x000000c481600000,0x000000c481700000)]


Current CompileTask:
C2:  12067 4292       4       java.io.FilterInputStream::read (11 bytes)

Stack: [0x000000c481600000,0x000000c481700000]
Native frames: (J=compiled Java code, j=interpreted, Vv=VM code, C=native code)
V  [jvm.dll+0x67f929]
V  [jvm.dll+0x8371ba]
V  [jvm.dll+0x838c7e]
V  [jvm.dll+0x8392e3]
V  [jvm.dll+0x24834f]
V  [jvm.dll+0xac9d4]
V  [jvm.dll+0xad01c]
V  [jvm.dll+0x3674a7]
V  [jvm.dll+0x33197a]
V  [jvm.dll+0x330e1a]
V  [jvm.dll+0x21a8b1]
V  [jvm.dll+0x219cf1]
V  [jvm.dll+0x1a58bd]
V  [jvm.dll+0x229a2d]
V  [jvm.dll+0x227bdc]
V  [jvm.dll+0x7ec1f7]
V  [jvm.dll+0x7e65dc]
V  [jvm.dll+0x67e7f7]
C  [ucrtbase.dll+0x21bb2]
C  [KERNEL32.DLL+0x17374]
C  [ntdll.dll+0x4cc91]


---------------  P R O C E S S  ---------------

Threads class SMR info:
_java_thread_list=0x0000028c7c8dadc0, length=36, elements={
0x0000028c5f2af730, 0x0000028c73135620, 0x0000028c5f357ef0, 0x0000028c73139360,
0x0000028c7313bff0, 0x0000028c7313cc70, 0x0000028c7313ea40, 0x0000028c78282610,
0x0000028c782e5150, 0x0000028c78301ef0, 0x0000028c783a6c20, 0x0000028c785dc180,
0x0000028c79c5d1b0, 0x0000028c79d2f7e0, 0x0000028c79cfba10, 0x0000028c79ed3900,
0x0000028c79f28a60, 0x0000028c79f27b30, 0x0000028c79f28f70, 0x0000028c79f27620,
0x0000028c79f29480, 0x0000028c79f29ea0, 0x0000028c79f29990, 0x0000028c79f28550,
0x0000028c79f2a3b0, 0x0000028c79f2a8c0, 0x0000028c79f28040, 0x0000028c79f27110,
0x0000028c795f34a0, 0x0000028c795f6740, 0x0000028c795f6230, 0x0000028c795f85a0,
0x0000028c7b83a020, 0x0000028c795f5300, 0x0000028c795f9ef0, 0x0000028c7bae3b50
}

Java Threads: ( => current thread )
  0x0000028c5f2af730 JavaThread "main" [_thread_blocked, id=1872, stack(0x000000c4fe700000,0x000000c4fe800000)]
  0x0000028c73135620 JavaThread "Reference Handler" daemon [_thread_blocked, id=14252, stack(0x000000c4fea00000,0x000000c4feb00000)]
  0x0000028c5f357ef0 JavaThread "Finalizer" daemon [_thread_blocked, id=15056, stack(0x000000c4feb00000,0x000000c4fec00000)]
  0x0000028c73139360 JavaThread "Signal Dispatcher" daemon [_thread_blocked, id=16332, stack(0x000000c4fec00000,0x000000c4fed00000)]
  0x0000028c7313bff0 JavaThread "Attach Listener" daemon [_thread_blocked, id=9564, stack(0x000000c4fed00000,0x000000c4fee00000)]
  0x0000028c7313cc70 JavaThread "Service Thread" daemon [_thread_blocked, id=6840, stack(0x000000c4fee00000,0x000000c4fef00000)]
  0x0000028c7313ea40 JavaThread "Monitor Deflation Thread" daemon [_thread_blocked, id=12640, stack(0x000000c4fef00000,0x000000c4ff000000)]
  0x0000028c78282610 JavaThread "C2 CompilerThread0" daemon [_thread_blocked, id=11052, stack(0x000000c4ff000000,0x000000c4ff100000)]
  0x0000028c782e5150 JavaThread "C1 CompilerThread0" daemon [_thread_blocked, id=15464, stack(0x000000c4ff100000,0x000000c4ff200000)]
  0x0000028c78301ef0 JavaThread "Sweeper thread" daemon [_thread_blocked, id=15860, stack(0x000000c4ff200000,0x000000c4ff300000)]
  0x0000028c783a6c20 JavaThread "Common-Cleaner" daemon [_thread_blocked, id=14656, stack(0x000000c4ff300000,0x000000c4ff400000)]
  0x0000028c785dc180 JavaThread "Notification Thread" daemon [_thread_blocked, id=1724, stack(0x000000c4ff400000,0x000000c4ff500000)]
  0x0000028c79c5d1b0 JavaThread "Active Thread: Equinox Container: 0374bbcc-36f3-4d50-bfc7-f2e6fade85ec" [_thread_blocked, id=10888, stack(0x000000c4ffd00000,0x000000c4ffe00000)]
  0x0000028c79d2f7e0 JavaThread "Framework Event Dispatcher: Equinox Container: 0374bbcc-36f3-4d50-bfc7-f2e6fade85ec" daemon [_thread_blocked, id=7676, stack(0x000000c4fff00000,0x000000c500000000)]
  0x0000028c79cfba10 JavaThread "Start Level: Equinox Container: 0374bbcc-36f3-4d50-bfc7-f2e6fade85ec" daemon [_thread_blocked, id=12948, stack(0x000000c480000000,0x000000c480100000)]
  0x0000028c79ed3900 JavaThread "SCR Component Actor" daemon [_thread_blocked, id=17124, stack(0x000000c480100000,0x000000c480200000)]
  0x0000028c79f28a60 JavaThread "Worker-JM" [_thread_blocked, id=444, stack(0x000000c480400000,0x000000c480500000)]
  0x0000028c79f27b30 JavaThread "JNA Cleaner" daemon [_thread_blocked, id=14304, stack(0x000000c480500000,0x000000c480600000)]
  0x0000028c79f28f70 JavaThread "Worker-0" [_thread_blocked, id=16160, stack(0x000000c480600000,0x000000c480700000)]
  0x0000028c79f27620 JavaThread "Worker-1" [_thread_blocked, id=7612, stack(0x000000c480700000,0x000000c480800000)]
  0x0000028c79f29480 JavaThread "Thread-2" daemon [_thread_in_native, id=17628, stack(0x000000c480c00000,0x000000c480d00000)]
  0x0000028c79f29ea0 JavaThread "Thread-3" daemon [_thread_in_native, id=11476, stack(0x000000c480d00000,0x000000c480e00000)]
  0x0000028c79f29990 JavaThread "Thread-4" daemon [_thread_in_native, id=17656, stack(0x000000c480e00000,0x000000c480f00000)]
  0x0000028c79f28550 JavaThread "Thread-5" daemon [_thread_in_native, id=1328, stack(0x000000c480f00000,0x000000c481000000)]
  0x0000028c79f2a3b0 JavaThread "Thread-6" daemon [_thread_in_native, id=2320, stack(0x000000c481000000,0x000000c481100000)]
  0x0000028c79f2a8c0 JavaThread "Thread-7" daemon [_thread_in_native, id=8408, stack(0x000000c481100000,0x000000c481200000)]
  0x0000028c79f28040 JavaThread "Thread-8" daemon [_thread_in_native, id=11500, stack(0x000000c481200000,0x000000c481300000)]
  0x0000028c79f27110 JavaThread "Thread-9" daemon [_thread_in_native, id=13636, stack(0x000000c481300000,0x000000c481400000)]
  0x0000028c795f34a0 JavaThread "Thread-10" daemon [_thread_in_native, id=17508, stack(0x000000c481400000,0x000000c481500000)]
  0x0000028c795f6740 JavaThread "pool-2-thread-1" [_thread_blocked, id=15140, stack(0x000000c481500000,0x000000c481600000)]
  0x0000028c795f6230 JavaThread "WorkspaceEventsHandler" [_thread_blocked, id=3672, stack(0x000000c480800000,0x000000c480900000)]
  0x0000028c795f85a0 JavaThread "pool-1-thread-1" [_thread_in_native, id=11032, stack(0x000000c480900000,0x000000c480a00000)]
=>0x0000028c7b83a020 JavaThread "C2 CompilerThread1" daemon [_thread_in_native, id=4628, stack(0x000000c481600000,0x000000c481700000)]
  0x0000028c795f5300 JavaThread "ForkJoinPool.commonPool-worker-1" daemon [_thread_blocked, id=14676, stack(0x000000c481700000,0x000000c481800000)]
  0x0000028c795f9ef0 JavaThread "ForkJoinPool.commonPool-worker-2" daemon [_thread_blocked, id=1076, stack(0x000000c481800000,0x000000c481900000)]
  0x0000028c7bae3b50 JavaThread "C2 CompilerThread2" daemon [_thread_in_native, id=15736, stack(0x000000c481900000,0x000000c481a00000)]

Other Threads:
  0x0000028c78261580 VMThread "VM Thread" [stack: 0x000000c4fe900000,0x000000c4fea00000] [id=9928]
  0x0000028c785e3c70 WatcherThread [stack: 0x000000c4ff500000,0x000000c4ff600000] [id=12668]
  0x0000028c5f2c2010 GCTaskThread "GC Thread#0" [stack: 0x000000c4fe800000,0x000000c4fe900000] [id=17304]
  0x0000028c794ec5e0 GCTaskThread "GC Thread#1" [stack: 0x000000c4ff600000,0x000000c4ff700000] [id=14544]
  0x0000028c794eccb0 GCTaskThread "GC Thread#2" [stack: 0x000000c4ff700000,0x000000c4ff800000] [id=10256]
  0x0000028c794ecf70 GCTaskThread "GC Thread#3" [stack: 0x000000c4ff800000,0x000000c4ff900000] [id=14376]
  0x0000028c794a0620 GCTaskThread "GC Thread#4" [stack: 0x000000c4ff900000,0x000000c4ffa00000] [id=13864]
  0x0000028c794a08e0 GCTaskThread "GC Thread#5" [stack: 0x000000c4ffa00000,0x000000c4ffb00000] [id=1132]
  0x0000028c794a0ba0 GCTaskThread "GC Thread#6" [stack: 0x000000c4ffb00000,0x000000c4ffc00000] [id=3092]
  0x0000028c79bd4ba0 GCTaskThread "GC Thread#7" [stack: 0x000000c480200000,0x000000c480300000] [id=8868]

Threads with active compile tasks:
C2 CompilerThread1    12117 4292       4       java.io.FilterInputStream::read (11 bytes)
C2 CompilerThread2    12118 4133   !   4       org.eclipse.osgi.internal.loader.classpath.ClasspathManager::findLocalClass (210 bytes)

VM state: not at safepoint (normal execution)

VM Mutex/Monitor currently owned by a thread: None

Heap address: 0x00000000c0000000, size: 1024 MB, Compressed Oops mode: 32-bit

CDS archive(s) not mapped
Compressed class space mapped at: 0x0000000100000000-0x0000000140000000, reserved size: 1073741824
Narrow klass base: 0x0000000000000000, Narrow klass shift: 3, Narrow klass range: 0x140000000

GC Precious Log:
 CPUs: 8 total, 8 available
 Memory: 14213M
 Large Page Support: Disabled
 NUMA Support: Disabled
 Compressed Oops: Enabled (32-bit)
 Alignments: Space 512K, Generation 512K, Heap 2M
 Heap Min Capacity: 100M
 Heap Initial Capacity: 100M
 Heap Max Capacity: 1G
 Pre-touch: Disabled
 Parallel Workers: 8

Heap:
 PSYoungGen      total 23040K, used 6212K [0x00000000eab00000, 0x00000000ec480000, 0x0000000100000000)
  eden space 22016K, 24% used [0x00000000eab00000,0x00000000eb05b620,0x00000000ec080000)
  from space 1024K, 70% used [0x00000000ec380000,0x00000000ec435a78,0x00000000ec480000)
  to   space 1536K, 0% used [0x00000000ec180000,0x00000000ec180000,0x00000000ec300000)
 ParOldGen       total 68608K, used 19878K [0x00000000c0000000, 0x00000000c4300000, 0x00000000eab00000)
  object space 68608K, 28% used [0x00000000c0000000,0x00000000c13699e0,0x00000000c4300000)
 Metaspace       used 41819K, committed 42688K, reserved 1114112K
  class space    used 4296K, committed 4672K, reserved 1048576K

Card table byte_map: [0x0000028c5ec40000,0x0000028c5ee50000] _byte_map_base: 0x0000028c5e640000

Marking Bits: (ParMarkBitMap*) 0x00007ffbce5958b0
 Begin Bits: [0x0000028c70f40000, 0x0000028c71f40000)
 End Bits:   [0x0000028c71f40000, 0x0000028c72f40000)

Polling page: 0x0000028c5d280000

Metaspace:

Usage:
  Non-class:     36.64 MB used.
      Class:      4.20 MB used.
       Both:     40.84 MB used.

Virtual space:
  Non-class space:       64.00 MB reserved,      37.12 MB ( 58%) committed,  1 nodes.
      Class space:        1.00 GB reserved,       4.56 MB ( <1%) committed,  1 nodes.
             Both:        1.06 GB reserved,      41.69 MB (  4%) committed. 

Chunk freelists:
   Non-Class:  10.70 MB
       Class:  11.47 MB
        Both:  22.18 MB

MaxMetaspaceSize: unlimited
CompressedClassSpaceSize: 1.00 GB
Initial GC threshold: 21.00 MB
Current GC threshold: 58.38 MB
CDS: off
MetaspaceReclaimPolicy: balanced
 - commit_granule_bytes: 65536.
 - commit_granule_words: 8192.
 - virtual_space_node_default_size: 8388608.
 - enlarge_chunks_in_place: 1.
 - new_chunks_are_fully_committed: 0.
 - uncommit_free_chunks: 1.
 - use_allocation_guard: 0.
 - handle_deallocations: 1.


Internal statistics:

num_allocs_failed_limit: 6.
num_arena_births: 580.
num_arena_deaths: 14.
num_vsnodes_births: 2.
num_vsnodes_deaths: 0.
num_space_committed: 667.
num_space_uncommitted: 0.
num_chunks_returned_to_freelist: 20.
num_chunks_taken_from_freelist: 1997.
num_chunk_merges: 11.
num_chunk_splits: 1276.
num_chunks_enlarged: 798.
num_inconsistent_stats: 0.

CodeHeap 'non-profiled nmethods': size=120000Kb used=2105Kb max_used=2105Kb free=117894Kb
 bounds [0x0000028c69a10000, 0x0000028c69c80000, 0x0000028c70f40000]
CodeHeap 'profiled nmethods': size=120000Kb used=9023Kb max_used=9023Kb free=110976Kb
 bounds [0x0000028c61f40000, 0x0000028c62810000, 0x0000028c69470000]
CodeHeap 'non-nmethods': size=5760Kb used=1314Kb max_used=1348Kb free=4445Kb
 bounds [0x0000028c69470000, 0x0000028c696e0000, 0x0000028c69a10000]
 total_blobs=4936 nmethods=4291 adapters=558
 compilation: enabled
              stopped_count=0, restarted_count=0
 full_count=0

Compilation events (20 events):
Event: 11.868 Thread 0x0000028c782e5150 nmethod 4284 0x0000028c62803210 code [0x0000028c62803500, 0x0000028c62804808]
Event: 11.907 Thread 0x0000028c782e5150 4285   !   3       lombok.launch.ShadowClassLoader::getResourceFromLocation (243 bytes)
Event: 11.917 Thread 0x0000028c782e5150 nmethod 4285 0x0000028c62804f90 code [0x0000028c628056e0, 0x0000028c62808f28]
Event: 11.921 Thread 0x0000028c782e5150 4286       3       lombok.launch.ShadowClassLoader::toSclResourceName (54 bytes)
Event: 11.922 Thread 0x0000028c782e5150 nmethod 4286 0x0000028c6280a590 code [0x0000028c6280a820, 0x0000028c6280b0c8]
Event: 11.972 Thread 0x0000028c782e5150 4288       3       sun.reflect.annotation.AnnotationParser::parseSig (62 bytes)
Event: 11.974 Thread 0x0000028c782e5150 nmethod 4288 0x0000028c6280b490 code [0x0000028c6280b760, 0x0000028c6280c758]
Event: 11.974 Thread 0x0000028c782e5150 4290       3       jdk.internal.reflect.ClassFileAssembler::emitConstantPoolClass (23 bytes)
Event: 11.974 Thread 0x0000028c782e5150 nmethod 4290 0x0000028c6280cd10 code [0x0000028c6280cf00, 0x0000028c6280d348]
Event: 11.974 Thread 0x0000028c782e5150 4289       3       sun.reflect.annotation.AnnotationParser::toClass (32 bytes)
Event: 11.975 Thread 0x0000028c782e5150 nmethod 4289 0x0000028c6280d590 code [0x0000028c6280d7e0, 0x0000028c6280e2c8]
Event: 11.975 Thread 0x0000028c782e5150 4291       1       java.lang.Module::getName (5 bytes)
Event: 11.975 Thread 0x0000028c782e5150 nmethod 4291 0x0000028c69c1d090 code [0x0000028c69c1d220, 0x0000028c69c1d2f8]
Event: 12.008 Thread 0x0000028c7b83a020 4292       4       java.io.FilterInputStream::read (11 bytes)
Event: 12.015 Thread 0x0000028c78282610 4293       4       java.lang.CharacterDataLatin1::getType (11 bytes)
Event: 12.016 Thread 0x0000028c78282610 nmethod 4293 0x0000028c69c1d390 code [0x0000028c69c1d500, 0x0000028c69c1d5b8]
Event: 12.021 Thread 0x0000028c78282610 4294       4       java.lang.String::regionMatches (150 bytes)
Event: 12.039 Thread 0x0000028c782e5150 4295   !   3       sun.net.www.protocol.jar.Handler::parseAbsoluteSpec (85 bytes)
Event: 12.041 Thread 0x0000028c782e5150 nmethod 4295 0x0000028c6280e510 code [0x0000028c6280e800, 0x0000028c6280f538]
Event: 12.046 Thread 0x0000028c78282610 nmethod 4294 0x0000028c69c1d690 code [0x0000028c69c1d840, 0x0000028c69c1dfd8]

GC Heap History (20 events):
Event: 7.094 GC heap before
{Heap before GC invocations=7 (full 1):
 PSYoungGen      total 28160K, used 27616K [0x00000000eab00000, 0x00000000eca80000, 0x0000000100000000)
  eden space 25088K, 98% used [0x00000000eab00000,0x00000000ec335938,0x00000000ec380000)
  from space 3072K, 91% used [0x00000000ec400000,0x00000000ec6c2880,0x00000000ec700000)
  to   space 3584K, 0% used [0x00000000ec700000,0x00000000ec700000,0x00000000eca80000)
 ParOldGen       total 68608K, used 6972K [0x00000000c0000000, 0x00000000c4300000, 0x00000000eab00000)
  object space 68608K, 10% used [0x00000000c0000000,0x00000000c06cf210,0x00000000c4300000)
 Metaspace       used 28215K, committed 28736K, reserved 1114112K
  class space    used 2767K, committed 3008K, reserved 1048576K
}
Event: 7.098 GC heap after
{Heap after GC invocations=7 (full 1):
 PSYoungGen      total 27136K, used 2091K [0x00000000eab00000, 0x00000000ec980000, 0x0000000100000000)
  eden space 24576K, 0% used [0x00000000eab00000,0x00000000eab00000,0x00000000ec300000)
  from space 2560K, 81% used [0x00000000ec700000,0x00000000ec90aec8,0x00000000ec980000)
  to   space 2560K, 0% used [0x00000000ec480000,0x00000000ec480000,0x00000000ec700000)
 ParOldGen       total 68608K, used 6980K [0x00000000c0000000, 0x00000000c4300000, 0x00000000eab00000)
  object space 68608K, 10% used [0x00000000c0000000,0x00000000c06d1210,0x00000000c4300000)
 Metaspace       used 28215K, committed 28736K, reserved 1114112K
  class space    used 2767K, committed 3008K, reserved 1048576K
}
Event: 7.856 GC heap before
{Heap before GC invocations=8 (full 1):
 PSYoungGen      total 27136K, used 26667K [0x00000000eab00000, 0x00000000ec980000, 0x0000000100000000)
  eden space 24576K, 100% used [0x00000000eab00000,0x00000000ec300000,0x00000000ec300000)
  from space 2560K, 81% used [0x00000000ec700000,0x00000000ec90aec8,0x00000000ec980000)
  to   space 2560K, 0% used [0x00000000ec480000,0x00000000ec480000,0x00000000ec700000)
 ParOldGen       total 68608K, used 6980K [0x00000000c0000000, 0x00000000c4300000, 0x00000000eab00000)
  object space 68608K, 10% used [0x00000000c0000000,0x00000000c06d1210,0x00000000c4300000)
 Metaspace       used 30469K, committed 31040K, reserved 1114112K
  class space    used 2946K, committed 3200K, reserved 1048576K
}
Event: 7.861 GC heap after
{Heap after GC invocations=8 (full 1):
 PSYoungGen      total 26624K, used 2556K [0x00000000eab00000, 0x00000000ecc80000, 0x0000000100000000)
  eden space 24064K, 0% used [0x00000000eab00000,0x00000000eab00000,0x00000000ec280000)
  from space 2560K, 99% used [0x00000000ec480000,0x00000000ec6ff3d8,0x00000000ec700000)
  to   space 5120K, 0% used [0x00000000ec780000,0x00000000ec780000,0x00000000ecc80000)
 ParOldGen       total 68608K, used 8700K [0x00000000c0000000, 0x00000000c4300000, 0x00000000eab00000)
  object space 68608K, 12% used [0x00000000c0000000,0x00000000c087f330,0x00000000c4300000)
 Metaspace       used 30469K, committed 31040K, reserved 1114112K
  class space    used 2946K, committed 3200K, reserved 1048576K
}
Event: 8.775 GC heap before
{Heap before GC invocations=9 (full 1):
 PSYoungGen      total 26624K, used 26620K [0x00000000eab00000, 0x00000000ecc80000, 0x0000000100000000)
  eden space 24064K, 100% used [0x00000000eab00000,0x00000000ec280000,0x00000000ec280000)
  from space 2560K, 99% used [0x00000000ec480000,0x00000000ec6ff3d8,0x00000000ec700000)
  to   space 5120K, 0% used [0x00000000ec780000,0x00000000ec780000,0x00000000ecc80000)
 ParOldGen       total 68608K, used 8700K [0x00000000c0000000, 0x00000000c4300000, 0x00000000eab00000)
  object space 68608K, 12% used [0x00000000c0000000,0x00000000c087f330,0x00000000c4300000)
 Metaspace       used 34057K, committed 34752K, reserved 1114112K
  class space    used 3392K, committed 3648K, reserved 1048576K
}
Event: 8.779 GC heap after
{Heap after GC invocations=9 (full 1):
 PSYoungGen      total 27648K, used 3672K [0x00000000eab00000, 0x00000000ecb80000, 0x0000000100000000)
  eden space 23552K, 0% used [0x00000000eab00000,0x00000000eab00000,0x00000000ec200000)
  from space 4096K, 89% used [0x00000000ec780000,0x00000000ecb160e8,0x00000000ecb80000)
  to   space 4096K, 0% used [0x00000000ec380000,0x00000000ec380000,0x00000000ec780000)
 ParOldGen       total 68608K, used 8708K [0x00000000c0000000, 0x00000000c4300000, 0x00000000eab00000)
  object space 68608K, 12% used [0x00000000c0000000,0x00000000c0881330,0x00000000c4300000)
 Metaspace       used 34057K, committed 34752K, reserved 1114112K
  class space    used 3392K, committed 3648K, reserved 1048576K
}
Event: 9.077 GC heap before
{Heap before GC invocations=10 (full 1):
 PSYoungGen      total 27648K, used 11830K [0x00000000eab00000, 0x00000000ecb80000, 0x0000000100000000)
  eden space 23552K, 34% used [0x00000000eab00000,0x00000000eb2f77f0,0x00000000ec200000)
  from space 4096K, 89% used [0x00000000ec780000,0x00000000ecb160e8,0x00000000ecb80000)
  to   space 4096K, 0% used [0x00000000ec380000,0x00000000ec380000,0x00000000ec780000)
 ParOldGen       total 68608K, used 8708K [0x00000000c0000000, 0x00000000c4300000, 0x00000000eab00000)
  object space 68608K, 12% used [0x00000000c0000000,0x00000000c0881330,0x00000000c4300000)
 Metaspace       used 35181K, committed 35840K, reserved 1114112K
  class space    used 3526K, committed 3776K, reserved 1048576K
}
Event: 9.085 GC heap after
{Heap after GC invocations=10 (full 1):
 PSYoungGen      total 26624K, used 2593K [0x00000000eab00000, 0x00000000ec800000, 0x0000000100000000)
  eden space 23552K, 0% used [0x00000000eab00000,0x00000000eab00000,0x00000000ec200000)
  from space 3072K, 84% used [0x00000000ec380000,0x00000000ec608690,0x00000000ec680000)
  to   space 1536K, 0% used [0x00000000ec680000,0x00000000ec680000,0x00000000ec800000)
 ParOldGen       total 68608K, used 10468K [0x00000000c0000000, 0x00000000c4300000, 0x00000000eab00000)
  object space 68608K, 15% used [0x00000000c0000000,0x00000000c0a393a8,0x00000000c4300000)
 Metaspace       used 35181K, committed 35840K, reserved 1114112K
  class space    used 3526K, committed 3776K, reserved 1048576K
}
Event: 9.085 GC heap before
{Heap before GC invocations=11 (full 2):
 PSYoungGen      total 26624K, used 2593K [0x00000000eab00000, 0x00000000ec800000, 0x0000000100000000)
  eden space 23552K, 0% used [0x00000000eab00000,0x00000000eab00000,0x00000000ec200000)
  from space 3072K, 84% used [0x00000000ec380000,0x00000000ec608690,0x00000000ec680000)
  to   space 1536K, 0% used [0x00000000ec680000,0x00000000ec680000,0x00000000ec800000)
 ParOldGen       total 68608K, used 10468K [0x00000000c0000000, 0x00000000c4300000, 0x00000000eab00000)
  object space 68608K, 15% used [0x00000000c0000000,0x00000000c0a393a8,0x00000000c4300000)
 Metaspace       used 35181K, committed 35840K, reserved 1114112K
  class space    used 3526K, committed 3776K, reserved 1048576K
}
Event: 9.130 GC heap after
{Heap after GC invocations=11 (full 2):
 PSYoungGen      total 26624K, used 0K [0x00000000eab00000, 0x00000000ec800000, 0x0000000100000000)
  eden space 23552K, 0% used [0x00000000eab00000,0x00000000eab00000,0x00000000ec200000)
  from space 3072K, 0% used [0x00000000ec380000,0x00000000ec380000,0x00000000ec680000)
  to   space 1536K, 0% used [0x00000000ec680000,0x00000000ec680000,0x00000000ec800000)
 ParOldGen       total 68608K, used 12697K [0x00000000c0000000, 0x00000000c4300000, 0x00000000eab00000)
  object space 68608K, 18% used [0x00000000c0000000,0x00000000c0c664d0,0x00000000c4300000)
 Metaspace       used 35181K, committed 35840K, reserved 1114112K
  class space    used 3526K, committed 3776K, reserved 1048576K
}
Event: 9.869 GC heap before
{Heap before GC invocations=12 (full 2):
 PSYoungGen      total 26624K, used 23552K [0x00000000eab00000, 0x00000000ec800000, 0x0000000100000000)
  eden space 23552K, 100% used [0x00000000eab00000,0x00000000ec200000,0x00000000ec200000)
  from space 3072K, 0% used [0x00000000ec380000,0x00000000ec380000,0x00000000ec680000)
  to   space 1536K, 0% used [0x00000000ec680000,0x00000000ec680000,0x00000000ec800000)
 ParOldGen       total 68608K, used 12697K [0x00000000c0000000, 0x00000000c4300000, 0x00000000eab00000)
  object space 68608K, 18% used [0x00000000c0000000,0x00000000c0c664d0,0x00000000c4300000)
 Metaspace       used 38024K, committed 38848K, reserved 1114112K
  class space    used 3863K, committed 4224K, reserved 1048576K
}
Event: 9.875 GC heap after
{Heap after GC invocations=12 (full 2):
 PSYoungGen      total 24576K, used 1531K [0x00000000eab00000, 0x00000000ec800000, 0x0000000100000000)
  eden space 23040K, 0% used [0x00000000eab00000,0x00000000eab00000,0x00000000ec180000)
  from space 1536K, 99% used [0x00000000ec680000,0x00000000ec7feca0,0x00000000ec800000)
  to   space 2560K, 0% used [0x00000000ec300000,0x00000000ec300000,0x00000000ec580000)
 ParOldGen       total 68608K, used 12849K [0x00000000c0000000, 0x00000000c4300000, 0x00000000eab00000)
  object space 68608K, 18% used [0x00000000c0000000,0x00000000c0c8c510,0x00000000c4300000)
 Metaspace       used 38024K, committed 38848K, reserved 1114112K
  class space    used 3863K, committed 4224K, reserved 1048576K
}
Event: 10.094 GC heap before
{Heap before GC invocations=13 (full 2):
 PSYoungGen      total 24576K, used 24571K [0x00000000eab00000, 0x00000000ec800000, 0x0000000100000000)
  eden space 23040K, 100% used [0x00000000eab00000,0x00000000ec180000,0x00000000ec180000)
  from space 1536K, 99% used [0x00000000ec680000,0x00000000ec7feca0,0x00000000ec800000)
  to   space 2560K, 0% used [0x00000000ec300000,0x00000000ec300000,0x00000000ec580000)
 ParOldGen       total 68608K, used 12849K [0x00000000c0000000, 0x00000000c4300000, 0x00000000eab00000)
  object space 68608K, 18% used [0x00000000c0000000,0x00000000c0c8c510,0x00000000c4300000)
 Metaspace       used 38474K, committed 39296K, reserved 1114112K
  class space    used 3931K, committed 4288K, reserved 1048576K
}
Event: 10.101 GC heap after
{Heap after GC invocations=13 (full 2):
 PSYoungGen      total 25088K, used 2257K [0x00000000eab00000, 0x00000000ec700000, 0x0000000100000000)
  eden space 22528K, 0% used [0x00000000eab00000,0x00000000eab00000,0x00000000ec100000)
  from space 2560K, 88% used [0x00000000ec300000,0x00000000ec534460,0x00000000ec580000)
  to   space 1536K, 0% used [0x00000000ec580000,0x00000000ec580000,0x00000000ec700000)
 ParOldGen       total 68608K, used 14323K [0x00000000c0000000, 0x00000000c4300000, 0x00000000eab00000)
  object space 68608K, 20% used [0x00000000c0000000,0x00000000c0dfcd08,0x00000000c4300000)
 Metaspace       used 38474K, committed 39296K, reserved 1114112K
  class space    used 3931K, committed 4288K, reserved 1048576K
}
Event: 10.294 GC heap before
{Heap before GC invocations=14 (full 2):
 PSYoungGen      total 25088K, used 24785K [0x00000000eab00000, 0x00000000ec700000, 0x0000000100000000)
  eden space 22528K, 100% used [0x00000000eab00000,0x00000000ec100000,0x00000000ec100000)
  from space 2560K, 88% used [0x00000000ec300000,0x00000000ec534460,0x00000000ec580000)
  to   space 1536K, 0% used [0x00000000ec580000,0x00000000ec580000,0x00000000ec700000)
 ParOldGen       total 68608K, used 14323K [0x00000000c0000000, 0x00000000c4300000, 0x00000000eab00000)
  object space 68608K, 20% used [0x00000000c0000000,0x00000000c0dfcd08,0x00000000c4300000)
 Metaspace       used 38611K, committed 39424K, reserved 1114112K
  class space    used 3935K, committed 4288K, reserved 1048576K
}
Event: 10.300 GC heap after
{Heap after GC invocations=14 (full 2):
 PSYoungGen      total 23552K, used 1506K [0x00000000eab00000, 0x00000000ec980000, 0x0000000100000000)
  eden space 22016K, 0% used [0x00000000eab00000,0x00000000eab00000,0x00000000ec080000)
  from space 1536K, 98% used [0x00000000ec580000,0x00000000ec6f8800,0x00000000ec700000)
  to   space 4608K, 0% used [0x00000000ec080000,0x00000000ec080000,0x00000000ec500000)
 ParOldGen       total 68608K, used 16867K [0x00000000c0000000, 0x00000000c4300000, 0x00000000eab00000)
  object space 68608K, 24% used [0x00000000c0000000,0x00000000c1078d68,0x00000000c4300000)
 Metaspace       used 38611K, committed 39424K, reserved 1114112K
  class space    used 3935K, committed 4288K, reserved 1048576K
}
Event: 10.575 GC heap before
{Heap before GC invocations=15 (full 2):
 PSYoungGen      total 23552K, used 23522K [0x00000000eab00000, 0x00000000ec980000, 0x0000000100000000)
  eden space 22016K, 100% used [0x00000000eab00000,0x00000000ec080000,0x00000000ec080000)
  from space 1536K, 98% used [0x00000000ec580000,0x00000000ec6f8800,0x00000000ec700000)
  to   space 4608K, 0% used [0x00000000ec080000,0x00000000ec080000,0x00000000ec500000)
 ParOldGen       total 68608K, used 16867K [0x00000000c0000000, 0x00000000c4300000, 0x00000000eab00000)
  object space 68608K, 24% used [0x00000000c0000000,0x00000000c1078d68,0x00000000c4300000)
 Metaspace       used 39708K, committed 40640K, reserved 1114112K
  class space    used 4075K, committed 4480K, reserved 1048576K
}
Event: 10.581 GC heap after
{Heap after GC invocations=15 (full 2):
 PSYoungGen      total 24064K, used 1632K [0x00000000eab00000, 0x00000000ec600000, 0x0000000100000000)
  eden space 22016K, 0% used [0x00000000eab00000,0x00000000eab00000,0x00000000ec080000)
  from space 2048K, 79% used [0x00000000ec080000,0x00000000ec218010,0x00000000ec280000)
  to   space 2560K, 0% used [0x00000000ec380000,0x00000000ec380000,0x00000000ec600000)
 ParOldGen       total 68608K, used 18387K [0x00000000c0000000, 0x00000000c4300000, 0x00000000eab00000)
  object space 68608K, 26% used [0x00000000c0000000,0x00000000c11f4de8,0x00000000c4300000)
 Metaspace       used 39708K, committed 40640K, reserved 1114112K
  class space    used 4075K, committed 4480K, reserved 1048576K
}
Event: 11.775 GC heap before
{Heap before GC invocations=16 (full 2):
 PSYoungGen      total 24064K, used 23631K [0x00000000eab00000, 0x00000000ec600000, 0x0000000100000000)
  eden space 22016K, 99% used [0x00000000eab00000,0x00000000ec07bcc0,0x00000000ec080000)
  from space 2048K, 79% used [0x00000000ec080000,0x00000000ec218010,0x00000000ec280000)
  to   space 2560K, 0% used [0x00000000ec380000,0x00000000ec380000,0x00000000ec600000)
 ParOldGen       total 68608K, used 18387K [0x00000000c0000000, 0x00000000c4300000, 0x00000000eab00000)
  object space 68608K, 26% used [0x00000000c0000000,0x00000000c11f4de8,0x00000000c4300000)
 Metaspace       used 41621K, committed 42432K, reserved 1114112K
  class space    used 4266K, committed 4608K, reserved 1048576K
}
Event: 11.783 GC heap after
{Heap after GC invocations=16 (full 2):
 PSYoungGen      total 23040K, used 726K [0x00000000eab00000, 0x00000000ec480000, 0x0000000100000000)
  eden space 22016K, 0% used [0x00000000eab00000,0x00000000eab00000,0x00000000ec080000)
  from space 1024K, 70% used [0x00000000ec380000,0x00000000ec435a78,0x00000000ec480000)
  to   space 1536K, 0% used [0x00000000ec180000,0x00000000ec180000,0x00000000ec300000)
 ParOldGen       total 68608K, used 19878K [0x00000000c0000000, 0x00000000c4300000, 0x00000000eab00000)
  object space 68608K, 28% used [0x00000000c0000000,0x00000000c13699e0,0x00000000c4300000)
 Metaspace       used 41621K, committed 42432K, reserved 1114112K
  class space    used 4266K, committed 4608K, reserved 1048576K
}

Dll operation events (10 events):
Event: 0.019 Loaded shared library c:\Users\Tanmoy\.vscode\extensions\redhat.java-1.35.1-win32-x64\jre\17.0.12-win32-x86_64\bin\java.dll
Event: 0.401 Loaded shared library c:\Users\Tanmoy\.vscode\extensions\redhat.java-1.35.1-win32-x64\jre\17.0.12-win32-x86_64\bin\zip.dll
Event: 0.409 Loaded shared library C:\Users\Tanmoy\.vscode\extensions\redhat.java-1.35.1-win32-x64\jre\17.0.12-win32-x86_64\bin\instrument.dll
Event: 0.463 Loaded shared library C:\Users\Tanmoy\.vscode\extensions\redhat.java-1.35.1-win32-x64\jre\17.0.12-win32-x86_64\bin\net.dll
Event: 0.479 Loaded shared library C:\Users\Tanmoy\.vscode\extensions\redhat.java-1.35.1-win32-x64\jre\17.0.12-win32-x86_64\bin\nio.dll
Event: 0.498 Loaded shared library C:\Users\Tanmoy\.vscode\extensions\redhat.java-1.35.1-win32-x64\jre\17.0.12-win32-x86_64\bin\zip.dll
Event: 0.553 Loaded shared library C:\Users\Tanmoy\.vscode\extensions\redhat.java-1.35.1-win32-x64\jre\17.0.12-win32-x86_64\bin\jimage.dll
Event: 0.748 Loaded shared library c:\Users\Tanmoy\.vscode\extensions\redhat.java-1.35.1-win32-x64\jre\17.0.12-win32-x86_64\bin\verify.dll
Event: 3.705 Loaded shared library C:\Users\Tanmoy\AppData\Roaming\Code\User\globalStorage\redhat.java\1.35.1\config_ss_win\org.eclipse.equinox.launcher\org.eclipse.equinox.launcher.win32.win32.x86_64_1.2.1100.v20240722-2106\eclipse_11904.dll
Event: 6.083 Loaded shared library C:\Users\Tanmoy\AppData\Local\Temp\jna--1797151754\jna2123839136442952311.dll

Deoptimization events (20 events):
Event: 10.777 Thread 0x0000028c795f85a0 Uncommon trap: trap_request=0xffffff45 fr.pc=0x0000028c69b9c794 relative=0x0000000000000c14
Event: 10.777 Thread 0x0000028c795f85a0 Uncommon trap: reason=unstable_if action=reinterpret pc=0x0000028c69b9c794 method=java.util.Properties$LineReader.readLine()I @ 182 c2
Event: 10.777 Thread 0x0000028c795f85a0 DEOPT PACKING pc=0x0000028c69b9c794 sp=0x000000c4809fbac0
Event: 10.777 Thread 0x0000028c795f85a0 DEOPT UNPACKING pc=0x0000028c694c66a3 sp=0x000000c4809fba58 mode 2
Event: 10.954 Thread 0x0000028c795f85a0 DEOPT PACKING pc=0x0000028c6202a743 sp=0x000000c4809fc420
Event: 10.954 Thread 0x0000028c795f85a0 DEOPT UNPACKING pc=0x0000028c694c6e43 sp=0x000000c4809fb940 mode 0
Event: 10.978 Thread 0x0000028c795f85a0 DEOPT PACKING pc=0x0000028c6273e645 sp=0x000000c4809fc020
Event: 10.978 Thread 0x0000028c795f85a0 DEOPT UNPACKING pc=0x0000028c694c6e43 sp=0x000000c4809fb4d0 mode 0
Event: 10.991 Thread 0x0000028c795f85a0 DEOPT PACKING pc=0x0000028c6273e645 sp=0x000000c4809fbf60
Event: 10.991 Thread 0x0000028c795f85a0 DEOPT UNPACKING pc=0x0000028c694c6e43 sp=0x000000c4809fb410 mode 0
Event: 11.032 Thread 0x0000028c795f85a0 DEOPT PACKING pc=0x0000028c6273e645 sp=0x000000c4809f86b0
Event: 11.032 Thread 0x0000028c795f85a0 DEOPT UNPACKING pc=0x0000028c694c6e43 sp=0x000000c4809f7b60 mode 0
Event: 11.037 Thread 0x0000028c795f85a0 DEOPT PACKING pc=0x0000028c61fb7789 sp=0x000000c4809f8160
Event: 11.037 Thread 0x0000028c795f85a0 DEOPT UNPACKING pc=0x0000028c694c6e43 sp=0x000000c4809f7658 mode 0
Event: 11.123 Thread 0x0000028c795f85a0 DEOPT PACKING pc=0x0000028c6202a743 sp=0x000000c4809f8190
Event: 11.123 Thread 0x0000028c795f85a0 DEOPT UNPACKING pc=0x0000028c694c6e43 sp=0x000000c4809f76b0 mode 0
Event: 11.269 Thread 0x0000028c795f85a0 DEOPT PACKING pc=0x0000028c6202a743 sp=0x000000c4809fa3b0
Event: 11.269 Thread 0x0000028c795f85a0 DEOPT UNPACKING pc=0x0000028c694c6e43 sp=0x000000c4809f98d0 mode 0
Event: 11.797 Thread 0x0000028c795f85a0 DEOPT PACKING pc=0x0000028c6202a743 sp=0x000000c4809fb830
Event: 11.797 Thread 0x0000028c795f85a0 DEOPT UNPACKING pc=0x0000028c694c6e43 sp=0x000000c4809fad50 mode 0

Classes loaded (20 events):
Event: 9.881 Loading class java/lang/invoke/MethodHandleImpl$CountingWrapper
Event: 9.881 Loading class java/lang/invoke/MethodHandleImpl$CountingWrapper done
Event: 9.919 Loading class java/nio/channels/Channels$ReadableByteChannelImpl
Event: 9.919 Loading class java/nio/channels/Channels$ReadableByteChannelImpl done
Event: 9.922 Loading class java/nio/channels/NonWritableChannelException
Event: 9.923 Loading class java/nio/channels/NonWritableChannelException done
Event: 10.151 Loading class java/lang/invoke/MethodHandleImpl$CountingWrapper$1
Event: 10.151 Loading class java/lang/invoke/MethodHandleImpl$CountingWrapper$1 done
Event: 10.391 Loading class sun/nio/cs/ThreadLocalCoders
Event: 10.392 Loading class sun/nio/cs/ThreadLocalCoders done
Event: 10.392 Loading class sun/nio/cs/ThreadLocalCoders$1
Event: 10.392 Loading class sun/nio/cs/ThreadLocalCoders$Cache
Event: 10.392 Loading class sun/nio/cs/ThreadLocalCoders$Cache done
Event: 10.392 Loading class sun/nio/cs/ThreadLocalCoders$1 done
Event: 10.392 Loading class sun/nio/cs/ThreadLocalCoders$2
Event: 10.392 Loading class sun/nio/cs/ThreadLocalCoders$2 done
Event: 10.463 Loading class java/lang/ExceptionInInitializerError
Event: 10.463 Loading class java/lang/ExceptionInInitializerError done
Event: 11.342 Loading class java/util/Vector$1
Event: 11.343 Loading class java/util/Vector$1 done

Classes unloaded (7 events):
Event: 5.844 Thread 0x0000028c78261580 Unloading class 0x000000010021e400 'java/lang/invoke/LambdaForm$MH+0x000000010021e400'
Event: 5.844 Thread 0x0000028c78261580 Unloading class 0x000000010021e000 'java/lang/invoke/LambdaForm$MH+0x000000010021e000'
Event: 5.844 Thread 0x0000028c78261580 Unloading class 0x000000010021dc00 'java/lang/invoke/LambdaForm$MH+0x000000010021dc00'
Event: 5.844 Thread 0x0000028c78261580 Unloading class 0x000000010021d800 'java/lang/invoke/LambdaForm$MH+0x000000010021d800'
Event: 5.844 Thread 0x0000028c78261580 Unloading class 0x000000010021d400 'java/lang/invoke/LambdaForm$BMH+0x000000010021d400'
Event: 5.844 Thread 0x0000028c78261580 Unloading class 0x000000010021d000 'java/lang/invoke/LambdaForm$DMH+0x000000010021d000'
Event: 5.844 Thread 0x0000028c78261580 Unloading class 0x0000000100218400 'java/lang/invoke/LambdaForm$DMH+0x0000000100218400'

Classes redefined (0 events):
No events

Internal exceptions (20 events):
Event: 9.823 Thread 0x0000028c795f85a0 Exception <a 'java/lang/NoSuchMethodError'{0x00000000ebfe3660}: 'int java.lang.invoke.DirectMethodHandle$Holder.invokeVirtual(java.lang.Object, java.lang.Object, java.lang.Object)'> (0x00000000ebfe3660) 
thrown [s\src\hotspot\share\interpreter\linkResolver.cpp, line 759]
Event: 9.824 Thread 0x0000028c795f85a0 Exception <a 'java/lang/NoSuchMethodError'{0x00000000ebfe71c0}: 'int java.lang.invoke.DirectMethodHandle$Holder.invokeVirtual(java.lang.Object, java.lang.Object)'> (0x00000000ebfe71c0) 
thrown [s\src\hotspot\share\interpreter\linkResolver.cpp, line 759]
Event: 9.826 Thread 0x0000028c795f85a0 Exception <a 'java/lang/NoSuchMethodError'{0x00000000ebfeb978}: 'int java.lang.invoke.DirectMethodHandle$Holder.invokeStaticInit(java.lang.Object, int, int)'> (0x00000000ebfeb978) 
thrown [s\src\hotspot\share\interpreter\linkResolver.cpp, line 759]
Event: 9.828 Thread 0x0000028c795f85a0 Exception <a 'java/lang/NoSuchMethodError'{0x00000000ebff3410}: 'int java.lang.invoke.DirectMethodHandle$Holder.invokeStaticInit(java.lang.Object, long, long)'> (0x00000000ebff3410) 
thrown [s\src\hotspot\share\interpreter\linkResolver.cpp, line 759]
Event: 9.829 Thread 0x0000028c795f85a0 Exception <a 'java/lang/NoSuchMethodError'{0x00000000ebffa768}: 'int java.lang.invoke.DirectMethodHandle$Holder.invokeStaticInit(java.lang.Object, float, float)'> (0x00000000ebffa768) 
thrown [s\src\hotspot\share\interpreter\linkResolver.cpp, line 759]
Event: 9.831 Thread 0x0000028c795f85a0 Exception <a 'java/lang/NoSuchMethodError'{0x00000000ec001868}: 'int java.lang.invoke.DirectMethodHandle$Holder.invokeStaticInit(java.lang.Object, double, double)'> (0x00000000ec001868) 
thrown [s\src\hotspot\share\interpreter\linkResolver.cpp, line 759]
Event: 9.832 Thread 0x0000028c795f85a0 Exception <a 'java/lang/NoSuchMethodError'{0x00000000ec006358}: 'int java.lang.invoke.DirectMethodHandle$Holder.invokeStatic(java.lang.Object, long)'> (0x00000000ec006358) 
thrown [s\src\hotspot\share\interpreter\linkResolver.cpp, line 759]
Event: 9.840 Thread 0x0000028c795f9ef0 Exception <a 'java/lang/NoSuchMethodError'{0x00000000ec04bde8}: 'int java.lang.invoke.Invokers$Holder.linkToTargetMethod(java.lang.Object, java.lang.Object)'> (0x00000000ec04bde8) 
thrown [s\src\hotspot\share\interpreter\linkResolver.cpp, line 759]
Event: 9.841 Thread 0x0000028c795f85a0 Exception <a 'java/lang/NoSuchMethodError'{0x00000000ec05a768}: 'int java.lang.invoke.Invokers$Holder.linkToTargetMethod(java.lang.Object, java.lang.Object)'> (0x00000000ec05a768) 
thrown [s\src\hotspot\share\interpreter\linkResolver.cpp, line 759]
Event: 9.840 Thread 0x0000028c795f5300 Exception <a 'java/lang/NoSuchMethodError'{0x00000000ec067280}: 'int java.lang.invoke.Invokers$Holder.linkToTargetMethod(java.lang.Object, java.lang.Object)'> (0x00000000ec067280) 
thrown [s\src\hotspot\share\interpreter\linkResolver.cpp, line 759]
Event: 9.866 Thread 0x0000028c795f9ef0 Exception <a 'java/lang/NoSuchMethodError'{0x00000000ec055310}: 'int java.lang.invoke.DirectMethodHandle$Holder.invokeSpecial(java.lang.Object, java.lang.Object, java.lang.Object, java.lang.Object)'> (0x00000000ec055310) 
thrown [s\src\hotspot\share\interpreter\linkResolver.cpp, line 759]
Event: 9.866 Thread 0x0000028c795f85a0 Exception <a 'java/lang/NoSuchMethodError'{0x00000000ec0639b0}: 'int java.lang.invoke.DirectMethodHandle$Holder.invokeSpecial(java.lang.Object, java.lang.Object, java.lang.Object, java.lang.Object)'> (0x00000000ec0639b0) 
thrown [s\src\hotspot\share\interpreter\linkResolver.cpp, line 759]
Event: 9.879 Thread 0x0000028c795f9ef0 Exception <a 'java/lang/NoSuchMethodError'{0x00000000eab04640}: 'java.lang.Object java.lang.invoke.DirectMethodHandle$Holder.invokeStatic(java.lang.Object, int, java.lang.Object, java.lang.Object)'> (0x00000000eab04640) 
thrown [s\src\hotspot\share\interpreter\linkResolver.cpp, line 759]
Event: 9.879 Thread 0x0000028c795f85a0 Exception <a 'java/lang/NoSuchMethodError'{0x00000000eab372e8}: 'java.lang.Object java.lang.invoke.DirectMethodHandle$Holder.invokeStatic(java.lang.Object, int, java.lang.Object, java.lang.Object)'> (0x00000000eab372e8) 
thrown [s\src\hotspot\share\interpreter\linkResolver.cpp, line 759]
Event: 9.880 Thread 0x0000028c795f9ef0 Exception <a 'java/lang/NoSuchMethodError'{0x00000000eab083d0}: 'java.lang.Object java.lang.invoke.DelegatingMethodHandle$Holder.delegate(java.lang.Object, int, java.lang.Object, java.lang.Object)'> (0x00000000eab083d0) 
thrown [s\src\hotspot\share\interpreter\linkResolver.cpp, line 759]
Event: 9.880 Thread 0x0000028c795f85a0 Exception <a 'java/lang/NoSuchMethodError'{0x00000000eab3b0a8}: 'java.lang.Object java.lang.invoke.DelegatingMethodHandle$Holder.delegate(java.lang.Object, int, java.lang.Object, java.lang.Object)'> (0x00000000eab3b0a8) 
thrown [s\src\hotspot\share\interpreter\linkResolver.cpp, line 759]
Event: 9.886 Thread 0x0000028c795f9ef0 Exception <a 'java/lang/NoSuchMethodError'{0x00000000eab18b00}: 'int java.lang.invoke.Invokers$Holder.linkToTargetMethod(java.lang.Object, java.lang.Object, java.lang.Object)'> (0x00000000eab18b00) 
thrown [s\src\hotspot\share\interpreter\linkResolver.cpp, line 759]
Event: 9.886 Thread 0x0000028c795f85a0 Exception <a 'java/lang/NoSuchMethodError'{0x00000000eab693e0}: 'int java.lang.invoke.Invokers$Holder.linkToTargetMethod(java.lang.Object, java.lang.Object, java.lang.Object)'> (0x00000000eab693e0) 
thrown [s\src\hotspot\share\interpreter\linkResolver.cpp, line 759]
Event: 10.863 Thread 0x0000028c795f5300 Exception <a 'java/lang/LinkageError'{0x00000000eb0972d8}: loader lombok.launch.ShadowClassLoader @4c4fa184 attempted duplicate class definition for lombok.launch.PatchFixesHider$Transform. (lombok.launch.PatchFixesHider$Transform is in unnamed module of loader lombok.launch.ShadowClassLoader @4c4fa184, parent loader org.eclipse.osgi.internal.loader.EquinoxClassLoader @61f7a7e0)> (0x00000000eb0972d8) 
thrown [s\src\hotspot\share\classfile\systemDictionary.cpp, line 1723]
Event: 10.863 Thread 0x0000028c795f9ef0 Exception <a 'java/lang/LinkageError'{0x00000000eb07d8e8}: loader lombok.launch.ShadowClassLoader @4c4fa184 attempted duplicate class definition for lombok.launch.PatchFixesHider$Transform. (lombok.launch.PatchFixesHider$Transform is in unnamed module of loader lombok.launch.ShadowClassLoader @4c4fa184, parent loader org.eclipse.osgi.internal.loader.EquinoxClassLoader @61f7a7e0)> (0x00000000eb07d8e8) 
thrown [s\src\hotspot\share\classfile\systemDictionary.cpp, line 1723]

VM Operations (20 events):
Event: 9.688 Executing VM operation: HandshakeAllThreads
Event: 9.688 Executing VM operation: HandshakeAllThreads done
Event: 9.689 Executing VM operation: HandshakeAllThreads
Event: 9.689 Executing VM operation: HandshakeAllThreads done
Event: 9.868 Executing VM operation: ParallelGCFailedAllocation
Event: 9.876 Executing VM operation: ParallelGCFailedAllocation done
Event: 9.921 Executing VM operation: HandshakeAllThreads
Event: 9.921 Executing VM operation: HandshakeAllThreads done
Event: 10.094 Executing VM operation: ParallelGCFailedAllocation
Event: 10.101 Executing VM operation: ParallelGCFailedAllocation done
Event: 10.294 Executing VM operation: ParallelGCFailedAllocation
Event: 10.301 Executing VM operation: ParallelGCFailedAllocation done
Event: 10.575 Executing VM operation: ParallelGCFailedAllocation
Event: 10.581 Executing VM operation: ParallelGCFailedAllocation done
Event: 10.736 Executing VM operation: HandshakeAllThreads
Event: 10.736 Executing VM operation: HandshakeAllThreads done
Event: 11.736 Executing VM operation: Cleanup
Event: 11.737 Executing VM operation: Cleanup done
Event: 11.775 Executing VM operation: ParallelGCFailedAllocation
Event: 11.784 Executing VM operation: ParallelGCFailedAllocation done

Events (20 events):
Event: 7.821 Thread 0x0000028c79f29ea0 Thread exited: 0x0000028c79f29ea0
Event: 8.397 Thread 0x0000028c79f29480 Thread added: 0x0000028c79f29480
Event: 8.397 Thread 0x0000028c79f29ea0 Thread added: 0x0000028c79f29ea0
Event: 8.398 Thread 0x0000028c79f29990 Thread added: 0x0000028c79f29990
Event: 8.398 Thread 0x0000028c79f28550 Thread added: 0x0000028c79f28550
Event: 8.398 Thread 0x0000028c79f2a3b0 Thread added: 0x0000028c79f2a3b0
Event: 8.398 Thread 0x0000028c79f2a8c0 Thread added: 0x0000028c79f2a8c0
Event: 8.398 Thread 0x0000028c79f28040 Thread added: 0x0000028c79f28040
Event: 8.398 Thread 0x0000028c79f27110 Thread added: 0x0000028c79f27110
Event: 8.399 Thread 0x0000028c795f34a0 Thread added: 0x0000028c795f34a0
Event: 8.435 Thread 0x0000028c795f6740 Thread added: 0x0000028c795f6740
Event: 8.453 Thread 0x0000028c797b2660 Thread exited: 0x0000028c797b2660
Event: 8.779 Thread 0x0000028c7941d0a0 Thread exited: 0x0000028c7941d0a0
Event: 8.822 Thread 0x0000028c795f6230 Thread added: 0x0000028c795f6230
Event: 8.822 Thread 0x0000028c795f85a0 Thread added: 0x0000028c795f85a0
Event: 8.828 Thread 0x0000028c7b83a020 Thread added: 0x0000028c7b83a020
Event: 9.340 Thread 0x0000028c795f5300 Thread added: 0x0000028c795f5300
Event: 9.345 Thread 0x0000028c795f9ef0 Thread added: 0x0000028c795f9ef0
Event: 10.022 Thread 0x0000028c7bae3b50 Thread added: 0x0000028c7bae3b50
Event: 11.352 Thread 0x0000028c79d54970 Thread exited: 0x0000028c79d54970


Dynamic libraries:
0x00007ff6ebd10000 - 0x00007ff6ebd1e000 	c:\Users\Tanmoy\.vscode\extensions\redhat.java-1.35.1-win32-x64\jre\17.0.12-win32-x86_64\bin\java.exe
0x00007ffc35f50000 - 0x00007ffc36148000 	C:\Windows\SYSTEM32\ntdll.dll
0x00007ffc34c80000 - 0x00007ffc34d41000 	C:\Windows\System32\KERNEL32.DLL
0x00007ffc33a00000 - 0x00007ffc33cfd000 	C:\Windows\System32\KERNELBASE.dll
0x00007ffc2e6e0000 - 0x00007ffc2e774000 	C:\Windows\SYSTEM32\apphelp.dll
0x00007ffc33db0000 - 0x00007ffc33eb0000 	C:\Windows\System32\ucrtbase.dll
0x00007ffc183d0000 - 0x00007ffc183e7000 	c:\Users\Tanmoy\.vscode\extensions\redhat.java-1.35.1-win32-x64\jre\17.0.12-win32-x86_64\bin\jli.dll
0x00007ffc35cc0000 - 0x00007ffc35e5d000 	C:\Windows\System32\USER32.dll
0x00007ffc19cd0000 - 0x00007ffc19ceb000 	c:\Users\Tanmoy\.vscode\extensions\redhat.java-1.35.1-win32-x64\jre\17.0.12-win32-x86_64\bin\VCRUNTIME140.dll
0x00007ffc33eb0000 - 0x00007ffc33ed2000 	C:\Windows\System32\win32u.dll
0x00007ffc35040000 - 0x00007ffc3506b000 	C:\Windows\System32\GDI32.dll
0x00007ffc33840000 - 0x00007ffc33957000 	C:\Windows\System32\gdi32full.dll
0x00007ffc33960000 - 0x00007ffc339fd000 	C:\Windows\System32\msvcp_win.dll
0x00007ffc1b860000 - 0x00007ffc1bafa000 	C:\Windows\WinSxS\amd64_microsoft.windows.common-controls_6595b64144ccf1df_6.0.19041.4355_none_60b8b9eb71f62e16\COMCTL32.dll
0x00007ffc351b0000 - 0x00007ffc3524e000 	C:\Windows\System32\msvcrt.dll
0x00007ffc35770000 - 0x00007ffc3579f000 	C:\Windows\System32\IMM32.DLL
0x00007ffc27520000 - 0x00007ffc2752c000 	c:\Users\Tanmoy\.vscode\extensions\redhat.java-1.35.1-win32-x64\jre\17.0.12-win32-x86_64\bin\vcruntime140_1.dll
0x00007ffbedfe0000 - 0x00007ffbee06d000 	c:\Users\Tanmoy\.vscode\extensions\redhat.java-1.35.1-win32-x64\jre\17.0.12-win32-x86_64\bin\msvcp140.dll
0x00007ffbcd9f0000 - 0x00007ffbce65a000 	c:\Users\Tanmoy\.vscode\extensions\redhat.java-1.35.1-win32-x64\jre\17.0.12-win32-x86_64\bin\server\jvm.dll
0x00007ffc357a0000 - 0x00007ffc35850000 	C:\Windows\System32\ADVAPI32.dll
0x00007ffc34de0000 - 0x00007ffc34e80000 	C:\Windows\System32\sechost.dll
0x00007ffc34ac0000 - 0x00007ffc34be3000 	C:\Windows\System32\RPCRT4.dll
0x00007ffc33ee0000 - 0x00007ffc33f07000 	C:\Windows\System32\bcrypt.dll
0x00007ffc35070000 - 0x00007ffc350db000 	C:\Windows\System32\WS2_32.dll
0x00007ffc2e4c0000 - 0x00007ffc2e4ca000 	C:\Windows\SYSTEM32\VERSION.dll
0x00007ffc28110000 - 0x00007ffc28137000 	C:\Windows\SYSTEM32\WINMM.dll
0x00007ffc32b80000 - 0x00007ffc32bcb000 	C:\Windows\SYSTEM32\POWRPROF.dll
0x00007ffc329f0000 - 0x00007ffc32a02000 	C:\Windows\SYSTEM32\UMPDC.dll
0x00007ffc31480000 - 0x00007ffc31492000 	C:\Windows\SYSTEM32\kernel.appcore.dll
0x00007ffc230a0000 - 0x00007ffc230aa000 	c:\Users\Tanmoy\.vscode\extensions\redhat.java-1.35.1-win32-x64\jre\17.0.12-win32-x86_64\bin\jimage.dll
0x00007ffc26670000 - 0x00007ffc26854000 	C:\Windows\SYSTEM32\DBGHELP.DLL
0x00007ffc15df0000 - 0x00007ffc15e24000 	C:\Windows\SYSTEM32\dbgcore.DLL
0x00007ffc33600000 - 0x00007ffc33682000 	C:\Windows\System32\bcryptPrimitives.dll
0x00007ffc23030000 - 0x00007ffc2303e000 	c:\Users\Tanmoy\.vscode\extensions\redhat.java-1.35.1-win32-x64\jre\17.0.12-win32-x86_64\bin\instrument.dll
0x00007ffc0afb0000 - 0x00007ffc0afd5000 	c:\Users\Tanmoy\.vscode\extensions\redhat.java-1.35.1-win32-x64\jre\17.0.12-win32-x86_64\bin\java.dll
0x00007ffc0fe30000 - 0x00007ffc0fe48000 	c:\Users\Tanmoy\.vscode\extensions\redhat.java-1.35.1-win32-x64\jre\17.0.12-win32-x86_64\bin\zip.dll
0x00007ffc34340000 - 0x00007ffc34aaf000 	C:\Windows\System32\SHELL32.dll
0x00007ffc31680000 - 0x00007ffc31e1f000 	C:\Windows\SYSTEM32\windows.storage.dll
0x00007ffc33f80000 - 0x00007ffc342d3000 	C:\Windows\System32\combase.dll
0x00007ffc33020000 - 0x00007ffc3304e000 	C:\Windows\SYSTEM32\Wldp.dll
0x00007ffc350e0000 - 0x00007ffc351ad000 	C:\Windows\System32\OLEAUT32.dll
0x00007ffc35250000 - 0x00007ffc352fd000 	C:\Windows\System32\SHCORE.dll
0x00007ffc342e0000 - 0x00007ffc34335000 	C:\Windows\System32\shlwapi.dll
0x00007ffc33530000 - 0x00007ffc33554000 	C:\Windows\SYSTEM32\profapi.dll
0x00007ffc098b0000 - 0x00007ffc098c9000 	C:\Users\Tanmoy\.vscode\extensions\redhat.java-1.35.1-win32-x64\jre\17.0.12-win32-x86_64\bin\net.dll
0x00007ffc2bb60000 - 0x00007ffc2bc6d000 	C:\Windows\SYSTEM32\WINHTTP.dll
0x00007ffc32d80000 - 0x00007ffc32dea000 	C:\Windows\system32\mswsock.dll
0x00007ffc09890000 - 0x00007ffc098a6000 	C:\Users\Tanmoy\.vscode\extensions\redhat.java-1.35.1-win32-x64\jre\17.0.12-win32-x86_64\bin\nio.dll
0x00007ffc1ed90000 - 0x00007ffc1eda0000 	c:\Users\Tanmoy\.vscode\extensions\redhat.java-1.35.1-win32-x64\jre\17.0.12-win32-x86_64\bin\verify.dll
0x00007ffc05db0000 - 0x00007ffc05df5000 	C:\Users\Tanmoy\AppData\Roaming\Code\User\globalStorage\redhat.java\1.35.1\config_ss_win\org.eclipse.equinox.launcher\org.eclipse.equinox.launcher.win32.win32.x86_64_1.2.1100.v20240722-2106\eclipse_11904.dll
0x00007ffc35480000 - 0x00007ffc355ab000 	C:\Windows\System32\ole32.dll
0x00007ffc32f80000 - 0x00007ffc32f98000 	C:\Windows\SYSTEM32\CRYPTSP.dll
0x00007ffc32630000 - 0x00007ffc32664000 	C:\Windows\system32\rsaenh.dll
0x00007ffc334a0000 - 0x00007ffc334ce000 	C:\Windows\SYSTEM32\USERENV.dll
0x00007ffc32f70000 - 0x00007ffc32f7c000 	C:\Windows\SYSTEM32\CRYPTBASE.dll
0x00007ffc32a10000 - 0x00007ffc32a4b000 	C:\Windows\SYSTEM32\IPHLPAPI.DLL
0x00007ffc34d50000 - 0x00007ffc34d58000 	C:\Windows\System32\NSI.dll
0x00007ffc2c900000 - 0x00007ffc2c917000 	C:\Windows\SYSTEM32\dhcpcsvc6.DLL
0x00007ffc2e410000 - 0x00007ffc2e42d000 	C:\Windows\SYSTEM32\dhcpcsvc.DLL
0x00007ffc32a50000 - 0x00007ffc32b1a000 	C:\Windows\SYSTEM32\DNSAPI.dll
0x00007ffc05cb0000 - 0x00007ffc05cf9000 	C:\Users\Tanmoy\AppData\Local\Temp\jna--1797151754\jna2123839136442952311.dll
0x00007ffc34ab0000 - 0x00007ffc34ab8000 	C:\Windows\System32\PSAPI.DLL

dbghelp: loaded successfully - version: 4.0.5 - missing functions: none
symbol engine: initialized successfully - sym options: 0x614 - pdb path: .;c:\Users\Tanmoy\.vscode\extensions\redhat.java-1.35.1-win32-x64\jre\17.0.12-win32-x86_64\bin;C:\Windows\SYSTEM32;C:\Windows\WinSxS\amd64_microsoft.windows.common-controls_6595b64144ccf1df_6.0.19041.4355_none_60b8b9eb71f62e16;c:\Users\Tanmoy\.vscode\extensions\redhat.java-1.35.1-win32-x64\jre\17.0.12-win32-x86_64\bin\server;C:\Users\Tanmoy\AppData\Roaming\Code\User\globalStorage\redhat.java\1.35.1\config_ss_win\org.eclipse.equinox.launcher\org.eclipse.equinox.launcher.win32.win32.x86_64_1.2.1100.v20240722-2106;C:\Users\Tanmoy\AppData\Local\Temp\jna--1797151754

VM Arguments:
jvm_args: --add-modules=ALL-SYSTEM --add-opens=java.base/java.util=ALL-UNNAMED --add-opens=java.base/java.lang=ALL-UNNAMED --add-opens=java.base/sun.nio.fs=ALL-UNNAMED -Declipse.application=org.eclipse.jdt.ls.core.id1 -Dosgi.bundles.defaultStartLevel=4 -Declipse.product=org.eclipse.jdt.ls.core.product -Djava.import.generatesMetadataFilesAtProjectRoot=false -DDetectVMInstallationsJob.disabled=true -Dfile.encoding=utf8 -XX:+UseParallelGC -XX:GCTimeRatio=4 -XX:AdaptiveSizePolicyWeight=90 -Dsun.zip.disableMemoryMapping=true -Xmx1G -Xms100m -Xlog:disable -javaagent:c:\Users\Tanmoy\.vscode\extensions\redhat.java-1.35.1-win32-x64\lombok\lombok-1.18.33.jar 
java_command: c:\Users\Tanmoy\.vscode\extensions\redhat.java-1.35.1-win32-x64\server\plugins\org.eclipse.equinox.launcher_1.6.900.v20240613-2009.jar -configuration c:\Users\Tanmoy\AppData\Roaming\Code\User\globalStorage\redhat.java\1.35.1\config_ss_win -data c:\Users\Tanmoy\AppData\Roaming\Code\User\workspaceStorage\184b04e5a2089e87458e5613a067ce45\redhat.java\ss_ws --pipe=\\.\pipe\lsp-5a695026f7d789c0d9e08ce5f70332f1-sock
java_class_path (initial): c:\Users\Tanmoy\.vscode\extensions\redhat.java-1.35.1-win32-x64\server\plugins\org.eclipse.equinox.launcher_1.6.900.v20240613-2009.jar
Launcher Type: SUN_STANDARD

[Global flags]
    uintx AdaptiveSizePolicyWeight                 = 90                                        {product} {command line}
     intx CICompilerCount                          = 4                                         {product} {ergonomic}
    uintx GCTimeRatio                              = 4                                         {product} {command line}
   size_t InitialHeapSize                          = 104857600                                 {product} {command line}
   size_t MaxHeapSize                              = 1073741824                                {product} {command line}
   size_t MaxNewSize                               = 357564416                                 {product} {ergonomic}
   size_t MinHeapDeltaBytes                        = 524288                                    {product} {ergonomic}
   size_t MinHeapSize                              = 104857600                                 {product} {command line}
   size_t NewSize                                  = 34603008                                  {product} {ergonomic}
    uintx NonNMethodCodeHeapSize                   = 5839372                                {pd product} {ergonomic}
    uintx NonProfiledCodeHeapSize                  = 122909434                              {pd product} {ergonomic}
   size_t OldSize                                  = 70254592                                  {product} {ergonomic}
    uintx ProfiledCodeHeapSize                     = 122909434                              {pd product} {ergonomic}
    uintx ReservedCodeCacheSize                    = 251658240                              {pd product} {ergonomic}
     bool SegmentedCodeCache                       = true                                      {product} {ergonomic}
   size_t SoftMaxHeapSize                          = 1073741824                             {manageable} {ergonomic}
     bool UseCompressedClassPointers               = true                           {product lp64_product} {ergonomic}
     bool UseCompressedOops                        = true                           {product lp64_product} {ergonomic}
     bool UseLargePagesIndividualAllocation        = false                                  {pd product} {ergonomic}
     bool UseParallelGC                            = true                                      {product} {command line}

Logging:
Log output configuration:
 #0: stdout all=off uptime,level,tags
 #1: stderr all=off uptime,level,tags

Environment Variables:
JAVA_HOME=C:\Program Files\Java\jdk-21
CLASSPATH=C:\Program Files\Java\jdk-21\mysql-connector-j-9.0.0.jar;.;
PATH=F:\WINDOWS.X64_193000_db_home\bin;C:\Program Files\Common Files\Oracle\Java\javapath;C:\Python311\Scripts\;C:\Python311\;C:\Windows\system32;C:\Windows;C:\Windows\System32\Wbem;C:\Windows\System32\WindowsPowerShell\v1.0\;C:\Windows\System32\OpenSSH\;C:\Program Files\php-8.2.9;F:\;C:\ProgramData\chocolatey\bin;C:\Program Files\MongoDB\mongosh-1.10.6-win32-x64\bin;C:\Program Files\Java\jdk-21\bin;C:\MinGW\bin;F:\Git\cmd;C:\Program Files\MySQL\MySQL Server 8.0\bin;C:\Program Files\MySQL\MySQL Shell 8.0\bin\;C:\Users\Tanmoy\AppData\Local\Microsoft\WindowsApps;F:\Microsoft VS Code\bin;C:\Users\Tanmoy\AppData\Roaming\npm;C:\ProgramData\Tanmoy\GitHubDesktop\bin;C:\Python311;C:\Python311\Scripts
USERNAME=Tanmoy
OS=Windows_NT
PROCESSOR_IDENTIFIER=AMD64 Family 23 Model 24 Stepping 1, AuthenticAMD
TMP=C:\Users\Tanmoy\AppData\Local\Temp
TEMP=C:\Users\Tanmoy\AppData\Local\Temp



Periodic native trim disabled


---------------  S Y S T E M  ---------------

OS:
 Windows 10 , 64 bit Build 19041 (10.0.19041.4717)
OS uptime: 1 days 2:05 hours

CPU: total 8 (initial active 8) (8 cores per cpu, 2 threads per core) family 23 model 24 stepping 1 microcode 0x0, cx8, cmov, fxsr, ht, mmx, 3dnowpref, sse, sse2, sse3, ssse3, sse4a, sse4.1, sse4.2, popcnt, lzcnt, tsc, tscinvbit, avx, avx2, aes, clmul, bmi1, bmi2, adx, sha, fma, vzeroupper, clflush, clflushopt
Processor Information for all 8 processors :
  Max Mhz: 2100, Current Mhz: 2100, Mhz Limit: 2100

Memory: 4k page, system-wide physical 14213M (5571M free)
TotalPageFile size 16261M (AvailPageFile size 2M)
current process WorkingSet (physical memory assigned to process): 189M, peak: 189M
current process commit charge ("private bytes"): 280M, peak: 280M

vm_info: OpenJDK 64-Bit Server VM (17.0.12+7) for windows-amd64 JRE (17.0.12+7), built on Jul 16 2024 22:08:24 by "admin" with MS VC++ 16.10 / 16.11 (VS2019)

END.
